INFO - 2024-04-30 16:14:55 --> Session: Class initialized using 'CodeIgniter\Session\Handlers\FileHandler' driver.
INFO - 2024-04-30 16:15:05 --> Session: Class initialized using 'CodeIgniter\Session\Handlers\FileHandler' driver.
INFO - 2024-04-30 16:16:13 --> Session: Class initialized using 'CodeIgniter\Session\Handlers\FileHandler' driver.
INFO - 2024-04-30 16:25:55 --> Session: Class initialized using 'CodeIgniter\Session\Handlers\FileHandler' driver.
INFO - 2024-04-30 16:26:57 --> Session: Class initialized using 'CodeIgniter\Session\Handlers\FileHandler' driver.
INFO - 2024-04-30 16:27:53 --> Session: Class initialized using 'CodeIgniter\Session\Handlers\FileHandler' driver.
INFO - 2024-04-30 16:27:58 --> Session: Class initialized using 'CodeIgniter\Session\Handlers\FileHandler' driver.
INFO - 2024-04-30 16:27:59 --> Session: Class initialized using 'CodeIgniter\Session\Handlers\FileHandler' driver.
INFO - 2024-04-30 16:28:00 --> Session: Class initialized using 'CodeIgniter\Session\Handlers\FileHandler' driver.
INFO - 2024-04-30 16:28:01 --> Session: Class initialized using 'CodeIgniter\Session\Handlers\FileHandler' driver.
INFO - 2024-04-30 16:28:01 --> Session: Class initialized using 'CodeIgniter\Session\Handlers\FileHandler' driver.
INFO - 2024-04-30 16:28:26 --> Session: Class initialized using 'CodeIgniter\Session\Handlers\FileHandler' driver.
INFO - 2024-04-30 16:28:28 --> Session: Class initialized using 'CodeIgniter\Session\Handlers\FileHandler' driver.
INFO - 2024-04-30 16:28:28 --> Session: Class initialized using 'CodeIgniter\Session\Handlers\FileHandler' driver.
INFO - 2024-04-30 16:28:29 --> Session: Class initialized using 'CodeIgniter\Session\Handlers\FileHandler' driver.
INFO - 2024-04-30 16:28:33 --> Session: Class initialized using 'CodeIgniter\Session\Handlers\FileHandler' driver.
INFO - 2024-04-30 16:28:50 --> Session: Class initialized using 'CodeIgniter\Session\Handlers\FileHandler' driver.
INFO - 2024-04-30 16:29:00 --> Session: Class initialized using 'CodeIgniter\Session\Handlers\FileHandler' driver.
INFO - 2024-04-30 16:29:24 --> Session: Class initialized using 'CodeIgniter\Session\Handlers\FileHandler' driver.
INFO - 2024-04-30 16:29:43 --> Session: Class initialized using 'CodeIgniter\Session\Handlers\FileHandler' driver.
INFO - 2024-04-30 16:30:17 --> Session: Class initialized using 'CodeIgniter\Session\Handlers\FileHandler' driver.
INFO - 2024-04-30 16:30:21 --> Session: Class initialized using 'CodeIgniter\Session\Handlers\FileHandler' driver.
INFO - 2024-04-30 16:30:48 --> Session: Class initialized using 'CodeIgniter\Session\Handlers\FileHandler' driver.
INFO - 2024-04-30 16:31:23 --> Session: Class initialized using 'CodeIgniter\Session\Handlers\FileHandler' driver.
INFO - 2024-04-30 16:32:08 --> Session: Class initialized using 'CodeIgniter\Session\Handlers\FileHandler' driver.
INFO - 2024-04-30 16:32:45 --> Session: Class initialized using 'CodeIgniter\Session\Handlers\FileHandler' driver.
INFO - 2024-04-30 16:33:10 --> Session: Class initialized using 'CodeIgniter\Session\Handlers\FileHandler' driver.
INFO - 2024-04-30 16:33:55 --> Session: Class initialized using 'CodeIgniter\Session\Handlers\FileHandler' driver.
INFO - 2024-04-30 16:35:47 --> Session: Class initialized using 'CodeIgniter\Session\Handlers\FileHandler' driver.
INFO - 2024-04-30 16:36:24 --> Session: Class initialized using 'CodeIgniter\Session\Handlers\FileHandler' driver.
INFO - 2024-04-30 16:36:57 --> Session: Class initialized using 'CodeIgniter\Session\Handlers\FileHandler' driver.
INFO - 2024-04-30 16:37:32 --> Session: Class initialized using 'CodeIgniter\Session\Handlers\FileHandler' driver.
INFO - 2024-04-30 16:41:02 --> Session: Class initialized using 'CodeIgniter\Session\Handlers\FileHandler' driver.
INFO - 2024-04-30 16:41:10 --> Session: Class initialized using 'CodeIgniter\Session\Handlers\FileHandler' driver.
INFO - 2024-04-30 16:41:30 --> Session: Class initialized using 'CodeIgniter\Session\Handlers\FileHandler' driver.
INFO - 2024-04-30 16:42:17 --> Session: Class initialized using 'CodeIgniter\Session\Handlers\FileHandler' driver.
INFO - 2024-04-30 16:42:42 --> Session: Class initialized using 'CodeIgniter\Session\Handlers\FileHandler' driver.
INFO - 2024-04-30 16:44:55 --> Session: Class initialized using 'CodeIgniter\Session\Handlers\FileHandler' driver.
INFO - 2024-04-30 16:45:02 --> Session: Class initialized using 'CodeIgniter\Session\Handlers\FileHandler' driver.
INFO - 2024-04-30 16:45:21 --> Session: Class initialized using 'CodeIgniter\Session\Handlers\FileHandler' driver.
INFO - 2024-04-30 16:45:41 --> Session: Class initialized using 'CodeIgniter\Session\Handlers\FileHandler' driver.
INFO - 2024-04-30 16:46:49 --> Session: Class initialized using 'CodeIgniter\Session\Handlers\FileHandler' driver.
INFO - 2024-04-30 16:48:29 --> Session: Class initialized using 'CodeIgniter\Session\Handlers\FileHandler' driver.
INFO - 2024-04-30 16:48:29 --> Session: Class initialized using 'CodeIgniter\Session\Handlers\FileHandler' driver.
INFO - 2024-04-30 16:48:33 --> Session: Class initialized using 'CodeIgniter\Session\Handlers\FileHandler' driver.
INFO - 2024-04-30 16:48:53 --> Session: Class initialized using 'CodeIgniter\Session\Handlers\FileHandler' driver.
INFO - 2024-04-30 16:48:53 --> Session: Class initialized using 'CodeIgniter\Session\Handlers\FileHandler' driver.
INFO - 2024-04-30 16:49:01 --> Session: Class initialized using 'CodeIgniter\Session\Handlers\FileHandler' driver.
INFO - 2024-04-30 16:49:17 --> Session: Class initialized using 'CodeIgniter\Session\Handlers\FileHandler' driver.
INFO - 2024-04-30 16:49:17 --> Session: Class initialized using 'CodeIgniter\Session\Handlers\FileHandler' driver.
INFO - 2024-04-30 16:49:38 --> Session: Class initialized using 'CodeIgniter\Session\Handlers\FileHandler' driver.
INFO - 2024-04-30 16:49:38 --> Session: Class initialized using 'CodeIgniter\Session\Handlers\FileHandler' driver.
INFO - 2024-04-30 16:50:23 --> Session: Class initialized using 'CodeIgniter\Session\Handlers\FileHandler' driver.
INFO - 2024-04-30 16:50:23 --> Session: Class initialized using 'CodeIgniter\Session\Handlers\FileHandler' driver.
INFO - 2024-04-30 16:52:15 --> Session: Class initialized using 'CodeIgniter\Session\Handlers\FileHandler' driver.
INFO - 2024-04-30 16:52:15 --> Session: Class initialized using 'CodeIgniter\Session\Handlers\FileHandler' driver.
INFO - 2024-04-30 16:52:51 --> Session: Class initialized using 'CodeIgniter\Session\Handlers\FileHandler' driver.
INFO - 2024-04-30 16:52:51 --> Session: Class initialized using 'CodeIgniter\Session\Handlers\FileHandler' driver.
INFO - 2024-04-30 16:53:19 --> Session: Class initialized using 'CodeIgniter\Session\Handlers\FileHandler' driver.
INFO - 2024-04-30 16:54:40 --> Session: Class initialized using 'CodeIgniter\Session\Handlers\FileHandler' driver.
INFO - 2024-04-30 16:55:31 --> Session: Class initialized using 'CodeIgniter\Session\Handlers\FileHandler' driver.
CRITICAL - 2024-04-30 16:55:36 --> CodeIgniter\HTTP\Exceptions\BadRequestException: The URI you submitted has disallowed characters: "' . base_url('productos"
in SYSTEMPATH\Router\Router.php on line 704.
 1 SYSTEMPATH\Router\Router.php(195): CodeIgniter\Router\Router->checkDisallowedChars('colecciones/\' . base_url(\'productos/whey-protein-2lbs\') . \'')
 2 SYSTEMPATH\CodeIgniter.php(825): CodeIgniter\Router\Router->handle('colecciones/\' . base_url(\'productos/whey-protein-2lbs\') . \'')
 3 SYSTEMPATH\CodeIgniter.php(450): CodeIgniter\CodeIgniter->tryToRouteIt(Object(CodeIgniter\Router\RouteCollection))
 4 SYSTEMPATH\CodeIgniter.php(361): CodeIgniter\CodeIgniter->handleRequest(null, Object(Config\Cache), false)
 5 FCPATH\index.php(79): CodeIgniter\CodeIgniter->run()
INFO - 2024-04-30 16:55:43 --> Session: Class initialized using 'CodeIgniter\Session\Handlers\FileHandler' driver.
CRITICAL - 2024-04-30 16:56:36 --> CodeIgniter\HTTP\Exceptions\BadRequestException: The URI you submitted has disallowed characters: "' . base_url('productos"
in SYSTEMPATH\Router\Router.php on line 704.
 1 SYSTEMPATH\Router\Router.php(195): CodeIgniter\Router\Router->checkDisallowedChars('colecciones/\' . base_url(\'productos/whey-protein-2lbs\') . \'')
 2 SYSTEMPATH\CodeIgniter.php(825): CodeIgniter\Router\Router->handle('colecciones/\' . base_url(\'productos/whey-protein-2lbs\') . \'')
 3 SYSTEMPATH\CodeIgniter.php(450): CodeIgniter\CodeIgniter->tryToRouteIt(Object(CodeIgniter\Router\RouteCollection))
 4 SYSTEMPATH\CodeIgniter.php(361): CodeIgniter\CodeIgniter->handleRequest(null, Object(Config\Cache), false)
 5 FCPATH\index.php(79): CodeIgniter\CodeIgniter->run()
INFO - 2024-04-30 16:56:38 --> Session: Class initialized using 'CodeIgniter\Session\Handlers\FileHandler' driver.
INFO - 2024-04-30 16:56:39 --> Session: Class initialized using 'CodeIgniter\Session\Handlers\FileHandler' driver.
INFO - 2024-04-30 17:19:57 --> Session: Class initialized using 'CodeIgniter\Session\Handlers\FileHandler' driver.
CRITICAL - 2024-04-30 17:19:59 --> TypeError: substr(): Argument #3 ($length) must be of type ?int, string given
in APPPATH\Controllers\Productos.php on line 33.
 1 APPPATH\Controllers\Productos.php(33): substr('whey-protein-2lbs', 0, '2lbs')
 2 SYSTEMPATH\CodeIgniter.php(943): App\Controllers\Productos->verProducto('whey-protein-2lbs')
 3 SYSTEMPATH\CodeIgniter.php(503): CodeIgniter\CodeIgniter->runController(Object(App\Controllers\Productos))
 4 SYSTEMPATH\CodeIgniter.php(361): CodeIgniter\CodeIgniter->handleRequest(null, Object(Config\Cache), false)
 5 FCPATH\index.php(79): CodeIgniter\CodeIgniter->run()
INFO - 2024-04-30 17:22:07 --> Session: Class initialized using 'CodeIgniter\Session\Handlers\FileHandler' driver.
INFO - 2024-04-30 17:22:08 --> Session: Class initialized using 'CodeIgniter\Session\Handlers\FileHandler' driver.
INFO - 2024-04-30 17:22:22 --> Session: Class initialized using 'CodeIgniter\Session\Handlers\FileHandler' driver.
INFO - 2024-04-30 17:24:33 --> Session: Class initialized using 'CodeIgniter\Session\Handlers\FileHandler' driver.
INFO - 2024-04-30 17:24:42 --> Session: Class initialized using 'CodeIgniter\Session\Handlers\FileHandler' driver.
INFO - 2024-04-30 17:25:53 --> Session: Class initialized using 'CodeIgniter\Session\Handlers\FileHandler' driver.
INFO - 2024-04-30 17:26:17 --> Session: Class initialized using 'CodeIgniter\Session\Handlers\FileHandler' driver.
INFO - 2024-04-30 17:26:18 --> Session: Class initialized using 'CodeIgniter\Session\Handlers\FileHandler' driver.
INFO - 2024-04-30 17:27:22 --> Session: Class initialized using 'CodeIgniter\Session\Handlers\FileHandler' driver.
CRITICAL - 2024-04-30 17:27:22 --> ErrorException: Undefined array key "precio"
in APPPATH\Views\front\productos.php on line 29.
 1 APPPATH\Views\front\productos.php(29): CodeIgniter\Debug\Exceptions->errorHandler(2, 'Undefined array key "precio"', 'C:\\xampp\\htdocs\\Proyecto_Coronel_Juan\\app\\Views\\front\\productos.php', 29)
 2 SYSTEMPATH\View\View.php(228): include('C:\\xampp\\htdocs\\Proyecto_Coronel_Juan\\app\\Views\\front\\productos.php')
 3 SYSTEMPATH\View\View.php(231): CodeIgniter\View\View->CodeIgniter\View\{closure}()
 4 SYSTEMPATH\Common.php(1178): CodeIgniter\View\View->render('front/productos', [], true)
 5 APPPATH\Controllers\BaseController.php(68): view('front/productos', [...])
 6 APPPATH\Controllers\Productos.php(27): App\Controllers\BaseController->cargarVista('productos', [...])
 7 SYSTEMPATH\CodeIgniter.php(943): App\Controllers\Productos->index('todos-los-productos')
 8 SYSTEMPATH\CodeIgniter.php(503): CodeIgniter\CodeIgniter->runController(Object(App\Controllers\Productos))
 9 SYSTEMPATH\CodeIgniter.php(361): CodeIgniter\CodeIgniter->handleRequest(null, Object(Config\Cache), false)
10 FCPATH\index.php(79): CodeIgniter\CodeIgniter->run()
INFO - 2024-04-30 17:27:29 --> Session: Class initialized using 'CodeIgniter\Session\Handlers\FileHandler' driver.
INFO - 2024-04-30 17:28:03 --> Session: Class initialized using 'CodeIgniter\Session\Handlers\FileHandler' driver.
INFO - 2024-04-30 17:28:07 --> Session: Class initialized using 'CodeIgniter\Session\Handlers\FileHandler' driver.
INFO - 2024-04-30 17:29:26 --> Session: Class initialized using 'CodeIgniter\Session\Handlers\FileHandler' driver.
INFO - 2024-04-30 17:29:44 --> Session: Class initialized using 'CodeIgniter\Session\Handlers\FileHandler' driver.
INFO - 2024-04-30 17:29:45 --> Session: Class initialized using 'CodeIgniter\Session\Handlers\FileHandler' driver.
INFO - 2024-04-30 17:30:24 --> Session: Class initialized using 'CodeIgniter\Session\Handlers\FileHandler' driver.
INFO - 2024-04-30 17:30:27 --> Session: Class initialized using 'CodeIgniter\Session\Handlers\FileHandler' driver.
INFO - 2024-04-30 17:30:28 --> Session: Class initialized using 'CodeIgniter\Session\Handlers\FileHandler' driver.
INFO - 2024-04-30 17:31:29 --> Session: Class initialized using 'CodeIgniter\Session\Handlers\FileHandler' driver.
INFO - 2024-04-30 17:31:29 --> Session: Class initialized using 'CodeIgniter\Session\Handlers\FileHandler' driver.
INFO - 2024-04-30 17:31:56 --> Session: Class initialized using 'CodeIgniter\Session\Handlers\FileHandler' driver.
INFO - 2024-04-30 17:31:56 --> Session: Class initialized using 'CodeIgniter\Session\Handlers\FileHandler' driver.
INFO - 2024-04-30 17:32:00 --> Session: Class initialized using 'CodeIgniter\Session\Handlers\FileHandler' driver.
INFO - 2024-04-30 17:32:02 --> Session: Class initialized using 'CodeIgniter\Session\Handlers\FileHandler' driver.
INFO - 2024-04-30 17:32:03 --> Session: Class initialized using 'CodeIgniter\Session\Handlers\FileHandler' driver.
INFO - 2024-04-30 17:32:43 --> Session: Class initialized using 'CodeIgniter\Session\Handlers\FileHandler' driver.
INFO - 2024-04-30 17:32:44 --> Session: Class initialized using 'CodeIgniter\Session\Handlers\FileHandler' driver.
INFO - 2024-04-30 17:32:45 --> Session: Class initialized using 'CodeIgniter\Session\Handlers\FileHandler' driver.
INFO - 2024-04-30 17:32:45 --> Session: Class initialized using 'CodeIgniter\Session\Handlers\FileHandler' driver.
INFO - 2024-04-30 17:32:46 --> Session: Class initialized using 'CodeIgniter\Session\Handlers\FileHandler' driver.
INFO - 2024-04-30 17:32:47 --> Session: Class initialized using 'CodeIgniter\Session\Handlers\FileHandler' driver.
CRITICAL - 2024-04-30 17:34:27 --> TypeError: substr(): Argument #1 ($string) must be of type string, array given
in APPPATH\Controllers\Productos.php on line 34.
 1 APPPATH\Controllers\Productos.php(34): substr([...], 0, 2)
 2 SYSTEMPATH\CodeIgniter.php(943): App\Controllers\Productos->verProducto('proteina-2kg-ena2-18')
 3 SYSTEMPATH\CodeIgniter.php(503): CodeIgniter\CodeIgniter->runController(Object(App\Controllers\Productos))
 4 SYSTEMPATH\CodeIgniter.php(361): CodeIgniter\CodeIgniter->handleRequest(null, Object(Config\Cache), false)
 5 FCPATH\index.php(79): CodeIgniter\CodeIgniter->run()
INFO - 2024-04-30 17:35:45 --> Session: Class initialized using 'CodeIgniter\Session\Handlers\FileHandler' driver.
INFO - 2024-04-30 17:35:46 --> Session: Class initialized using 'CodeIgniter\Session\Handlers\FileHandler' driver.
INFO - 2024-04-30 17:35:46 --> Session: Class initialized using 'CodeIgniter\Session\Handlers\FileHandler' driver.
INFO - 2024-04-30 17:36:30 --> Session: Class initialized using 'CodeIgniter\Session\Handlers\FileHandler' driver.
INFO - 2024-04-30 17:36:31 --> Session: Class initialized using 'CodeIgniter\Session\Handlers\FileHandler' driver.
INFO - 2024-04-30 17:36:44 --> Session: Class initialized using 'CodeIgniter\Session\Handlers\FileHandler' driver.
INFO - 2024-04-30 17:36:44 --> Session: Class initialized using 'CodeIgniter\Session\Handlers\FileHandler' driver.
INFO - 2024-04-30 17:36:49 --> Session: Class initialized using 'CodeIgniter\Session\Handlers\FileHandler' driver.
INFO - 2024-04-30 17:36:50 --> Session: Class initialized using 'CodeIgniter\Session\Handlers\FileHandler' driver.
INFO - 2024-04-30 17:37:12 --> Session: Class initialized using 'CodeIgniter\Session\Handlers\FileHandler' driver.
INFO - 2024-04-30 17:37:13 --> Session: Class initialized using 'CodeIgniter\Session\Handlers\FileHandler' driver.
INFO - 2024-04-30 17:38:40 --> Session: Class initialized using 'CodeIgniter\Session\Handlers\FileHandler' driver.
INFO - 2024-04-30 17:38:48 --> Session: Class initialized using 'CodeIgniter\Session\Handlers\FileHandler' driver.
INFO - 2024-04-30 17:38:56 --> Session: Class initialized using 'CodeIgniter\Session\Handlers\FileHandler' driver.
INFO - 2024-04-30 17:39:35 --> Session: Class initialized using 'CodeIgniter\Session\Handlers\FileHandler' driver.
INFO - 2024-04-30 17:39:44 --> Session: Class initialized using 'CodeIgniter\Session\Handlers\FileHandler' driver.
INFO - 2024-04-30 17:39:52 --> Session: Class initialized using 'CodeIgniter\Session\Handlers\FileHandler' driver.
INFO - 2024-04-30 17:40:21 --> Session: Class initialized using 'CodeIgniter\Session\Handlers\FileHandler' driver.
INFO - 2024-04-30 17:40:23 --> Session: Class initialized using 'CodeIgniter\Session\Handlers\FileHandler' driver.
INFO - 2024-04-30 17:40:28 --> Session: Class initialized using 'CodeIgniter\Session\Handlers\FileHandler' driver.
INFO - 2024-04-30 17:41:12 --> Session: Class initialized using 'CodeIgniter\Session\Handlers\FileHandler' driver.
CRITICAL - 2024-04-30 17:41:12 --> ErrorException: Undefined array key "nombre_marca"
in APPPATH\Views\front\detalles_productos.php on line 32.
 1 APPPATH\Views\front\detalles_productos.php(32): CodeIgniter\Debug\Exceptions->errorHandler(2, 'Undefined array key "nombre_marca"', 'C:\\xampp\\htdocs\\Proyecto_Coronel_Juan\\app\\Views\\front\\detalles_productos.php', 32)
 2 SYSTEMPATH\View\View.php(228): include('C:\\xampp\\htdocs\\Proyecto_Coronel_Juan\\app\\Views\\front\\detalles_productos.php')
 3 SYSTEMPATH\View\View.php(231): CodeIgniter\View\View->CodeIgniter\View\{closure}()
 4 SYSTEMPATH\Common.php(1178): CodeIgniter\View\View->render('front/detalles_productos', [], true)
 5 APPPATH\Controllers\BaseController.php(68): view('front/detalles_productos', [...])
 6 APPPATH\Controllers\Productos.php(39): App\Controllers\BaseController->cargarVista('detalles_productos', [...])
 7 SYSTEMPATH\CodeIgniter.php(943): App\Controllers\Productos->verProducto([...])
 8 SYSTEMPATH\CodeIgniter.php(503): CodeIgniter\CodeIgniter->runController(Object(App\Controllers\Productos))
 9 SYSTEMPATH\CodeIgniter.php(361): CodeIgniter\CodeIgniter->handleRequest(null, Object(Config\Cache), false)
10 FCPATH\index.php(79): CodeIgniter\CodeIgniter->run()
INFO - 2024-04-30 17:42:23 --> Session: Class initialized using 'CodeIgniter\Session\Handlers\FileHandler' driver.
CRITICAL - 2024-04-30 17:42:23 --> ErrorException: Undefined array key "nombre_marca"
in APPPATH\Views\front\detalles_productos.php on line 32.
 1 APPPATH\Views\front\detalles_productos.php(32): CodeIgniter\Debug\Exceptions->errorHandler(2, 'Undefined array key "nombre_marca"', 'C:\\xampp\\htdocs\\Proyecto_Coronel_Juan\\app\\Views\\front\\detalles_productos.php', 32)
 2 SYSTEMPATH\View\View.php(228): include('C:\\xampp\\htdocs\\Proyecto_Coronel_Juan\\app\\Views\\front\\detalles_productos.php')
 3 SYSTEMPATH\View\View.php(231): CodeIgniter\View\View->CodeIgniter\View\{closure}()
 4 SYSTEMPATH\Common.php(1178): CodeIgniter\View\View->render('front/detalles_productos', [], true)
 5 APPPATH\Controllers\BaseController.php(68): view('front/detalles_productos', [...])
 6 APPPATH\Controllers\Productos.php(39): App\Controllers\BaseController->cargarVista('detalles_productos', [...])
 7 SYSTEMPATH\CodeIgniter.php(943): App\Controllers\Productos->verProducto([...])
 8 SYSTEMPATH\CodeIgniter.php(503): CodeIgniter\CodeIgniter->runController(Object(App\Controllers\Productos))
 9 SYSTEMPATH\CodeIgniter.php(361): CodeIgniter\CodeIgniter->handleRequest(null, Object(Config\Cache), false)
10 FCPATH\index.php(79): CodeIgniter\CodeIgniter->run()
INFO - 2024-04-30 17:44:07 --> Session: Class initialized using 'CodeIgniter\Session\Handlers\FileHandler' driver.
CRITICAL - 2024-04-30 17:44:07 --> TypeError: ucwords(): Argument #1 ($string) must be of type string, array given
in APPPATH\Views\templates\header.php on line 8.
 1 APPPATH\Views\templates\header.php(8): ucwords([...])
 2 SYSTEMPATH\View\View.php(228): include('C:\\xampp\\htdocs\\Proyecto_Coronel_Juan\\app\\Views\\templates\\header.php')
 3 SYSTEMPATH\View\View.php(231): CodeIgniter\View\View->CodeIgniter\View\{closure}()
 4 SYSTEMPATH\Common.php(1178): CodeIgniter\View\View->render('templates/header', [], true)
 5 APPPATH\Controllers\BaseController.php(67): view('templates/header', [...])
 6 APPPATH\Controllers\Productos.php(38): App\Controllers\BaseController->cargarVista('detalles_productos', [...])
 7 SYSTEMPATH\CodeIgniter.php(943): App\Controllers\Productos->verProducto([...])
 8 SYSTEMPATH\CodeIgniter.php(503): CodeIgniter\CodeIgniter->runController(Object(App\Controllers\Productos))
 9 SYSTEMPATH\CodeIgniter.php(361): CodeIgniter\CodeIgniter->handleRequest(null, Object(Config\Cache), false)
10 FCPATH\index.php(79): CodeIgniter\CodeIgniter->run()
CRITICAL - 2024-04-30 17:44:35 --> ErrorException: Undefined variable $productos
in APPPATH\Controllers\Productos.php on line 35.
 1 APPPATH\Controllers\Productos.php(35): CodeIgniter\Debug\Exceptions->errorHandler(2, 'Undefined variable $productos', 'C:\\xampp\\htdocs\\Proyecto_Coronel_Juan\\app\\Controllers\\Productos.php', 35)
 2 SYSTEMPATH\CodeIgniter.php(943): App\Controllers\Productos->verProducto([...])
 3 SYSTEMPATH\CodeIgniter.php(503): CodeIgniter\CodeIgniter->runController(Object(App\Controllers\Productos))
 4 SYSTEMPATH\CodeIgniter.php(361): CodeIgniter\CodeIgniter->handleRequest(null, Object(Config\Cache), false)
 5 FCPATH\index.php(79): CodeIgniter\CodeIgniter->run()
INFO - 2024-04-30 17:44:53 --> Session: Class initialized using 'CodeIgniter\Session\Handlers\FileHandler' driver.
INFO - 2024-04-30 17:48:17 --> Session: Class initialized using 'CodeIgniter\Session\Handlers\FileHandler' driver.
CRITICAL - 2024-04-30 17:48:17 --> ErrorException: Undefined variable $produco
in APPPATH\Views\front\detalles_productos.php on line 19.
 1 APPPATH\Views\front\detalles_productos.php(19): CodeIgniter\Debug\Exceptions->errorHandler(2, 'Undefined variable $produco', 'C:\\xampp\\htdocs\\Proyecto_Coronel_Juan\\app\\Views\\front\\detalles_productos.php', 19)
 2 SYSTEMPATH\View\View.php(228): include('C:\\xampp\\htdocs\\Proyecto_Coronel_Juan\\app\\Views\\front\\detalles_productos.php')
 3 SYSTEMPATH\View\View.php(231): CodeIgniter\View\View->CodeIgniter\View\{closure}()
 4 SYSTEMPATH\Common.php(1178): CodeIgniter\View\View->render('front/detalles_productos', [], true)
 5 APPPATH\Controllers\BaseController.php(68): view('front/detalles_productos', [...])
 6 APPPATH\Controllers\Productos.php(38): App\Controllers\BaseController->cargarVista('detalles_productos', [...])
 7 SYSTEMPATH\CodeIgniter.php(943): App\Controllers\Productos->verProducto('proteina-whey-22kg-ena2-19')
 8 SYSTEMPATH\CodeIgniter.php(503): CodeIgniter\CodeIgniter->runController(Object(App\Controllers\Productos))
 9 SYSTEMPATH\CodeIgniter.php(361): CodeIgniter\CodeIgniter->handleRequest(null, Object(Config\Cache), false)
10 FCPATH\index.php(79): CodeIgniter\CodeIgniter->run()
INFO - 2024-04-30 17:48:40 --> Session: Class initialized using 'CodeIgniter\Session\Handlers\FileHandler' driver.
CRITICAL - 2024-04-30 17:48:40 --> TypeError: Unsupported operand types: string - int
in APPPATH\Views\front\detalles_productos.php on line 19.
 1 SYSTEMPATH\View\View.php(228): include()
 2 SYSTEMPATH\View\View.php(231): CodeIgniter\View\View->CodeIgniter\View\{closure}()
 3 SYSTEMPATH\Common.php(1178): CodeIgniter\View\View->render('front/detalles_productos', [], true)
 4 APPPATH\Controllers\BaseController.php(68): view('front/detalles_productos', [...])
 5 APPPATH\Controllers\Productos.php(38): App\Controllers\BaseController->cargarVista('detalles_productos', [...])
 6 SYSTEMPATH\CodeIgniter.php(943): App\Controllers\Productos->verProducto('proteina-whey-22kg-ena2-19')
 7 SYSTEMPATH\CodeIgniter.php(503): CodeIgniter\CodeIgniter->runController(Object(App\Controllers\Productos))
 8 SYSTEMPATH\CodeIgniter.php(361): CodeIgniter\CodeIgniter->handleRequest(null, Object(Config\Cache), false)
 9 FCPATH\index.php(79): CodeIgniter\CodeIgniter->run()
INFO - 2024-04-30 17:49:40 --> Session: Class initialized using 'CodeIgniter\Session\Handlers\FileHandler' driver.
INFO - 2024-04-30 17:49:53 --> Session: Class initialized using 'CodeIgniter\Session\Handlers\FileHandler' driver.
CRITICAL - 2024-04-30 17:49:53 --> Error: Call to undefined function strsubstr()
in APPPATH\Views\front\detalles_productos.php on line 19.
 1 SYSTEMPATH\View\View.php(228): include()
 2 SYSTEMPATH\View\View.php(231): CodeIgniter\View\View->CodeIgniter\View\{closure}()
 3 SYSTEMPATH\Common.php(1178): CodeIgniter\View\View->render('front/detalles_productos', [], true)
 4 APPPATH\Controllers\BaseController.php(68): view('front/detalles_productos', [...])
 5 APPPATH\Controllers\Productos.php(38): App\Controllers\BaseController->cargarVista('detalles_productos', [...])
 6 SYSTEMPATH\CodeIgniter.php(943): App\Controllers\Productos->verProducto('proteina-whey-22kg-ena2-19')
 7 SYSTEMPATH\CodeIgniter.php(503): CodeIgniter\CodeIgniter->runController(Object(App\Controllers\Productos))
 8 SYSTEMPATH\CodeIgniter.php(361): CodeIgniter\CodeIgniter->handleRequest(null, Object(Config\Cache), false)
 9 FCPATH\index.php(79): CodeIgniter\CodeIgniter->run()
INFO - 2024-04-30 17:50:41 --> Session: Class initialized using 'CodeIgniter\Session\Handlers\FileHandler' driver.
INFO - 2024-04-30 17:50:58 --> Session: Class initialized using 'CodeIgniter\Session\Handlers\FileHandler' driver.
INFO - 2024-04-30 17:51:26 --> Session: Class initialized using 'CodeIgniter\Session\Handlers\FileHandler' driver.
INFO - 2024-04-30 17:51:33 --> Session: Class initialized using 'CodeIgniter\Session\Handlers\FileHandler' driver.
INFO - 2024-04-30 17:51:36 --> Session: Class initialized using 'CodeIgniter\Session\Handlers\FileHandler' driver.
INFO - 2024-04-30 17:52:08 --> Session: Class initialized using 'CodeIgniter\Session\Handlers\FileHandler' driver.
INFO - 2024-04-30 17:53:14 --> Session: Class initialized using 'CodeIgniter\Session\Handlers\FileHandler' driver.
INFO - 2024-04-30 17:53:16 --> Session: Class initialized using 'CodeIgniter\Session\Handlers\FileHandler' driver.
CRITICAL - 2024-04-30 17:53:16 --> ErrorException: Undefined array key "nombre_unidad"
in APPPATH\Views\front\detalles_productos.php on line 1.
 1 APPPATH\Views\front\detalles_productos.php(1): CodeIgniter\Debug\Exceptions->errorHandler(2, 'Undefined array key "nombre_unidad"', 'C:\\xampp\\htdocs\\Proyecto_Coronel_Juan\\app\\Views\\front\\detalles_productos.php', 1)
 2 SYSTEMPATH\View\View.php(228): include('C:\\xampp\\htdocs\\Proyecto_Coronel_Juan\\app\\Views\\front\\detalles_productos.php')
 3 SYSTEMPATH\View\View.php(231): CodeIgniter\View\View->CodeIgniter\View\{closure}()
 4 SYSTEMPATH\Common.php(1178): CodeIgniter\View\View->render('front/detalles_productos', [], true)
 5 APPPATH\Controllers\BaseController.php(68): view('front/detalles_productos', [...])
 6 APPPATH\Controllers\Productos.php(38): App\Controllers\BaseController->cargarVista('detalles_productos', [...])
 7 SYSTEMPATH\CodeIgniter.php(943): App\Controllers\Productos->verProducto('proteina-2kg-ena-18')
 8 SYSTEMPATH\CodeIgniter.php(503): CodeIgniter\CodeIgniter->runController(Object(App\Controllers\Productos))
 9 SYSTEMPATH\CodeIgniter.php(361): CodeIgniter\CodeIgniter->handleRequest(null, Object(Config\Cache), false)
10 FCPATH\index.php(79): CodeIgniter\CodeIgniter->run()
INFO - 2024-04-30 17:54:52 --> Session: Class initialized using 'CodeIgniter\Session\Handlers\FileHandler' driver.
INFO - 2024-04-30 17:55:27 --> Session: Class initialized using 'CodeIgniter\Session\Handlers\FileHandler' driver.
INFO - 2024-04-30 17:55:57 --> Session: Class initialized using 'CodeIgniter\Session\Handlers\FileHandler' driver.
INFO - 2024-04-30 17:56:03 --> Session: Class initialized using 'CodeIgniter\Session\Handlers\FileHandler' driver.
INFO - 2024-04-30 17:57:11 --> Session: Class initialized using 'CodeIgniter\Session\Handlers\FileHandler' driver.
INFO - 2024-04-30 17:57:15 --> Session: Class initialized using 'CodeIgniter\Session\Handlers\FileHandler' driver.
INFO - 2024-04-30 17:57:18 --> Session: Class initialized using 'CodeIgniter\Session\Handlers\FileHandler' driver.
INFO - 2024-04-30 17:57:20 --> Session: Class initialized using 'CodeIgniter\Session\Handlers\FileHandler' driver.
INFO - 2024-04-30 17:57:24 --> Session: Class initialized using 'CodeIgniter\Session\Handlers\FileHandler' driver.
INFO - 2024-04-30 17:57:26 --> Session: Class initialized using 'CodeIgniter\Session\Handlers\FileHandler' driver.
INFO - 2024-04-30 17:59:21 --> Session: Class initialized using 'CodeIgniter\Session\Handlers\FileHandler' driver.
INFO - 2024-04-30 17:59:23 --> Session: Class initialized using 'CodeIgniter\Session\Handlers\FileHandler' driver.
INFO - 2024-04-30 17:59:25 --> Session: Class initialized using 'CodeIgniter\Session\Handlers\FileHandler' driver.
INFO - 2024-04-30 18:00:16 --> Session: Class initialized using 'CodeIgniter\Session\Handlers\FileHandler' driver.
INFO - 2024-04-30 18:00:19 --> Session: Class initialized using 'CodeIgniter\Session\Handlers\FileHandler' driver.
INFO - 2024-04-30 18:00:46 --> Session: Class initialized using 'CodeIgniter\Session\Handlers\FileHandler' driver.
INFO - 2024-04-30 18:00:52 --> Session: Class initialized using 'CodeIgniter\Session\Handlers\FileHandler' driver.
INFO - 2024-04-30 18:01:03 --> Session: Class initialized using 'CodeIgniter\Session\Handlers\FileHandler' driver.
INFO - 2024-04-30 18:01:07 --> Session: Class initialized using 'CodeIgniter\Session\Handlers\FileHandler' driver.
INFO - 2024-04-30 18:01:11 --> Session: Class initialized using 'CodeIgniter\Session\Handlers\FileHandler' driver.
INFO - 2024-04-30 18:01:12 --> Session: Class initialized using 'CodeIgniter\Session\Handlers\FileHandler' driver.
INFO - 2024-04-30 18:01:16 --> Session: Class initialized using 'CodeIgniter\Session\Handlers\FileHandler' driver.
INFO - 2024-04-30 18:01:17 --> Session: Class initialized using 'CodeIgniter\Session\Handlers\FileHandler' driver.
INFO - 2024-04-30 18:01:20 --> Session: Class initialized using 'CodeIgniter\Session\Handlers\FileHandler' driver.
INFO - 2024-04-30 18:01:21 --> Session: Class initialized using 'CodeIgniter\Session\Handlers\FileHandler' driver.
INFO - 2024-04-30 18:01:36 --> Session: Class initialized using 'CodeIgniter\Session\Handlers\FileHandler' driver.
INFO - 2024-04-30 18:01:40 --> Session: Class initialized using 'CodeIgniter\Session\Handlers\FileHandler' driver.
INFO - 2024-04-30 18:01:42 --> Session: Class initialized using 'CodeIgniter\Session\Handlers\FileHandler' driver.
INFO - 2024-04-30 18:01:57 --> Session: Class initialized using 'CodeIgniter\Session\Handlers\FileHandler' driver.
INFO - 2024-04-30 18:02:01 --> Session: Class initialized using 'CodeIgniter\Session\Handlers\FileHandler' driver.
INFO - 2024-04-30 18:02:02 --> Session: Class initialized using 'CodeIgniter\Session\Handlers\FileHandler' driver.
INFO - 2024-04-30 18:02:17 --> Session: Class initialized using 'CodeIgniter\Session\Handlers\FileHandler' driver.
INFO - 2024-04-30 18:02:29 --> Session: Class initialized using 'CodeIgniter\Session\Handlers\FileHandler' driver.
INFO - 2024-04-30 18:02:46 --> Session: Class initialized using 'CodeIgniter\Session\Handlers\FileHandler' driver.
INFO - 2024-04-30 18:02:50 --> Session: Class initialized using 'CodeIgniter\Session\Handlers\FileHandler' driver.
INFO - 2024-04-30 18:03:16 --> Session: Class initialized using 'CodeIgniter\Session\Handlers\FileHandler' driver.
INFO - 2024-04-30 18:03:18 --> Session: Class initialized using 'CodeIgniter\Session\Handlers\FileHandler' driver.
INFO - 2024-04-30 20:54:09 --> Session: Class initialized using 'CodeIgniter\Session\Handlers\FileHandler' driver.
INFO - 2024-04-30 20:54:32 --> Session: Class initialized using 'CodeIgniter\Session\Handlers\FileHandler' driver.
INFO - 2024-04-30 20:54:39 --> Session: Class initialized using 'CodeIgniter\Session\Handlers\FileHandler' driver.
INFO - 2024-04-30 20:55:18 --> Session: Class initialized using 'CodeIgniter\Session\Handlers\FileHandler' driver.
INFO - 2024-04-30 20:55:34 --> Session: Class initialized using 'CodeIgniter\Session\Handlers\FileHandler' driver.
INFO - 2024-04-30 20:55:46 --> Session: Class initialized using 'CodeIgniter\Session\Handlers\FileHandler' driver.
INFO - 2024-04-30 20:55:49 --> Session: Class initialized using 'CodeIgniter\Session\Handlers\FileHandler' driver.
INFO - 2024-04-30 20:56:00 --> Session: Class initialized using 'CodeIgniter\Session\Handlers\FileHandler' driver.
INFO - 2024-04-30 20:56:00 --> Session: Class initialized using 'CodeIgniter\Session\Handlers\FileHandler' driver.
INFO - 2024-04-30 20:56:02 --> Session: Class initialized using 'CodeIgniter\Session\Handlers\FileHandler' driver.
INFO - 2024-04-30 20:56:10 --> Session: Class initialized using 'CodeIgniter\Session\Handlers\FileHandler' driver.
INFO - 2024-04-30 20:56:10 --> Session: Class initialized using 'CodeIgniter\Session\Handlers\FileHandler' driver.
INFO - 2024-04-30 20:56:18 --> Session: Class initialized using 'CodeIgniter\Session\Handlers\FileHandler' driver.
INFO - 2024-04-30 20:56:18 --> Session: Class initialized using 'CodeIgniter\Session\Handlers\FileHandler' driver.
INFO - 2024-04-30 20:56:23 --> Session: Class initialized using 'CodeIgniter\Session\Handlers\FileHandler' driver.
INFO - 2024-04-30 20:56:30 --> Session: Class initialized using 'CodeIgniter\Session\Handlers\FileHandler' driver.
INFO - 2024-04-30 20:56:30 --> Session: Class initialized using 'CodeIgniter\Session\Handlers\FileHandler' driver.
INFO - 2024-04-30 20:56:41 --> Session: Class initialized using 'CodeIgniter\Session\Handlers\FileHandler' driver.
CRITICAL - 2024-04-30 20:56:41 --> ErrorException: Undefined variable $usuario
in APPPATH\Views\templates\header.php on line 57.
 1 APPPATH\Views\templates\header.php(57): CodeIgniter\Debug\Exceptions->errorHandler(2, 'Undefined variable $usuario', 'C:\\xampp\\htdocs\\Proyecto_Coronel_Juan\\app\\Views\\templates\\header.php', 57)
 2 SYSTEMPATH\View\View.php(228): include('C:\\xampp\\htdocs\\Proyecto_Coronel_Juan\\app\\Views\\templates\\header.php')
 3 SYSTEMPATH\View\View.php(231): CodeIgniter\View\View->CodeIgniter\View\{closure}()
 4 SYSTEMPATH\Common.php(1178): CodeIgniter\View\View->render('templates/header', [], true)
 5 APPPATH\Config\Routes.php(10): view('templates/header', [...])
 6 SYSTEMPATH\CodeIgniter.php(963): CodeIgniter\Router\RouteCollection->{closure}('Can\'t find a route for \'get: registrase\'.')
 7 SYSTEMPATH\CodeIgniter.php(370): CodeIgniter\CodeIgniter->display404errors(Object(CodeIgniter\Exceptions\PageNotFoundException))
 8 FCPATH\index.php(79): CodeIgniter\CodeIgniter->run()
INFO - 2024-04-30 20:56:46 --> Session: Class initialized using 'CodeIgniter\Session\Handlers\FileHandler' driver.
INFO - 2024-04-30 20:56:53 --> Session: Class initialized using 'CodeIgniter\Session\Handlers\FileHandler' driver.
INFO - 2024-04-30 20:56:53 --> Session: Class initialized using 'CodeIgniter\Session\Handlers\FileHandler' driver.
INFO - 2024-04-30 20:56:59 --> Session: Class initialized using 'CodeIgniter\Session\Handlers\FileHandler' driver.
CRITICAL - 2024-04-30 20:56:59 --> ErrorException: Undefined variable $usuario
in APPPATH\Views\templates\header.php on line 57.
 1 APPPATH\Views\templates\header.php(57): CodeIgniter\Debug\Exceptions->errorHandler(2, 'Undefined variable $usuario', 'C:\\xampp\\htdocs\\Proyecto_Coronel_Juan\\app\\Views\\templates\\header.php', 57)
 2 SYSTEMPATH\View\View.php(228): include('C:\\xampp\\htdocs\\Proyecto_Coronel_Juan\\app\\Views\\templates\\header.php')
 3 SYSTEMPATH\View\View.php(231): CodeIgniter\View\View->CodeIgniter\View\{closure}()
 4 SYSTEMPATH\Common.php(1178): CodeIgniter\View\View->render('templates/header', [], true)
 5 APPPATH\Config\Routes.php(10): view('templates/header', [...])
 6 SYSTEMPATH\CodeIgniter.php(963): CodeIgniter\Router\RouteCollection->{closure}('Can\'t find a route for \'get: cr3rr\'.')
 7 SYSTEMPATH\CodeIgniter.php(370): CodeIgniter\CodeIgniter->display404errors(Object(CodeIgniter\Exceptions\PageNotFoundException))
 8 FCPATH\index.php(79): CodeIgniter\CodeIgniter->run()
INFO - 2024-04-30 20:57:03 --> Session: Class initialized using 'CodeIgniter\Session\Handlers\FileHandler' driver.
CRITICAL - 2024-04-30 20:57:03 --> ErrorException: Undefined variable $usuario
in APPPATH\Views\templates\header.php on line 57.
 1 APPPATH\Views\templates\header.php(57): CodeIgniter\Debug\Exceptions->errorHandler(2, 'Undefined variable $usuario', 'C:\\xampp\\htdocs\\Proyecto_Coronel_Juan\\app\\Views\\templates\\header.php', 57)
 2 SYSTEMPATH\View\View.php(228): include('C:\\xampp\\htdocs\\Proyecto_Coronel_Juan\\app\\Views\\templates\\header.php')
 3 SYSTEMPATH\View\View.php(231): CodeIgniter\View\View->CodeIgniter\View\{closure}()
 4 SYSTEMPATH\Common.php(1178): CodeIgniter\View\View->render('templates/header', [], true)
 5 APPPATH\Config\Routes.php(10): view('templates/header', [...])
 6 SYSTEMPATH\CodeIgniter.php(963): CodeIgniter\Router\RouteCollection->{closure}('Can\'t find a route for \'get: cr3rr\'.')
 7 SYSTEMPATH\CodeIgniter.php(370): CodeIgniter\CodeIgniter->display404errors(Object(CodeIgniter\Exceptions\PageNotFoundException))
 8 FCPATH\index.php(79): CodeIgniter\CodeIgniter->run()
INFO - 2024-04-30 20:57:10 --> Session: Class initialized using 'CodeIgniter\Session\Handlers\FileHandler' driver.
INFO - 2024-04-30 20:57:16 --> Session: Class initialized using 'CodeIgniter\Session\Handlers\FileHandler' driver.
INFO - 2024-04-30 20:57:24 --> Session: Class initialized using 'CodeIgniter\Session\Handlers\FileHandler' driver.
INFO - 2024-04-30 20:57:54 --> Session: Class initialized using 'CodeIgniter\Session\Handlers\FileHandler' driver.
INFO - 2024-04-30 20:57:57 --> Session: Class initialized using 'CodeIgniter\Session\Handlers\FileHandler' driver.
INFO - 2024-04-30 20:58:13 --> Session: Class initialized using 'CodeIgniter\Session\Handlers\FileHandler' driver.
INFO - 2024-04-30 20:58:16 --> Session: Class initialized using 'CodeIgniter\Session\Handlers\FileHandler' driver.
INFO - 2024-04-30 20:58:42 --> Session: Class initialized using 'CodeIgniter\Session\Handlers\FileHandler' driver.
INFO - 2024-04-30 20:58:54 --> Session: Class initialized using 'CodeIgniter\Session\Handlers\FileHandler' driver.
INFO - 2024-04-30 20:59:12 --> Session: Class initialized using 'CodeIgniter\Session\Handlers\FileHandler' driver.
CRITICAL - 2024-04-30 20:59:12 --> ErrorException: Trying to access array offset on value of type null
in APPPATH\Views\front\detalles_productos.php on line 1.
 1 APPPATH\Views\front\detalles_productos.php(1): CodeIgniter\Debug\Exceptions->errorHandler(2, 'Trying to access array offset on value of type null', 'C:\\xampp\\htdocs\\Proyecto_Coronel_Juan\\app\\Views\\front\\detalles_productos.php', 1)
 2 SYSTEMPATH\View\View.php(228): include('C:\\xampp\\htdocs\\Proyecto_Coronel_Juan\\app\\Views\\front\\detalles_productos.php')
 3 SYSTEMPATH\View\View.php(231): CodeIgniter\View\View->CodeIgniter\View\{closure}()
 4 SYSTEMPATH\Common.php(1178): CodeIgniter\View\View->render('front/detalles_productos', [], true)
 5 APPPATH\Controllers\BaseController.php(68): view('front/detalles_productos', [...])
 6 APPPATH\Controllers\Productos.php(38): App\Controllers\BaseController->cargarVista('detalles_productos', [...])
 7 SYSTEMPATH\CodeIgniter.php(943): App\Controllers\Productos->verProducto('todos-los-productos')
 8 SYSTEMPATH\CodeIgniter.php(503): CodeIgniter\CodeIgniter->runController(Object(App\Controllers\Productos))
 9 SYSTEMPATH\CodeIgniter.php(361): CodeIgniter\CodeIgniter->handleRequest(null, Object(Config\Cache), false)
10 FCPATH\index.php(79): CodeIgniter\CodeIgniter->run()
INFO - 2024-04-30 20:59:33 --> Session: Class initialized using 'CodeIgniter\Session\Handlers\FileHandler' driver.
INFO - 2024-04-30 20:59:37 --> Session: Class initialized using 'CodeIgniter\Session\Handlers\FileHandler' driver.
INFO - 2024-04-30 20:59:53 --> Session: Class initialized using 'CodeIgniter\Session\Handlers\FileHandler' driver.
INFO - 2024-04-30 21:00:50 --> Session: Class initialized using 'CodeIgniter\Session\Handlers\FileHandler' driver.
INFO - 2024-04-30 21:00:54 --> Session: Class initialized using 'CodeIgniter\Session\Handlers\FileHandler' driver.
INFO - 2024-04-30 21:01:02 --> Session: Class initialized using 'CodeIgniter\Session\Handlers\FileHandler' driver.
INFO - 2024-04-30 21:01:20 --> Session: Class initialized using 'CodeIgniter\Session\Handlers\FileHandler' driver.
INFO - 2024-04-30 21:01:24 --> Session: Class initialized using 'CodeIgniter\Session\Handlers\FileHandler' driver.
INFO - 2024-04-30 21:01:35 --> Session: Class initialized using 'CodeIgniter\Session\Handlers\FileHandler' driver.
INFO - 2024-04-30 21:02:07 --> Session: Class initialized using 'CodeIgniter\Session\Handlers\FileHandler' driver.
INFO - 2024-04-30 21:02:12 --> Session: Class initialized using 'CodeIgniter\Session\Handlers\FileHandler' driver.
INFO - 2024-04-30 21:03:57 --> Session: Class initialized using 'CodeIgniter\Session\Handlers\FileHandler' driver.
INFO - 2024-04-30 21:05:11 --> Session: Class initialized using 'CodeIgniter\Session\Handlers\FileHandler' driver.
INFO - 2024-04-30 21:05:14 --> Session: Class initialized using 'CodeIgniter\Session\Handlers\FileHandler' driver.
INFO - 2024-04-30 21:05:16 --> Session: Class initialized using 'CodeIgniter\Session\Handlers\FileHandler' driver.
INFO - 2024-04-30 21:05:20 --> Session: Class initialized using 'CodeIgniter\Session\Handlers\FileHandler' driver.
INFO - 2024-04-30 21:05:22 --> Session: Class initialized using 'CodeIgniter\Session\Handlers\FileHandler' driver.
INFO - 2024-04-30 21:05:24 --> Session: Class initialized using 'CodeIgniter\Session\Handlers\FileHandler' driver.
INFO - 2024-04-30 21:05:25 --> Session: Class initialized using 'CodeIgniter\Session\Handlers\FileHandler' driver.
ERROR - 2024-04-30 21:06:53 --> mysqli_sql_exception: Unknown column 'productos.activo =' in 'field list' in C:\xampp\htdocs\Proyecto_Coronel_Juan\system\Database\MySQLi\Connection.php:306
Stack trace:
#0 C:\xampp\htdocs\Proyecto_Coronel_Juan\system\Database\MySQLi\Connection.php(306): mysqli->query('SELECT `product...', 0)
#1 C:\xampp\htdocs\Proyecto_Coronel_Juan\system\Database\BaseConnection.php(693): CodeIgniter\Database\MySQLi\Connection->execute('SELECT `product...')
#2 C:\xampp\htdocs\Proyecto_Coronel_Juan\system\Database\BaseConnection.php(607): CodeIgniter\Database\BaseConnection->simpleQuery('SELECT `product...')
#3 C:\xampp\htdocs\Proyecto_Coronel_Juan\system\Database\BaseBuilder.php(1616): CodeIgniter\Database\BaseConnection->query('SELECT `product...', Array, false)
#4 C:\xampp\htdocs\Proyecto_Coronel_Juan\system\Model.php(243): CodeIgniter\Database\BaseBuilder->get()
#5 C:\xampp\htdocs\Proyecto_Coronel_Juan\system\BaseModel.php(638): CodeIgniter\Model->doFindAll(0, 0)
#6 C:\xampp\htdocs\Proyecto_Coronel_Juan\app\Models\ProductosModel.php(66): CodeIgniter\BaseModel->findAll()
#7 C:\xampp\htdocs\Proyecto_Coronel_Juan\app\Controllers\Productos.php(26): App\Models\ProductosModel->obtenerProductosConDetalles()
#8 C:\xampp\htdocs\Proyecto_Coronel_Juan\system\CodeIgniter.php(943): App\Controllers\Productos->index('todos-los-produ...')
#9 C:\xampp\htdocs\Proyecto_Coronel_Juan\system\CodeIgniter.php(503): CodeIgniter\CodeIgniter->runController(Object(App\Controllers\Productos))
#10 C:\xampp\htdocs\Proyecto_Coronel_Juan\system\CodeIgniter.php(361): CodeIgniter\CodeIgniter->handleRequest(NULL, Object(Config\Cache), false)
#11 C:\xampp\htdocs\Proyecto_Coronel_Juan\index.php(79): CodeIgniter\CodeIgniter->run()
#12 {main}
CRITICAL - 2024-04-30 21:06:53 --> CodeIgniter\Database\Exceptions\DatabaseException: Unknown column 'productos.activo =' in 'field list'
in SYSTEMPATH\Database\BaseConnection.php on line 647.
 1 SYSTEMPATH\Database\BaseBuilder.php(1616): CodeIgniter\Database\BaseConnection->query('SELECT `productos`.`activo =` `0*`, CASE WHEN categorias.activo = 0 THEN "No posee" ELSE IFNULL(categorias.nombre, "No posee") END AS nombre_categoria, CASE WHEN marcas.activo = 0 THEN "No posee" ELSE IFNULL(marcas.nombre, "No posee") END AS nombre_marca, CASE WHEN unidades.activo = 0 THEN "No posee" ELSE IFNULL(unidades.nombre_corto, "No posee") END AS nombre_unidad
FROM `productos`
LEFT JOIN `categorias` ON `productos`.`id_categoria` = `categorias`.`id`
LEFT JOIN `marcas` ON `productos`.`id_marca` = `marcas`.`id`
LEFT JOIN `unidades` ON `productos`.`id_unidad` = `unidades`.`id`', [], false)
 2 SYSTEMPATH\Model.php(243): CodeIgniter\Database\BaseBuilder->get()
 3 SYSTEMPATH\BaseModel.php(638): CodeIgniter\Model->doFindAll(0, 0)
 4 APPPATH\Models\ProductosModel.php(66): CodeIgniter\BaseModel->findAll()
 5 APPPATH\Controllers\Productos.php(26): App\Models\ProductosModel->obtenerProductosConDetalles()
 6 SYSTEMPATH\CodeIgniter.php(943): App\Controllers\Productos->index('todos-los-productos')
 7 SYSTEMPATH\CodeIgniter.php(503): CodeIgniter\CodeIgniter->runController(Object(App\Controllers\Productos))
 8 SYSTEMPATH\CodeIgniter.php(361): CodeIgniter\CodeIgniter->handleRequest(null, Object(Config\Cache), false)
 9 FCPATH\index.php(79): CodeIgniter\CodeIgniter->run()
CRITICAL - 2024-04-30 21:06:53 --> [Caused by] CodeIgniter\Database\Exceptions\DatabaseException: Unknown column 'productos.activo =' in 'field list'
in SYSTEMPATH\Database\MySQLi\Connection.php on line 311.
 1 SYSTEMPATH\Database\BaseConnection.php(693): CodeIgniter\Database\MySQLi\Connection->execute('SELECT `productos`.`activo =` `0*`, CASE WHEN categorias.activo = 0 THEN "No posee" ELSE IFNULL(categorias.nombre, "No posee") END AS nombre_categoria, CASE WHEN marcas.activo = 0 THEN "No posee" ELSE IFNULL(marcas.nombre, "No posee") END AS nombre_marca, CASE WHEN unidades.activo = 0 THEN "No posee" ELSE IFNULL(unidades.nombre_corto, "No posee") END AS nombre_unidad
FROM `productos`
LEFT JOIN `categorias` ON `productos`.`id_categoria` = `categorias`.`id`
LEFT JOIN `marcas` ON `productos`.`id_marca` = `marcas`.`id`
LEFT JOIN `unidades` ON `productos`.`id_unidad` = `unidades`.`id`')
 2 SYSTEMPATH\Database\BaseConnection.php(607): CodeIgniter\Database\BaseConnection->simpleQuery('SELECT `productos`.`activo =` `0*`, CASE WHEN categorias.activo = 0 THEN "No posee" ELSE IFNULL(categorias.nombre, "No posee") END AS nombre_categoria, CASE WHEN marcas.activo = 0 THEN "No posee" ELSE IFNULL(marcas.nombre, "No posee") END AS nombre_marca, CASE WHEN unidades.activo = 0 THEN "No posee" ELSE IFNULL(unidades.nombre_corto, "No posee") END AS nombre_unidad
FROM `productos`
LEFT JOIN `categorias` ON `productos`.`id_categoria` = `categorias`.`id`
LEFT JOIN `marcas` ON `productos`.`id_marca` = `marcas`.`id`
LEFT JOIN `unidades` ON `productos`.`id_unidad` = `unidades`.`id`')
 3 SYSTEMPATH\Database\BaseBuilder.php(1616): CodeIgniter\Database\BaseConnection->query('SELECT `productos`.`activo =` `0*`, CASE WHEN categorias.activo = 0 THEN "No posee" ELSE IFNULL(categorias.nombre, "No posee") END AS nombre_categoria, CASE WHEN marcas.activo = 0 THEN "No posee" ELSE IFNULL(marcas.nombre, "No posee") END AS nombre_marca, CASE WHEN unidades.activo = 0 THEN "No posee" ELSE IFNULL(unidades.nombre_corto, "No posee") END AS nombre_unidad
FROM `productos`
LEFT JOIN `categorias` ON `productos`.`id_categoria` = `categorias`.`id`
LEFT JOIN `marcas` ON `productos`.`id_marca` = `marcas`.`id`
LEFT JOIN `unidades` ON `productos`.`id_unidad` = `unidades`.`id`', [], false)
 4 SYSTEMPATH\Model.php(243): CodeIgniter\Database\BaseBuilder->get()
 5 SYSTEMPATH\BaseModel.php(638): CodeIgniter\Model->doFindAll(0, 0)
 6 APPPATH\Models\ProductosModel.php(66): CodeIgniter\BaseModel->findAll()
 7 APPPATH\Controllers\Productos.php(26): App\Models\ProductosModel->obtenerProductosConDetalles()
 8 SYSTEMPATH\CodeIgniter.php(943): App\Controllers\Productos->index('todos-los-productos')
 9 SYSTEMPATH\CodeIgniter.php(503): CodeIgniter\CodeIgniter->runController(Object(App\Controllers\Productos))
10 SYSTEMPATH\CodeIgniter.php(361): CodeIgniter\CodeIgniter->handleRequest(null, Object(Config\Cache), false)
11 FCPATH\index.php(79): CodeIgniter\CodeIgniter->run()
CRITICAL - 2024-04-30 21:06:53 --> [Caused by] mysqli_sql_exception: Unknown column 'productos.activo =' in 'field list'
in SYSTEMPATH\Database\MySQLi\Connection.php on line 306.
 1 SYSTEMPATH\Database\MySQLi\Connection.php(306): mysqli->query('SELECT `productos`.`activo =` `0*`, CASE WHEN categorias.activo = 0 THEN "No posee" ELSE IFNULL(categorias.nombre, "No posee") END AS nombre_categoria, CASE WHEN marcas.activo = 0 THEN "No posee" ELSE IFNULL(marcas.nombre, "No posee") END AS nombre_marca, CASE WHEN unidades.activo = 0 THEN "No posee" ELSE IFNULL(unidades.nombre_corto, "No posee") END AS nombre_unidad
FROM `productos`
LEFT JOIN `categorias` ON `productos`.`id_categoria` = `categorias`.`id`
LEFT JOIN `marcas` ON `productos`.`id_marca` = `marcas`.`id`
LEFT JOIN `unidades` ON `productos`.`id_unidad` = `unidades`.`id`', 0)
 2 SYSTEMPATH\Database\BaseConnection.php(693): CodeIgniter\Database\MySQLi\Connection->execute('SELECT `productos`.`activo =` `0*`, CASE WHEN categorias.activo = 0 THEN "No posee" ELSE IFNULL(categorias.nombre, "No posee") END AS nombre_categoria, CASE WHEN marcas.activo = 0 THEN "No posee" ELSE IFNULL(marcas.nombre, "No posee") END AS nombre_marca, CASE WHEN unidades.activo = 0 THEN "No posee" ELSE IFNULL(unidades.nombre_corto, "No posee") END AS nombre_unidad
FROM `productos`
LEFT JOIN `categorias` ON `productos`.`id_categoria` = `categorias`.`id`
LEFT JOIN `marcas` ON `productos`.`id_marca` = `marcas`.`id`
LEFT JOIN `unidades` ON `productos`.`id_unidad` = `unidades`.`id`')
 3 SYSTEMPATH\Database\BaseConnection.php(607): CodeIgniter\Database\BaseConnection->simpleQuery('SELECT `productos`.`activo =` `0*`, CASE WHEN categorias.activo = 0 THEN "No posee" ELSE IFNULL(categorias.nombre, "No posee") END AS nombre_categoria, CASE WHEN marcas.activo = 0 THEN "No posee" ELSE IFNULL(marcas.nombre, "No posee") END AS nombre_marca, CASE WHEN unidades.activo = 0 THEN "No posee" ELSE IFNULL(unidades.nombre_corto, "No posee") END AS nombre_unidad
FROM `productos`
LEFT JOIN `categorias` ON `productos`.`id_categoria` = `categorias`.`id`
LEFT JOIN `marcas` ON `productos`.`id_marca` = `marcas`.`id`
LEFT JOIN `unidades` ON `productos`.`id_unidad` = `unidades`.`id`')
 4 SYSTEMPATH\Database\BaseBuilder.php(1616): CodeIgniter\Database\BaseConnection->query('SELECT `productos`.`activo =` `0*`, CASE WHEN categorias.activo = 0 THEN "No posee" ELSE IFNULL(categorias.nombre, "No posee") END AS nombre_categoria, CASE WHEN marcas.activo = 0 THEN "No posee" ELSE IFNULL(marcas.nombre, "No posee") END AS nombre_marca, CASE WHEN unidades.activo = 0 THEN "No posee" ELSE IFNULL(unidades.nombre_corto, "No posee") END AS nombre_unidad
FROM `productos`
LEFT JOIN `categorias` ON `productos`.`id_categoria` = `categorias`.`id`
LEFT JOIN `marcas` ON `productos`.`id_marca` = `marcas`.`id`
LEFT JOIN `unidades` ON `productos`.`id_unidad` = `unidades`.`id`', [], false)
 5 SYSTEMPATH\Model.php(243): CodeIgniter\Database\BaseBuilder->get()
 6 SYSTEMPATH\BaseModel.php(638): CodeIgniter\Model->doFindAll(0, 0)
 7 APPPATH\Models\ProductosModel.php(66): CodeIgniter\BaseModel->findAll()
 8 APPPATH\Controllers\Productos.php(26): App\Models\ProductosModel->obtenerProductosConDetalles()
 9 SYSTEMPATH\CodeIgniter.php(943): App\Controllers\Productos->index('todos-los-productos')
10 SYSTEMPATH\CodeIgniter.php(503): CodeIgniter\CodeIgniter->runController(Object(App\Controllers\Productos))
11 SYSTEMPATH\CodeIgniter.php(361): CodeIgniter\CodeIgniter->handleRequest(null, Object(Config\Cache), false)
12 FCPATH\index.php(79): CodeIgniter\CodeIgniter->run()
ERROR - 2024-04-30 21:06:57 --> mysqli_sql_exception: Unknown column 'productos.activo =' in 'field list' in C:\xampp\htdocs\Proyecto_Coronel_Juan\system\Database\MySQLi\Connection.php:306
Stack trace:
#0 C:\xampp\htdocs\Proyecto_Coronel_Juan\system\Database\MySQLi\Connection.php(306): mysqli->query('SELECT `product...', 0)
#1 C:\xampp\htdocs\Proyecto_Coronel_Juan\system\Database\BaseConnection.php(693): CodeIgniter\Database\MySQLi\Connection->execute('SELECT `product...')
#2 C:\xampp\htdocs\Proyecto_Coronel_Juan\system\Database\BaseConnection.php(607): CodeIgniter\Database\BaseConnection->simpleQuery('SELECT `product...')
#3 C:\xampp\htdocs\Proyecto_Coronel_Juan\system\Database\BaseBuilder.php(1616): CodeIgniter\Database\BaseConnection->query('SELECT `product...', Array, false)
#4 C:\xampp\htdocs\Proyecto_Coronel_Juan\system\Model.php(243): CodeIgniter\Database\BaseBuilder->get()
#5 C:\xampp\htdocs\Proyecto_Coronel_Juan\system\BaseModel.php(638): CodeIgniter\Model->doFindAll(0, 0)
#6 C:\xampp\htdocs\Proyecto_Coronel_Juan\app\Models\ProductosModel.php(66): CodeIgniter\BaseModel->findAll()
#7 C:\xampp\htdocs\Proyecto_Coronel_Juan\app\Controllers\Productos.php(26): App\Models\ProductosModel->obtenerProductosConDetalles()
#8 C:\xampp\htdocs\Proyecto_Coronel_Juan\system\CodeIgniter.php(943): App\Controllers\Productos->index('todos-los-produ...')
#9 C:\xampp\htdocs\Proyecto_Coronel_Juan\system\CodeIgniter.php(503): CodeIgniter\CodeIgniter->runController(Object(App\Controllers\Productos))
#10 C:\xampp\htdocs\Proyecto_Coronel_Juan\system\CodeIgniter.php(361): CodeIgniter\CodeIgniter->handleRequest(NULL, Object(Config\Cache), false)
#11 C:\xampp\htdocs\Proyecto_Coronel_Juan\index.php(79): CodeIgniter\CodeIgniter->run()
#12 {main}
CRITICAL - 2024-04-30 21:06:57 --> CodeIgniter\Database\Exceptions\DatabaseException: Unknown column 'productos.activo =' in 'field list'
in SYSTEMPATH\Database\BaseConnection.php on line 647.
 1 SYSTEMPATH\Database\BaseBuilder.php(1616): CodeIgniter\Database\BaseConnection->query('SELECT `productos`.`activo =` `0*`, CASE WHEN categorias.activo = 0 THEN "No posee" ELSE IFNULL(categorias.nombre, "No posee") END AS nombre_categoria, CASE WHEN marcas.activo = 0 THEN "No posee" ELSE IFNULL(marcas.nombre, "No posee") END AS nombre_marca, CASE WHEN unidades.activo = 0 THEN "No posee" ELSE IFNULL(unidades.nombre_corto, "No posee") END AS nombre_unidad
FROM `productos`
LEFT JOIN `categorias` ON `productos`.`id_categoria` = `categorias`.`id`
LEFT JOIN `marcas` ON `productos`.`id_marca` = `marcas`.`id`
LEFT JOIN `unidades` ON `productos`.`id_unidad` = `unidades`.`id`', [], false)
 2 SYSTEMPATH\Model.php(243): CodeIgniter\Database\BaseBuilder->get()
 3 SYSTEMPATH\BaseModel.php(638): CodeIgniter\Model->doFindAll(0, 0)
 4 APPPATH\Models\ProductosModel.php(66): CodeIgniter\BaseModel->findAll()
 5 APPPATH\Controllers\Productos.php(26): App\Models\ProductosModel->obtenerProductosConDetalles()
 6 SYSTEMPATH\CodeIgniter.php(943): App\Controllers\Productos->index('todos-los-productos')
 7 SYSTEMPATH\CodeIgniter.php(503): CodeIgniter\CodeIgniter->runController(Object(App\Controllers\Productos))
 8 SYSTEMPATH\CodeIgniter.php(361): CodeIgniter\CodeIgniter->handleRequest(null, Object(Config\Cache), false)
 9 FCPATH\index.php(79): CodeIgniter\CodeIgniter->run()
CRITICAL - 2024-04-30 21:06:57 --> [Caused by] CodeIgniter\Database\Exceptions\DatabaseException: Unknown column 'productos.activo =' in 'field list'
in SYSTEMPATH\Database\MySQLi\Connection.php on line 311.
 1 SYSTEMPATH\Database\BaseConnection.php(693): CodeIgniter\Database\MySQLi\Connection->execute('SELECT `productos`.`activo =` `0*`, CASE WHEN categorias.activo = 0 THEN "No posee" ELSE IFNULL(categorias.nombre, "No posee") END AS nombre_categoria, CASE WHEN marcas.activo = 0 THEN "No posee" ELSE IFNULL(marcas.nombre, "No posee") END AS nombre_marca, CASE WHEN unidades.activo = 0 THEN "No posee" ELSE IFNULL(unidades.nombre_corto, "No posee") END AS nombre_unidad
FROM `productos`
LEFT JOIN `categorias` ON `productos`.`id_categoria` = `categorias`.`id`
LEFT JOIN `marcas` ON `productos`.`id_marca` = `marcas`.`id`
LEFT JOIN `unidades` ON `productos`.`id_unidad` = `unidades`.`id`')
 2 SYSTEMPATH\Database\BaseConnection.php(607): CodeIgniter\Database\BaseConnection->simpleQuery('SELECT `productos`.`activo =` `0*`, CASE WHEN categorias.activo = 0 THEN "No posee" ELSE IFNULL(categorias.nombre, "No posee") END AS nombre_categoria, CASE WHEN marcas.activo = 0 THEN "No posee" ELSE IFNULL(marcas.nombre, "No posee") END AS nombre_marca, CASE WHEN unidades.activo = 0 THEN "No posee" ELSE IFNULL(unidades.nombre_corto, "No posee") END AS nombre_unidad
FROM `productos`
LEFT JOIN `categorias` ON `productos`.`id_categoria` = `categorias`.`id`
LEFT JOIN `marcas` ON `productos`.`id_marca` = `marcas`.`id`
LEFT JOIN `unidades` ON `productos`.`id_unidad` = `unidades`.`id`')
 3 SYSTEMPATH\Database\BaseBuilder.php(1616): CodeIgniter\Database\BaseConnection->query('SELECT `productos`.`activo =` `0*`, CASE WHEN categorias.activo = 0 THEN "No posee" ELSE IFNULL(categorias.nombre, "No posee") END AS nombre_categoria, CASE WHEN marcas.activo = 0 THEN "No posee" ELSE IFNULL(marcas.nombre, "No posee") END AS nombre_marca, CASE WHEN unidades.activo = 0 THEN "No posee" ELSE IFNULL(unidades.nombre_corto, "No posee") END AS nombre_unidad
FROM `productos`
LEFT JOIN `categorias` ON `productos`.`id_categoria` = `categorias`.`id`
LEFT JOIN `marcas` ON `productos`.`id_marca` = `marcas`.`id`
LEFT JOIN `unidades` ON `productos`.`id_unidad` = `unidades`.`id`', [], false)
 4 SYSTEMPATH\Model.php(243): CodeIgniter\Database\BaseBuilder->get()
 5 SYSTEMPATH\BaseModel.php(638): CodeIgniter\Model->doFindAll(0, 0)
 6 APPPATH\Models\ProductosModel.php(66): CodeIgniter\BaseModel->findAll()
 7 APPPATH\Controllers\Productos.php(26): App\Models\ProductosModel->obtenerProductosConDetalles()
 8 SYSTEMPATH\CodeIgniter.php(943): App\Controllers\Productos->index('todos-los-productos')
 9 SYSTEMPATH\CodeIgniter.php(503): CodeIgniter\CodeIgniter->runController(Object(App\Controllers\Productos))
10 SYSTEMPATH\CodeIgniter.php(361): CodeIgniter\CodeIgniter->handleRequest(null, Object(Config\Cache), false)
11 FCPATH\index.php(79): CodeIgniter\CodeIgniter->run()
CRITICAL - 2024-04-30 21:06:57 --> [Caused by] mysqli_sql_exception: Unknown column 'productos.activo =' in 'field list'
in SYSTEMPATH\Database\MySQLi\Connection.php on line 306.
 1 SYSTEMPATH\Database\MySQLi\Connection.php(306): mysqli->query('SELECT `productos`.`activo =` `0*`, CASE WHEN categorias.activo = 0 THEN "No posee" ELSE IFNULL(categorias.nombre, "No posee") END AS nombre_categoria, CASE WHEN marcas.activo = 0 THEN "No posee" ELSE IFNULL(marcas.nombre, "No posee") END AS nombre_marca, CASE WHEN unidades.activo = 0 THEN "No posee" ELSE IFNULL(unidades.nombre_corto, "No posee") END AS nombre_unidad
FROM `productos`
LEFT JOIN `categorias` ON `productos`.`id_categoria` = `categorias`.`id`
LEFT JOIN `marcas` ON `productos`.`id_marca` = `marcas`.`id`
LEFT JOIN `unidades` ON `productos`.`id_unidad` = `unidades`.`id`', 0)
 2 SYSTEMPATH\Database\BaseConnection.php(693): CodeIgniter\Database\MySQLi\Connection->execute('SELECT `productos`.`activo =` `0*`, CASE WHEN categorias.activo = 0 THEN "No posee" ELSE IFNULL(categorias.nombre, "No posee") END AS nombre_categoria, CASE WHEN marcas.activo = 0 THEN "No posee" ELSE IFNULL(marcas.nombre, "No posee") END AS nombre_marca, CASE WHEN unidades.activo = 0 THEN "No posee" ELSE IFNULL(unidades.nombre_corto, "No posee") END AS nombre_unidad
FROM `productos`
LEFT JOIN `categorias` ON `productos`.`id_categoria` = `categorias`.`id`
LEFT JOIN `marcas` ON `productos`.`id_marca` = `marcas`.`id`
LEFT JOIN `unidades` ON `productos`.`id_unidad` = `unidades`.`id`')
 3 SYSTEMPATH\Database\BaseConnection.php(607): CodeIgniter\Database\BaseConnection->simpleQuery('SELECT `productos`.`activo =` `0*`, CASE WHEN categorias.activo = 0 THEN "No posee" ELSE IFNULL(categorias.nombre, "No posee") END AS nombre_categoria, CASE WHEN marcas.activo = 0 THEN "No posee" ELSE IFNULL(marcas.nombre, "No posee") END AS nombre_marca, CASE WHEN unidades.activo = 0 THEN "No posee" ELSE IFNULL(unidades.nombre_corto, "No posee") END AS nombre_unidad
FROM `productos`
LEFT JOIN `categorias` ON `productos`.`id_categoria` = `categorias`.`id`
LEFT JOIN `marcas` ON `productos`.`id_marca` = `marcas`.`id`
LEFT JOIN `unidades` ON `productos`.`id_unidad` = `unidades`.`id`')
 4 SYSTEMPATH\Database\BaseBuilder.php(1616): CodeIgniter\Database\BaseConnection->query('SELECT `productos`.`activo =` `0*`, CASE WHEN categorias.activo = 0 THEN "No posee" ELSE IFNULL(categorias.nombre, "No posee") END AS nombre_categoria, CASE WHEN marcas.activo = 0 THEN "No posee" ELSE IFNULL(marcas.nombre, "No posee") END AS nombre_marca, CASE WHEN unidades.activo = 0 THEN "No posee" ELSE IFNULL(unidades.nombre_corto, "No posee") END AS nombre_unidad
FROM `productos`
LEFT JOIN `categorias` ON `productos`.`id_categoria` = `categorias`.`id`
LEFT JOIN `marcas` ON `productos`.`id_marca` = `marcas`.`id`
LEFT JOIN `unidades` ON `productos`.`id_unidad` = `unidades`.`id`', [], false)
 5 SYSTEMPATH\Model.php(243): CodeIgniter\Database\BaseBuilder->get()
 6 SYSTEMPATH\BaseModel.php(638): CodeIgniter\Model->doFindAll(0, 0)
 7 APPPATH\Models\ProductosModel.php(66): CodeIgniter\BaseModel->findAll()
 8 APPPATH\Controllers\Productos.php(26): App\Models\ProductosModel->obtenerProductosConDetalles()
 9 SYSTEMPATH\CodeIgniter.php(943): App\Controllers\Productos->index('todos-los-productos')
10 SYSTEMPATH\CodeIgniter.php(503): CodeIgniter\CodeIgniter->runController(Object(App\Controllers\Productos))
11 SYSTEMPATH\CodeIgniter.php(361): CodeIgniter\CodeIgniter->handleRequest(null, Object(Config\Cache), false)
12 FCPATH\index.php(79): CodeIgniter\CodeIgniter->run()
INFO - 2024-04-30 21:07:10 --> Session: Class initialized using 'CodeIgniter\Session\Handlers\FileHandler' driver.
INFO - 2024-04-30 21:07:17 --> Session: Class initialized using 'CodeIgniter\Session\Handlers\FileHandler' driver.
CRITICAL - 2024-04-30 21:07:17 --> ErrorException: Undefined array key "nombre"
in APPPATH\Views\front\productos.php on line 21.
 1 APPPATH\Views\front\productos.php(21): CodeIgniter\Debug\Exceptions->errorHandler(2, 'Undefined array key "nombre"', 'C:\\xampp\\htdocs\\Proyecto_Coronel_Juan\\app\\Views\\front\\productos.php', 21)
 2 SYSTEMPATH\View\View.php(228): include('C:\\xampp\\htdocs\\Proyecto_Coronel_Juan\\app\\Views\\front\\productos.php')
 3 SYSTEMPATH\View\View.php(231): CodeIgniter\View\View->CodeIgniter\View\{closure}()
 4 SYSTEMPATH\Common.php(1178): CodeIgniter\View\View->render('front/productos', [], true)
 5 APPPATH\Controllers\BaseController.php(68): view('front/productos', [...])
 6 APPPATH\Controllers\Productos.php(27): App\Controllers\BaseController->cargarVista('productos', [...])
 7 SYSTEMPATH\CodeIgniter.php(943): App\Controllers\Productos->index('todos-los-productos')
 8 SYSTEMPATH\CodeIgniter.php(503): CodeIgniter\CodeIgniter->runController(Object(App\Controllers\Productos))
 9 SYSTEMPATH\CodeIgniter.php(361): CodeIgniter\CodeIgniter->handleRequest(null, Object(Config\Cache), false)
10 FCPATH\index.php(79): CodeIgniter\CodeIgniter->run()
CRITICAL - 2024-04-30 21:07:51 --> TypeError: trim(): Argument #1 ($string) must be of type string, array given
in SYSTEMPATH\Database\BaseBuilder.php on line 412.
 1 SYSTEMPATH\Database\BaseBuilder.php(412): trim([...])
 2 SYSTEMPATH\Model.php(877): CodeIgniter\Database\BaseBuilder->select([...], true)
 3 APPPATH\Models\ProductosModel.php(59): CodeIgniter\Model->__call('select', [...])
 4 APPPATH\Controllers\Productos.php(26): App\Models\ProductosModel->obtenerProductosConDetalles()
 5 SYSTEMPATH\CodeIgniter.php(943): App\Controllers\Productos->index('todos-los-productos')
 6 SYSTEMPATH\CodeIgniter.php(503): CodeIgniter\CodeIgniter->runController(Object(App\Controllers\Productos))
 7 SYSTEMPATH\CodeIgniter.php(361): CodeIgniter\CodeIgniter->handleRequest(null, Object(Config\Cache), false)
 8 FCPATH\index.php(79): CodeIgniter\CodeIgniter->run()
ERROR - 2024-04-30 21:07:58 --> mysqli_sql_exception: You have an error in your SQL syntax; check the manual that corresponds to your MariaDB server version for the right syntax to use near ' CASE WHEN categorias.activo = 0 THEN "No posee" ELSE IFNULL(categorias.nombr...' at line 1 in C:\xampp\htdocs\Proyecto_Coronel_Juan\system\Database\MySQLi\Connection.php:306
Stack trace:
#0 C:\xampp\htdocs\Proyecto_Coronel_Juan\system\Database\MySQLi\Connection.php(306): mysqli->query('SELECT `product...', 0)
#1 C:\xampp\htdocs\Proyecto_Coronel_Juan\system\Database\BaseConnection.php(693): CodeIgniter\Database\MySQLi\Connection->execute('SELECT `product...')
#2 C:\xampp\htdocs\Proyecto_Coronel_Juan\system\Database\BaseConnection.php(607): CodeIgniter\Database\BaseConnection->simpleQuery('SELECT `product...')
#3 C:\xampp\htdocs\Proyecto_Coronel_Juan\system\Database\BaseBuilder.php(1616): CodeIgniter\Database\BaseConnection->query('SELECT `product...', Array, false)
#4 C:\xampp\htdocs\Proyecto_Coronel_Juan\system\Model.php(243): CodeIgniter\Database\BaseBuilder->get()
#5 C:\xampp\htdocs\Proyecto_Coronel_Juan\system\BaseModel.php(638): CodeIgniter\Model->doFindAll(0, 0)
#6 C:\xampp\htdocs\Proyecto_Coronel_Juan\app\Models\ProductosModel.php(66): CodeIgniter\BaseModel->findAll()
#7 C:\xampp\htdocs\Proyecto_Coronel_Juan\app\Controllers\Productos.php(26): App\Models\ProductosModel->obtenerProductosConDetalles()
#8 C:\xampp\htdocs\Proyecto_Coronel_Juan\system\CodeIgniter.php(943): App\Controllers\Productos->index('todos-los-produ...')
#9 C:\xampp\htdocs\Proyecto_Coronel_Juan\system\CodeIgniter.php(503): CodeIgniter\CodeIgniter->runController(Object(App\Controllers\Productos))
#10 C:\xampp\htdocs\Proyecto_Coronel_Juan\system\CodeIgniter.php(361): CodeIgniter\CodeIgniter->handleRequest(NULL, Object(Config\Cache), false)
#11 C:\xampp\htdocs\Proyecto_Coronel_Juan\index.php(79): CodeIgniter\CodeIgniter->run()
#12 {main}
CRITICAL - 2024-04-30 21:07:58 --> CodeIgniter\Database\Exceptions\DatabaseException: You have an error in your SQL syntax; check the manual that corresponds to your MariaDB server version for the right syntax to use near ' CASE WHEN categorias.activo = 0 THEN "No posee" ELSE IFNULL(categorias.nombr...' at line 1
in SYSTEMPATH\Database\BaseConnection.php on line 647.
 1 SYSTEMPATH\Database\BaseBuilder.php(1616): CodeIgniter\Database\BaseConnection->query('SELECT `productos`., CASE WHEN categorias.activo = 0 THEN "No posee" ELSE IFNULL(categorias.nombre, "No posee") END AS nombre_categoria, CASE WHEN marcas.activo = 0 THEN "No posee" ELSE IFNULL(marcas.nombre, "No posee") END AS nombre_marca, CASE WHEN unidades.activo = 0 THEN "No posee" ELSE IFNULL(unidades.nombre_corto, "No posee") END AS nombre_unidad
FROM `productos`
LEFT JOIN `categorias` ON `productos`.`id_categoria` = `categorias`.`id`
LEFT JOIN `marcas` ON `productos`.`id_marca` = `marcas`.`id`
LEFT JOIN `unidades` ON `productos`.`id_unidad` = `unidades`.`id`', [], false)
 2 SYSTEMPATH\Model.php(243): CodeIgniter\Database\BaseBuilder->get()
 3 SYSTEMPATH\BaseModel.php(638): CodeIgniter\Model->doFindAll(0, 0)
 4 APPPATH\Models\ProductosModel.php(66): CodeIgniter\BaseModel->findAll()
 5 APPPATH\Controllers\Productos.php(26): App\Models\ProductosModel->obtenerProductosConDetalles()
 6 SYSTEMPATH\CodeIgniter.php(943): App\Controllers\Productos->index('todos-los-productos')
 7 SYSTEMPATH\CodeIgniter.php(503): CodeIgniter\CodeIgniter->runController(Object(App\Controllers\Productos))
 8 SYSTEMPATH\CodeIgniter.php(361): CodeIgniter\CodeIgniter->handleRequest(null, Object(Config\Cache), false)
 9 FCPATH\index.php(79): CodeIgniter\CodeIgniter->run()
CRITICAL - 2024-04-30 21:07:58 --> [Caused by] CodeIgniter\Database\Exceptions\DatabaseException: You have an error in your SQL syntax; check the manual that corresponds to your MariaDB server version for the right syntax to use near ' CASE WHEN categorias.activo = 0 THEN "No posee" ELSE IFNULL(categorias.nombr...' at line 1
in SYSTEMPATH\Database\MySQLi\Connection.php on line 311.
 1 SYSTEMPATH\Database\BaseConnection.php(693): CodeIgniter\Database\MySQLi\Connection->execute('SELECT `productos`., CASE WHEN categorias.activo = 0 THEN "No posee" ELSE IFNULL(categorias.nombre, "No posee") END AS nombre_categoria, CASE WHEN marcas.activo = 0 THEN "No posee" ELSE IFNULL(marcas.nombre, "No posee") END AS nombre_marca, CASE WHEN unidades.activo = 0 THEN "No posee" ELSE IFNULL(unidades.nombre_corto, "No posee") END AS nombre_unidad
FROM `productos`
LEFT JOIN `categorias` ON `productos`.`id_categoria` = `categorias`.`id`
LEFT JOIN `marcas` ON `productos`.`id_marca` = `marcas`.`id`
LEFT JOIN `unidades` ON `productos`.`id_unidad` = `unidades`.`id`')
 2 SYSTEMPATH\Database\BaseConnection.php(607): CodeIgniter\Database\BaseConnection->simpleQuery('SELECT `productos`., CASE WHEN categorias.activo = 0 THEN "No posee" ELSE IFNULL(categorias.nombre, "No posee") END AS nombre_categoria, CASE WHEN marcas.activo = 0 THEN "No posee" ELSE IFNULL(marcas.nombre, "No posee") END AS nombre_marca, CASE WHEN unidades.activo = 0 THEN "No posee" ELSE IFNULL(unidades.nombre_corto, "No posee") END AS nombre_unidad
FROM `productos`
LEFT JOIN `categorias` ON `productos`.`id_categoria` = `categorias`.`id`
LEFT JOIN `marcas` ON `productos`.`id_marca` = `marcas`.`id`
LEFT JOIN `unidades` ON `productos`.`id_unidad` = `unidades`.`id`')
 3 SYSTEMPATH\Database\BaseBuilder.php(1616): CodeIgniter\Database\BaseConnection->query('SELECT `productos`., CASE WHEN categorias.activo = 0 THEN "No posee" ELSE IFNULL(categorias.nombre, "No posee") END AS nombre_categoria, CASE WHEN marcas.activo = 0 THEN "No posee" ELSE IFNULL(marcas.nombre, "No posee") END AS nombre_marca, CASE WHEN unidades.activo = 0 THEN "No posee" ELSE IFNULL(unidades.nombre_corto, "No posee") END AS nombre_unidad
FROM `productos`
LEFT JOIN `categorias` ON `productos`.`id_categoria` = `categorias`.`id`
LEFT JOIN `marcas` ON `productos`.`id_marca` = `marcas`.`id`
LEFT JOIN `unidades` ON `productos`.`id_unidad` = `unidades`.`id`', [], false)
 4 SYSTEMPATH\Model.php(243): CodeIgniter\Database\BaseBuilder->get()
 5 SYSTEMPATH\BaseModel.php(638): CodeIgniter\Model->doFindAll(0, 0)
 6 APPPATH\Models\ProductosModel.php(66): CodeIgniter\BaseModel->findAll()
 7 APPPATH\Controllers\Productos.php(26): App\Models\ProductosModel->obtenerProductosConDetalles()
 8 SYSTEMPATH\CodeIgniter.php(943): App\Controllers\Productos->index('todos-los-productos')
 9 SYSTEMPATH\CodeIgniter.php(503): CodeIgniter\CodeIgniter->runController(Object(App\Controllers\Productos))
10 SYSTEMPATH\CodeIgniter.php(361): CodeIgniter\CodeIgniter->handleRequest(null, Object(Config\Cache), false)
11 FCPATH\index.php(79): CodeIgniter\CodeIgniter->run()
CRITICAL - 2024-04-30 21:07:58 --> [Caused by] mysqli_sql_exception: You have an error in your SQL syntax; check the manual that corresponds to your MariaDB server version for the right syntax to use near ' CASE WHEN categorias.activo = 0 THEN "No posee" ELSE IFNULL(categorias.nombr...' at line 1
in SYSTEMPATH\Database\MySQLi\Connection.php on line 306.
 1 SYSTEMPATH\Database\MySQLi\Connection.php(306): mysqli->query('SELECT `productos`., CASE WHEN categorias.activo = 0 THEN "No posee" ELSE IFNULL(categorias.nombre, "No posee") END AS nombre_categoria, CASE WHEN marcas.activo = 0 THEN "No posee" ELSE IFNULL(marcas.nombre, "No posee") END AS nombre_marca, CASE WHEN unidades.activo = 0 THEN "No posee" ELSE IFNULL(unidades.nombre_corto, "No posee") END AS nombre_unidad
FROM `productos`
LEFT JOIN `categorias` ON `productos`.`id_categoria` = `categorias`.`id`
LEFT JOIN `marcas` ON `productos`.`id_marca` = `marcas`.`id`
LEFT JOIN `unidades` ON `productos`.`id_unidad` = `unidades`.`id`', 0)
 2 SYSTEMPATH\Database\BaseConnection.php(693): CodeIgniter\Database\MySQLi\Connection->execute('SELECT `productos`., CASE WHEN categorias.activo = 0 THEN "No posee" ELSE IFNULL(categorias.nombre, "No posee") END AS nombre_categoria, CASE WHEN marcas.activo = 0 THEN "No posee" ELSE IFNULL(marcas.nombre, "No posee") END AS nombre_marca, CASE WHEN unidades.activo = 0 THEN "No posee" ELSE IFNULL(unidades.nombre_corto, "No posee") END AS nombre_unidad
FROM `productos`
LEFT JOIN `categorias` ON `productos`.`id_categoria` = `categorias`.`id`
LEFT JOIN `marcas` ON `productos`.`id_marca` = `marcas`.`id`
LEFT JOIN `unidades` ON `productos`.`id_unidad` = `unidades`.`id`')
 3 SYSTEMPATH\Database\BaseConnection.php(607): CodeIgniter\Database\BaseConnection->simpleQuery('SELECT `productos`., CASE WHEN categorias.activo = 0 THEN "No posee" ELSE IFNULL(categorias.nombre, "No posee") END AS nombre_categoria, CASE WHEN marcas.activo = 0 THEN "No posee" ELSE IFNULL(marcas.nombre, "No posee") END AS nombre_marca, CASE WHEN unidades.activo = 0 THEN "No posee" ELSE IFNULL(unidades.nombre_corto, "No posee") END AS nombre_unidad
FROM `productos`
LEFT JOIN `categorias` ON `productos`.`id_categoria` = `categorias`.`id`
LEFT JOIN `marcas` ON `productos`.`id_marca` = `marcas`.`id`
LEFT JOIN `unidades` ON `productos`.`id_unidad` = `unidades`.`id`')
 4 SYSTEMPATH\Database\BaseBuilder.php(1616): CodeIgniter\Database\BaseConnection->query('SELECT `productos`., CASE WHEN categorias.activo = 0 THEN "No posee" ELSE IFNULL(categorias.nombre, "No posee") END AS nombre_categoria, CASE WHEN marcas.activo = 0 THEN "No posee" ELSE IFNULL(marcas.nombre, "No posee") END AS nombre_marca, CASE WHEN unidades.activo = 0 THEN "No posee" ELSE IFNULL(unidades.nombre_corto, "No posee") END AS nombre_unidad
FROM `productos`
LEFT JOIN `categorias` ON `productos`.`id_categoria` = `categorias`.`id`
LEFT JOIN `marcas` ON `productos`.`id_marca` = `marcas`.`id`
LEFT JOIN `unidades` ON `productos`.`id_unidad` = `unidades`.`id`', [], false)
 5 SYSTEMPATH\Model.php(243): CodeIgniter\Database\BaseBuilder->get()
 6 SYSTEMPATH\BaseModel.php(638): CodeIgniter\Model->doFindAll(0, 0)
 7 APPPATH\Models\ProductosModel.php(66): CodeIgniter\BaseModel->findAll()
 8 APPPATH\Controllers\Productos.php(26): App\Models\ProductosModel->obtenerProductosConDetalles()
 9 SYSTEMPATH\CodeIgniter.php(943): App\Controllers\Productos->index('todos-los-productos')
10 SYSTEMPATH\CodeIgniter.php(503): CodeIgniter\CodeIgniter->runController(Object(App\Controllers\Productos))
11 SYSTEMPATH\CodeIgniter.php(361): CodeIgniter\CodeIgniter->handleRequest(null, Object(Config\Cache), false)
12 FCPATH\index.php(79): CodeIgniter\CodeIgniter->run()
INFO - 2024-04-30 21:08:01 --> Session: Class initialized using 'CodeIgniter\Session\Handlers\FileHandler' driver.
INFO - 2024-04-30 21:08:51 --> Session: Class initialized using 'CodeIgniter\Session\Handlers\FileHandler' driver.
INFO - 2024-04-30 21:11:15 --> Session: Class initialized using 'CodeIgniter\Session\Handlers\FileHandler' driver.
INFO - 2024-04-30 21:11:35 --> Session: Class initialized using 'CodeIgniter\Session\Handlers\FileHandler' driver.
INFO - 2024-04-30 21:11:44 --> Session: Class initialized using 'CodeIgniter\Session\Handlers\FileHandler' driver.
INFO - 2024-04-30 21:11:52 --> Session: Class initialized using 'CodeIgniter\Session\Handlers\FileHandler' driver.
INFO - 2024-04-30 21:11:55 --> Session: Class initialized using 'CodeIgniter\Session\Handlers\FileHandler' driver.
INFO - 2024-04-30 21:16:48 --> Session: Class initialized using 'CodeIgniter\Session\Handlers\FileHandler' driver.
INFO - 2024-04-30 21:17:16 --> Session: Class initialized using 'CodeIgniter\Session\Handlers\FileHandler' driver.
INFO - 2024-04-30 21:17:19 --> Session: Class initialized using 'CodeIgniter\Session\Handlers\FileHandler' driver.
INFO - 2024-04-30 21:17:19 --> Session: Class initialized using 'CodeIgniter\Session\Handlers\FileHandler' driver.
INFO - 2024-04-30 21:17:25 --> Session: Class initialized using 'CodeIgniter\Session\Handlers\FileHandler' driver.
INFO - 2024-04-30 21:17:42 --> Session: Class initialized using 'CodeIgniter\Session\Handlers\FileHandler' driver.
INFO - 2024-04-30 21:17:43 --> Session: Class initialized using 'CodeIgniter\Session\Handlers\FileHandler' driver.
INFO - 2024-04-30 21:17:47 --> Session: Class initialized using 'CodeIgniter\Session\Handlers\FileHandler' driver.
INFO - 2024-04-30 21:17:51 --> Session: Class initialized using 'CodeIgniter\Session\Handlers\FileHandler' driver.
CRITICAL - 2024-04-30 21:17:53 --> ErrorException: Trying to access array offset on value of type null
in APPPATH\Controllers\Productos.php on line 34.
 1 APPPATH\Controllers\Productos.php(34): CodeIgniter\Debug\Exceptions->errorHandler(2, 'Trying to access array offset on value of type null', 'C:\\xampp\\htdocs\\Proyecto_Coronel_Juan\\app\\Controllers\\Productos.php', 34)
 2 SYSTEMPATH\CodeIgniter.php(943): App\Controllers\Productos->verProducto('proteinas')
 3 SYSTEMPATH\CodeIgniter.php(503): CodeIgniter\CodeIgniter->runController(Object(App\Controllers\Productos))
 4 SYSTEMPATH\CodeIgniter.php(361): CodeIgniter\CodeIgniter->handleRequest(null, Object(Config\Cache), false)
 5 FCPATH\index.php(79): CodeIgniter\CodeIgniter->run()
INFO - 2024-04-30 21:18:15 --> Session: Class initialized using 'CodeIgniter\Session\Handlers\FileHandler' driver.
INFO - 2024-04-30 21:18:17 --> Session: Class initialized using 'CodeIgniter\Session\Handlers\FileHandler' driver.
INFO - 2024-04-30 21:18:23 --> Session: Class initialized using 'CodeIgniter\Session\Handlers\FileHandler' driver.
INFO - 2024-04-30 21:18:34 --> Session: Class initialized using 'CodeIgniter\Session\Handlers\FileHandler' driver.
INFO - 2024-04-30 21:18:37 --> Session: Class initialized using 'CodeIgniter\Session\Handlers\FileHandler' driver.
INFO - 2024-04-30 21:18:42 --> Session: Class initialized using 'CodeIgniter\Session\Handlers\FileHandler' driver.
INFO - 2024-04-30 21:18:49 --> Session: Class initialized using 'CodeIgniter\Session\Handlers\FileHandler' driver.
INFO - 2024-04-30 21:18:54 --> Session: Class initialized using 'CodeIgniter\Session\Handlers\FileHandler' driver.
INFO - 2024-04-30 21:18:56 --> Session: Class initialized using 'CodeIgniter\Session\Handlers\FileHandler' driver.
INFO - 2024-04-30 21:19:16 --> Session: Class initialized using 'CodeIgniter\Session\Handlers\FileHandler' driver.
INFO - 2024-04-30 21:19:32 --> Session: Class initialized using 'CodeIgniter\Session\Handlers\FileHandler' driver.
INFO - 2024-04-30 21:19:36 --> Session: Class initialized using 'CodeIgniter\Session\Handlers\FileHandler' driver.
INFO - 2024-04-30 21:20:06 --> Session: Class initialized using 'CodeIgniter\Session\Handlers\FileHandler' driver.
INFO - 2024-04-30 21:20:16 --> Session: Class initialized using 'CodeIgniter\Session\Handlers\FileHandler' driver.
INFO - 2024-04-30 21:20:31 --> Session: Class initialized using 'CodeIgniter\Session\Handlers\FileHandler' driver.
INFO - 2024-04-30 21:20:35 --> Session: Class initialized using 'CodeIgniter\Session\Handlers\FileHandler' driver.
INFO - 2024-04-30 21:20:54 --> Session: Class initialized using 'CodeIgniter\Session\Handlers\FileHandler' driver.
INFO - 2024-04-30 21:21:20 --> Session: Class initialized using 'CodeIgniter\Session\Handlers\FileHandler' driver.
INFO - 2024-04-30 21:21:23 --> Session: Class initialized using 'CodeIgniter\Session\Handlers\FileHandler' driver.
INFO - 2024-04-30 21:21:23 --> Session: Class initialized using 'CodeIgniter\Session\Handlers\FileHandler' driver.
INFO - 2024-04-30 21:21:27 --> Session: Class initialized using 'CodeIgniter\Session\Handlers\FileHandler' driver.
INFO - 2024-04-30 21:21:31 --> Session: Class initialized using 'CodeIgniter\Session\Handlers\FileHandler' driver.
INFO - 2024-04-30 21:21:53 --> Session: Class initialized using 'CodeIgniter\Session\Handlers\FileHandler' driver.
INFO - 2024-04-30 21:21:56 --> Session: Class initialized using 'CodeIgniter\Session\Handlers\FileHandler' driver.
INFO - 2024-04-30 21:21:56 --> Session: Class initialized using 'CodeIgniter\Session\Handlers\FileHandler' driver.
INFO - 2024-04-30 21:22:04 --> Session: Class initialized using 'CodeIgniter\Session\Handlers\FileHandler' driver.
INFO - 2024-04-30 21:22:07 --> Session: Class initialized using 'CodeIgniter\Session\Handlers\FileHandler' driver.
INFO - 2024-04-30 21:22:26 --> Session: Class initialized using 'CodeIgniter\Session\Handlers\FileHandler' driver.
INFO - 2024-04-30 21:22:28 --> Session: Class initialized using 'CodeIgniter\Session\Handlers\FileHandler' driver.
INFO - 2024-04-30 21:23:05 --> Session: Class initialized using 'CodeIgniter\Session\Handlers\FileHandler' driver.
INFO - 2024-04-30 21:23:05 --> Session: Class initialized using 'CodeIgniter\Session\Handlers\FileHandler' driver.
INFO - 2024-04-30 21:23:05 --> Session: Class initialized using 'CodeIgniter\Session\Handlers\FileHandler' driver.
INFO - 2024-04-30 21:23:06 --> Session: Class initialized using 'CodeIgniter\Session\Handlers\FileHandler' driver.
INFO - 2024-04-30 21:23:06 --> Session: Class initialized using 'CodeIgniter\Session\Handlers\FileHandler' driver.
INFO - 2024-04-30 21:23:06 --> Session: Class initialized using 'CodeIgniter\Session\Handlers\FileHandler' driver.
INFO - 2024-04-30 21:23:06 --> Session: Class initialized using 'CodeIgniter\Session\Handlers\FileHandler' driver.
INFO - 2024-04-30 21:23:06 --> Session: Class initialized using 'CodeIgniter\Session\Handlers\FileHandler' driver.
INFO - 2024-04-30 21:23:06 --> Session: Class initialized using 'CodeIgniter\Session\Handlers\FileHandler' driver.
INFO - 2024-04-30 21:23:07 --> Session: Class initialized using 'CodeIgniter\Session\Handlers\FileHandler' driver.
INFO - 2024-04-30 21:23:07 --> Session: Class initialized using 'CodeIgniter\Session\Handlers\FileHandler' driver.
INFO - 2024-04-30 21:23:10 --> Session: Class initialized using 'CodeIgniter\Session\Handlers\FileHandler' driver.
INFO - 2024-04-30 21:23:10 --> Session: Class initialized using 'CodeIgniter\Session\Handlers\FileHandler' driver.
INFO - 2024-04-30 21:23:12 --> Session: Class initialized using 'CodeIgniter\Session\Handlers\FileHandler' driver.
INFO - 2024-04-30 21:23:19 --> Session: Class initialized using 'CodeIgniter\Session\Handlers\FileHandler' driver.
INFO - 2024-04-30 21:23:21 --> Session: Class initialized using 'CodeIgniter\Session\Handlers\FileHandler' driver.
INFO - 2024-04-30 21:23:21 --> Session: Class initialized using 'CodeIgniter\Session\Handlers\FileHandler' driver.
INFO - 2024-04-30 21:29:02 --> Session: Class initialized using 'CodeIgniter\Session\Handlers\FileHandler' driver.
INFO - 2024-04-30 21:29:05 --> Session: Class initialized using 'CodeIgniter\Session\Handlers\FileHandler' driver.
INFO - 2024-04-30 21:29:12 --> Session: Class initialized using 'CodeIgniter\Session\Handlers\FileHandler' driver.
INFO - 2024-04-30 21:29:15 --> Session: Class initialized using 'CodeIgniter\Session\Handlers\FileHandler' driver.
INFO - 2024-04-30 21:29:15 --> Session: Class initialized using 'CodeIgniter\Session\Handlers\FileHandler' driver.
INFO - 2024-04-30 21:29:18 --> Session: Class initialized using 'CodeIgniter\Session\Handlers\FileHandler' driver.
INFO - 2024-04-30 21:29:18 --> Session: Class initialized using 'CodeIgniter\Session\Handlers\FileHandler' driver.
INFO - 2024-04-30 21:29:24 --> Session: Class initialized using 'CodeIgniter\Session\Handlers\FileHandler' driver.
INFO - 2024-04-30 21:29:28 --> Session: Class initialized using 'CodeIgniter\Session\Handlers\FileHandler' driver.
INFO - 2024-04-30 21:29:28 --> Session: Class initialized using 'CodeIgniter\Session\Handlers\FileHandler' driver.
INFO - 2024-04-30 21:29:36 --> Session: Class initialized using 'CodeIgniter\Session\Handlers\FileHandler' driver.
INFO - 2024-04-30 21:29:36 --> Session: Class initialized using 'CodeIgniter\Session\Handlers\FileHandler' driver.
INFO - 2024-04-30 21:29:38 --> Session: Class initialized using 'CodeIgniter\Session\Handlers\FileHandler' driver.
INFO - 2024-04-30 21:30:09 --> Session: Class initialized using 'CodeIgniter\Session\Handlers\FileHandler' driver.
INFO - 2024-04-30 21:30:12 --> Session: Class initialized using 'CodeIgniter\Session\Handlers\FileHandler' driver.
INFO - 2024-04-30 21:30:14 --> Session: Class initialized using 'CodeIgniter\Session\Handlers\FileHandler' driver.
INFO - 2024-04-30 21:30:18 --> Session: Class initialized using 'CodeIgniter\Session\Handlers\FileHandler' driver.
INFO - 2024-04-30 21:30:21 --> Session: Class initialized using 'CodeIgniter\Session\Handlers\FileHandler' driver.
INFO - 2024-04-30 21:30:23 --> Session: Class initialized using 'CodeIgniter\Session\Handlers\FileHandler' driver.
INFO - 2024-04-30 21:31:07 --> Session: Class initialized using 'CodeIgniter\Session\Handlers\FileHandler' driver.
INFO - 2024-04-30 21:31:09 --> Session: Class initialized using 'CodeIgniter\Session\Handlers\FileHandler' driver.
INFO - 2024-04-30 21:31:18 --> Session: Class initialized using 'CodeIgniter\Session\Handlers\FileHandler' driver.
INFO - 2024-04-30 21:31:19 --> Session: Class initialized using 'CodeIgniter\Session\Handlers\FileHandler' driver.
INFO - 2024-04-30 21:31:21 --> Session: Class initialized using 'CodeIgniter\Session\Handlers\FileHandler' driver.
INFO - 2024-04-30 21:31:23 --> Session: Class initialized using 'CodeIgniter\Session\Handlers\FileHandler' driver.
INFO - 2024-04-30 21:31:25 --> Session: Class initialized using 'CodeIgniter\Session\Handlers\FileHandler' driver.
INFO - 2024-04-30 21:31:28 --> Session: Class initialized using 'CodeIgniter\Session\Handlers\FileHandler' driver.
INFO - 2024-04-30 21:32:02 --> Session: Class initialized using 'CodeIgniter\Session\Handlers\FileHandler' driver.
INFO - 2024-04-30 21:32:04 --> Session: Class initialized using 'CodeIgniter\Session\Handlers\FileHandler' driver.
INFO - 2024-04-30 21:32:22 --> Session: Class initialized using 'CodeIgniter\Session\Handlers\FileHandler' driver.
INFO - 2024-04-30 21:32:22 --> Session: Class initialized using 'CodeIgniter\Session\Handlers\FileHandler' driver.
INFO - 2024-04-30 21:32:45 --> Session: Class initialized using 'CodeIgniter\Session\Handlers\FileHandler' driver.
INFO - 2024-04-30 21:32:46 --> Session: Class initialized using 'CodeIgniter\Session\Handlers\FileHandler' driver.
INFO - 2024-04-30 21:32:48 --> Session: Class initialized using 'CodeIgniter\Session\Handlers\FileHandler' driver.
INFO - 2024-04-30 21:32:50 --> Session: Class initialized using 'CodeIgniter\Session\Handlers\FileHandler' driver.
INFO - 2024-04-30 21:33:08 --> Session: Class initialized using 'CodeIgniter\Session\Handlers\FileHandler' driver.
INFO - 2024-04-30 21:34:31 --> Session: Class initialized using 'CodeIgniter\Session\Handlers\FileHandler' driver.
INFO - 2024-04-30 21:34:36 --> Session: Class initialized using 'CodeIgniter\Session\Handlers\FileHandler' driver.
INFO - 2024-04-30 21:36:36 --> Session: Class initialized using 'CodeIgniter\Session\Handlers\FileHandler' driver.
INFO - 2024-04-30 21:36:48 --> Session: Class initialized using 'CodeIgniter\Session\Handlers\FileHandler' driver.
INFO - 2024-04-30 21:37:05 --> Session: Class initialized using 'CodeIgniter\Session\Handlers\FileHandler' driver.
INFO - 2024-04-30 21:37:06 --> Session: Class initialized using 'CodeIgniter\Session\Handlers\FileHandler' driver.
INFO - 2024-04-30 21:37:07 --> Session: Class initialized using 'CodeIgniter\Session\Handlers\FileHandler' driver.
INFO - 2024-04-30 21:37:11 --> Session: Class initialized using 'CodeIgniter\Session\Handlers\FileHandler' driver.
INFO - 2024-04-30 21:37:25 --> Session: Class initialized using 'CodeIgniter\Session\Handlers\FileHandler' driver.
INFO - 2024-04-30 21:38:16 --> Session: Class initialized using 'CodeIgniter\Session\Handlers\FileHandler' driver.
CRITICAL - 2024-04-30 21:38:16 --> ErrorException: Undefined variable $usuario
in APPPATH\Views\templates\header.php on line 57.
 1 APPPATH\Views\templates\header.php(57): CodeIgniter\Debug\Exceptions->errorHandler(2, 'Undefined variable $usuario', 'C:\\xampp\\htdocs\\Proyecto_Coronel_Juan\\app\\Views\\templates\\header.php', 57)
 2 SYSTEMPATH\View\View.php(228): include('C:\\xampp\\htdocs\\Proyecto_Coronel_Juan\\app\\Views\\templates\\header.php')
 3 SYSTEMPATH\View\View.php(231): CodeIgniter\View\View->CodeIgniter\View\{closure}()
 4 SYSTEMPATH\Common.php(1178): CodeIgniter\View\View->render('templates/header', [], true)
 5 APPPATH\Config\Routes.php(10): view('templates/header', [...])
 6 SYSTEMPATH\CodeIgniter.php(963): CodeIgniter\Router\RouteCollection->{closure}('Can\'t find a route for \'get: dashboard/productos/eliminados\'.')
 7 SYSTEMPATH\CodeIgniter.php(370): CodeIgniter\CodeIgniter->display404errors(Object(CodeIgniter\Exceptions\PageNotFoundException))
 8 FCPATH\index.php(79): CodeIgniter\CodeIgniter->run()
INFO - 2024-04-30 21:38:24 --> Session: Class initialized using 'CodeIgniter\Session\Handlers\FileHandler' driver.
INFO - 2024-04-30 21:41:39 --> Session: Class initialized using 'CodeIgniter\Session\Handlers\FileHandler' driver.
INFO - 2024-04-30 21:42:49 --> Session: Class initialized using 'CodeIgniter\Session\Handlers\FileHandler' driver.
INFO - 2024-04-30 21:42:49 --> Session: Class initialized using 'CodeIgniter\Session\Handlers\FileHandler' driver.
INFO - 2024-04-30 21:42:54 --> Session: Class initialized using 'CodeIgniter\Session\Handlers\FileHandler' driver.
INFO - 2024-04-30 21:42:59 --> Session: Class initialized using 'CodeIgniter\Session\Handlers\FileHandler' driver.
CRITICAL - 2024-04-30 21:42:59 --> ParseError: syntax error, unexpected token "}"
in APPPATH\Controllers\Productos.php on line 48.
 1 SYSTEMPATH\Autoloader\Autoloader.php(290): CodeIgniter\Autoloader\Autoloader->includeFile('C:\\xampp\\htdocs\\Proyecto_Coronel_Juan\\app\\Controllers\\Productos.php')
 2 SYSTEMPATH\Autoloader\Autoloader.php(266): CodeIgniter\Autoloader\Autoloader->loadInNamespace('App\\Controllers\\Productos')
 3 [internal function]: CodeIgniter\Autoloader\Autoloader->loadClass('App\\Controllers\\Productos')
 4 SYSTEMPATH\CodeIgniter.php(901): class_exists('\\App\\Controllers\\Productos', true)
 5 SYSTEMPATH\CodeIgniter.php(490): CodeIgniter\CodeIgniter->startController()
 6 SYSTEMPATH\CodeIgniter.php(361): CodeIgniter\CodeIgniter->handleRequest(null, Object(Config\Cache), false)
 7 FCPATH\index.php(79): CodeIgniter\CodeIgniter->run()
INFO - 2024-04-30 21:43:20 --> Session: Class initialized using 'CodeIgniter\Session\Handlers\FileHandler' driver.
INFO - 2024-04-30 21:43:22 --> Session: Class initialized using 'CodeIgniter\Session\Handlers\FileHandler' driver.
INFO - 2024-04-30 21:43:22 --> Session: Class initialized using 'CodeIgniter\Session\Handlers\FileHandler' driver.
INFO - 2024-04-30 21:43:26 --> Session: Class initialized using 'CodeIgniter\Session\Handlers\FileHandler' driver.
INFO - 2024-04-30 21:43:47 --> Session: Class initialized using 'CodeIgniter\Session\Handlers\FileHandler' driver.
