CRITICAL - 2024-04-15 03:22:39 --> CodeIgniter\View\Exceptions\ViewException: Invalid file: "preguntas-frecuentas.php"
in SYSTEMPATH\Exceptions\FrameworkException.php on line 39.
 1 SYSTEMPATH\View\View.php(216): CodeIgniter\Exceptions\FrameworkException::forInvalidFile('preguntas-frecuentas.php')
 2 SYSTEMPATH\Common.php(1178): CodeIgniter\View\View->render('preguntas-frecuentas', [], true)
 3 APPPATH\Controllers\BaseController.php(60): view('preguntas-frecuentas', [...])
 4 APPPATH\Controllers\Home.php(25): App\Controllers\BaseController->cargarVista('preguntas-frecuentas', [...])
 5 SYSTEMPATH\CodeIgniter.php(943): App\Controllers\Home->preguntasFrecuentes()
 6 SYSTEMPATH\CodeIgniter.php(503): CodeIgniter\CodeIgniter->runController(Object(App\Controllers\Home))
 7 SYSTEMPATH\CodeIgniter.php(361): CodeIgniter\CodeIgniter->handleRequest(null, Object(Config\Cache), false)
 8 FCPATH\index.php(79): CodeIgniter\CodeIgniter->run()
CRITICAL - 2024-04-15 03:23:10 --> CodeIgniter\View\Exceptions\ViewException: Invalid file: "preguntas-frecuentes.php"
in SYSTEMPATH\Exceptions\FrameworkException.php on line 39.
 1 SYSTEMPATH\View\View.php(216): CodeIgniter\Exceptions\FrameworkException::forInvalidFile('preguntas-frecuentes.php')
 2 SYSTEMPATH\Common.php(1178): CodeIgniter\View\View->render('preguntas-frecuentes', [], true)
 3 APPPATH\Controllers\BaseController.php(60): view('preguntas-frecuentes', [...])
 4 APPPATH\Controllers\Home.php(25): App\Controllers\BaseController->cargarVista('preguntas-frecuentes', [...])
 5 SYSTEMPATH\CodeIgniter.php(943): App\Controllers\Home->preguntasFrecuentes()
 6 SYSTEMPATH\CodeIgniter.php(503): CodeIgniter\CodeIgniter->runController(Object(App\Controllers\Home))
 7 SYSTEMPATH\CodeIgniter.php(361): CodeIgniter\CodeIgniter->handleRequest(null, Object(Config\Cache), false)
 8 FCPATH\index.php(79): CodeIgniter\CodeIgniter->run()
CRITICAL - 2024-04-15 14:36:27 --> ErrorException: unlink(C:\xampp\htdocs\proyecto\writable\debugbar/debugbar_1713150064.863127.json): No such file or directory
in SYSTEMPATH\Debug\Toolbar\Collectors\History.php on line 80.
 1 [internal function]: CodeIgniter\Debug\Exceptions->errorHandler(2, 'unlink(C:\\xampp\\htdocs\\proyecto\\writable\\debugbar/debugbar_1713150064.863127.json): No such file or directory', 'C:\\xampp\\htdocs\\proyecto\\system\\Debug\\Toolbar\\Collectors\\History.php', 80)
 2 SYSTEMPATH\Debug\Toolbar\Collectors\History.php(80): unlink('C:\\xampp\\htdocs\\proyecto\\writable\\debugbar/debugbar_1713150064.863127.json')
 3 SYSTEMPATH\Debug\Toolbar.php(496): CodeIgniter\Debug\Toolbar\Collectors\History->setFiles('1713191768.656895', 20)
 4 SYSTEMPATH\Debug\Toolbar.php(475): CodeIgniter\Debug\Toolbar->format([...], 'html')
 5 APPPATH\Config\Events.php(47): CodeIgniter\Debug\Toolbar->respond()
 6 SYSTEMPATH\Events\Events.php(154): CodeIgniter\Events\Events::Config\{closure}()
 7 SYSTEMPATH\CodeIgniter.php(442): CodeIgniter\Events\Events::trigger('pre_system')
 8 SYSTEMPATH\CodeIgniter.php(361): CodeIgniter\CodeIgniter->handleRequest(null, Object(Config\Cache), false)
 9 FCPATH\index.php(79): CodeIgniter\CodeIgniter->run()
