INFO - 2024-04-28 00:01:50 --> Session: Class initialized using 'CodeIgniter\Session\Handlers\FileHandler' driver.
INFO - 2024-04-28 00:05:02 --> Session: Class initialized using 'CodeIgniter\Session\Handlers\FileHandler' driver.
INFO - 2024-04-28 00:05:51 --> Session: Class initialized using 'CodeIgniter\Session\Handlers\FileHandler' driver.
INFO - 2024-04-28 00:14:09 --> Session: Class initialized using 'CodeIgniter\Session\Handlers\FileHandler' driver.
INFO - 2024-04-28 00:18:55 --> Session: Class initialized using 'CodeIgniter\Session\Handlers\FileHandler' driver.
CRITICAL - 2024-04-28 00:21:24 --> ErrorException: Undefined array key "id"
in APPPATH\Views\admin\marcas\marcas.php on line 22.
 1 APPPATH\Views\admin\marcas\marcas.php(22): CodeIgniter\Debug\Exceptions->errorHandler(2, 'Undefined array key "id"', 'C:\\xampp\\htdocs\\Proyecto_Coronel_Juan\\app\\Views\\admin\\marcas\\marcas.php', 22)
 2 SYSTEMPATH\View\View.php(228): include('C:\\xampp\\htdocs\\Proyecto_Coronel_Juan\\app\\Views\\admin\\marcas\\marcas.php')
 3 SYSTEMPATH\View\View.php(231): CodeIgniter\View\View->CodeIgniter\View\{closure}()
 4 SYSTEMPATH\Common.php(1178): CodeIgniter\View\View->render('admin/marcas/marcas', [], true)
 5 APPPATH\Controllers\BaseController.php(81): view('admin/marcas/marcas', [...])
 6 APPPATH\Controllers\MarcasController.php(18): App\Controllers\BaseController->cargarVistaAdmin('marcas/marcas', [...])
 7 SYSTEMPATH\CodeIgniter.php(943): App\Controllers\MarcasController->index()
 8 SYSTEMPATH\CodeIgniter.php(503): CodeIgniter\CodeIgniter->runController(Object(App\Controllers\MarcasController))
 9 SYSTEMPATH\CodeIgniter.php(361): CodeIgniter\CodeIgniter->handleRequest(null, Object(Config\Cache), false)
10 FCPATH\index.php(79): CodeIgniter\CodeIgniter->run()
CRITICAL - 2024-04-28 00:24:15 --> CodeIgniter\View\Exceptions\ViewException: Invalid file: "admin/dashboard/marcas/eliminados.php"
in SYSTEMPATH\Exceptions\FrameworkException.php on line 39.
 1 SYSTEMPATH\View\View.php(216): CodeIgniter\Exceptions\FrameworkException::forInvalidFile('admin/dashboard/marcas/eliminados.php')
 2 SYSTEMPATH\Common.php(1178): CodeIgniter\View\View->render('admin/dashboard/marcas/eliminados', [], true)
 3 APPPATH\Controllers\BaseController.php(81): view('admin/dashboard/marcas/eliminados', [...])
 4 APPPATH\Controllers\MarcasController.php(59): App\Controllers\BaseController->cargarVistaAdmin('dashboard/marcas/eliminados', [...])
 5 SYSTEMPATH\CodeIgniter.php(943): App\Controllers\MarcasController->marcasEliminadas()
 6 SYSTEMPATH\CodeIgniter.php(503): CodeIgniter\CodeIgniter->runController(Object(App\Controllers\MarcasController))
 7 SYSTEMPATH\CodeIgniter.php(361): CodeIgniter\CodeIgniter->handleRequest(null, Object(Config\Cache), false)
 8 FCPATH\index.php(79): CodeIgniter\CodeIgniter->run()
CRITICAL - 2024-04-28 01:35:43 --> BadMethodCallException: Call to undefined method App\Models\ProductosModel::obtenerProductosActivos
in SYSTEMPATH\Model.php on line 879.
 1 APPPATH\Controllers\Productos.php(27): CodeIgniter\Model->__call('obtenerProductosActivos', [])
 2 SYSTEMPATH\CodeIgniter.php(943): App\Controllers\Productos->listadoProductos()
 3 SYSTEMPATH\CodeIgniter.php(503): CodeIgniter\CodeIgniter->runController(Object(App\Controllers\Productos))
 4 SYSTEMPATH\CodeIgniter.php(361): CodeIgniter\CodeIgniter->handleRequest(null, Object(Config\Cache), false)
 5 FCPATH\index.php(79): CodeIgniter\CodeIgniter->run()
CRITICAL - 2024-04-28 01:36:29 --> BadMethodCallException: Call to undefined method App\Models\ProductosModel::obtenerProductosActivos
in SYSTEMPATH\Model.php on line 879.
 1 APPPATH\Controllers\Productos.php(27): CodeIgniter\Model->__call('obtenerProductosActivos', [])
 2 SYSTEMPATH\CodeIgniter.php(943): App\Controllers\Productos->listadoProductos()
 3 SYSTEMPATH\CodeIgniter.php(503): CodeIgniter\CodeIgniter->runController(Object(App\Controllers\Productos))
 4 SYSTEMPATH\CodeIgniter.php(361): CodeIgniter\CodeIgniter->handleRequest(null, Object(Config\Cache), false)
 5 FCPATH\index.php(79): CodeIgniter\CodeIgniter->run()
CRITICAL - 2024-04-28 01:38:50 --> CodeIgniter\View\Exceptions\ViewException: Invalid file: "admin/productos.php"
in SYSTEMPATH\Exceptions\FrameworkException.php on line 39.
 1 SYSTEMPATH\View\View.php(216): CodeIgniter\Exceptions\FrameworkException::forInvalidFile('admin/productos.php')
 2 SYSTEMPATH\Common.php(1178): CodeIgniter\View\View->render('admin/productos', [], true)
 3 APPPATH\Controllers\BaseController.php(81): view('admin/productos', [...])
 4 APPPATH\Controllers\Productos.php(34): App\Controllers\BaseController->cargarVistaAdmin('productos', [...])
 5 SYSTEMPATH\CodeIgniter.php(943): App\Controllers\Productos->agregarProducto()
 6 SYSTEMPATH\CodeIgniter.php(503): CodeIgniter\CodeIgniter->runController(Object(App\Controllers\Productos))
 7 SYSTEMPATH\CodeIgniter.php(361): CodeIgniter\CodeIgniter->handleRequest(null, Object(Config\Cache), false)
 8 FCPATH\index.php(79): CodeIgniter\CodeIgniter->run()
CRITICAL - 2024-04-28 01:39:29 --> CodeIgniter\View\Exceptions\ViewException: Invalid file: "admin/productos/productos.php"
in SYSTEMPATH\Exceptions\FrameworkException.php on line 39.
 1 SYSTEMPATH\View\View.php(216): CodeIgniter\Exceptions\FrameworkException::forInvalidFile('admin/productos/productos.php')
 2 SYSTEMPATH\Common.php(1178): CodeIgniter\View\View->render('admin/productos/productos', [], true)
 3 APPPATH\Controllers\BaseController.php(81): view('admin/productos/productos', [...])
 4 APPPATH\Controllers\Productos.php(34): App\Controllers\BaseController->cargarVistaAdmin('productos/productos', [...])
 5 SYSTEMPATH\CodeIgniter.php(943): App\Controllers\Productos->agregarProducto()
 6 SYSTEMPATH\CodeIgniter.php(503): CodeIgniter\CodeIgniter->runController(Object(App\Controllers\Productos))
 7 SYSTEMPATH\CodeIgniter.php(361): CodeIgniter\CodeIgniter->handleRequest(null, Object(Config\Cache), false)
 8 FCPATH\index.php(79): CodeIgniter\CodeIgniter->run()
CRITICAL - 2024-04-28 01:39:31 --> CodeIgniter\View\Exceptions\ViewException: Invalid file: "admin/productos/productos.php"
in SYSTEMPATH\Exceptions\FrameworkException.php on line 39.
 1 SYSTEMPATH\View\View.php(216): CodeIgniter\Exceptions\FrameworkException::forInvalidFile('admin/productos/productos.php')
 2 SYSTEMPATH\Common.php(1178): CodeIgniter\View\View->render('admin/productos/productos', [], true)
 3 APPPATH\Controllers\BaseController.php(81): view('admin/productos/productos', [...])
 4 APPPATH\Controllers\Productos.php(34): App\Controllers\BaseController->cargarVistaAdmin('productos/productos', [...])
 5 SYSTEMPATH\CodeIgniter.php(943): App\Controllers\Productos->agregarProducto()
 6 SYSTEMPATH\CodeIgniter.php(503): CodeIgniter\CodeIgniter->runController(Object(App\Controllers\Productos))
 7 SYSTEMPATH\CodeIgniter.php(361): CodeIgniter\CodeIgniter->handleRequest(null, Object(Config\Cache), false)
 8 FCPATH\index.php(79): CodeIgniter\CodeIgniter->run()
CRITICAL - 2024-04-28 01:58:34 --> BadMethodCallException: Call to undefined method App\Models\UnidadesModel::obtenerCategoriasActivas
in SYSTEMPATH\Model.php on line 879.
 1 APPPATH\Controllers\Productos.php(39): CodeIgniter\Model->__call('obtenerCategoriasActivas', [])
 2 SYSTEMPATH\CodeIgniter.php(943): App\Controllers\Productos->agregarProducto()
 3 SYSTEMPATH\CodeIgniter.php(503): CodeIgniter\CodeIgniter->runController(Object(App\Controllers\Productos))
 4 SYSTEMPATH\CodeIgniter.php(361): CodeIgniter\CodeIgniter->handleRequest(null, Object(Config\Cache), false)
 5 FCPATH\index.php(79): CodeIgniter\CodeIgniter->run()
INFO - 2024-04-28 02:00:05 --> Session: Class initialized using 'CodeIgniter\Session\Handlers\FileHandler' driver.
INFO - 2024-04-28 02:00:08 --> Session: Class initialized using 'CodeIgniter\Session\Handlers\FileHandler' driver.
INFO - 2024-04-28 02:00:50 --> Session: Class initialized using 'CodeIgniter\Session\Handlers\FileHandler' driver.
CRITICAL - 2024-04-28 02:03:55 --> ParseError: Unclosed '{' on line 12
in APPPATH\Views\admin\productos\agregar_productos.php on line 38.
 1 SYSTEMPATH\View\View.php(231): CodeIgniter\View\View->CodeIgniter\View\{closure}()
 2 SYSTEMPATH\Common.php(1178): CodeIgniter\View\View->render('admin/productos/agregar_productos', [], true)
 3 APPPATH\Controllers\BaseController.php(81): view('admin/productos/agregar_productos', [...])
 4 APPPATH\Controllers\Productos.php(45): App\Controllers\BaseController->cargarVistaAdmin('productos/agregar_productos', [...])
 5 SYSTEMPATH\CodeIgniter.php(943): App\Controllers\Productos->agregarProducto()
 6 SYSTEMPATH\CodeIgniter.php(503): CodeIgniter\CodeIgniter->runController(Object(App\Controllers\Productos))
 7 SYSTEMPATH\CodeIgniter.php(361): CodeIgniter\CodeIgniter->handleRequest(null, Object(Config\Cache), false)
 8 FCPATH\index.php(79): CodeIgniter\CodeIgniter->run()
CRITICAL - 2024-04-28 02:07:38 --> ErrorException: Undefined variable $Marcas
in APPPATH\Views\admin\productos\agregar_productos.php on line 13.
 1 APPPATH\Views\admin\productos\agregar_productos.php(13): CodeIgniter\Debug\Exceptions->errorHandler(2, 'Undefined variable $Marcas', 'C:\\xampp\\htdocs\\Proyecto_Coronel_Juan\\app\\Views\\admin\\productos\\agregar_productos.php', 13)
 2 SYSTEMPATH\View\View.php(228): include('C:\\xampp\\htdocs\\Proyecto_Coronel_Juan\\app\\Views\\admin\\productos\\agregar_productos.php')
 3 SYSTEMPATH\View\View.php(231): CodeIgniter\View\View->CodeIgniter\View\{closure}()
 4 SYSTEMPATH\Common.php(1178): CodeIgniter\View\View->render('admin/productos/agregar_productos', [], true)
 5 APPPATH\Controllers\BaseController.php(81): view('admin/productos/agregar_productos', [...])
 6 APPPATH\Controllers\Productos.php(45): App\Controllers\BaseController->cargarVistaAdmin('productos/agregar_productos', [...])
 7 SYSTEMPATH\CodeIgniter.php(943): App\Controllers\Productos->agregarProducto()
 8 SYSTEMPATH\CodeIgniter.php(503): CodeIgniter\CodeIgniter->runController(Object(App\Controllers\Productos))
 9 SYSTEMPATH\CodeIgniter.php(361): CodeIgniter\CodeIgniter->handleRequest(null, Object(Config\Cache), false)
10 FCPATH\index.php(79): CodeIgniter\CodeIgniter->run()
CRITICAL - 2024-04-28 02:07:42 --> ErrorException: Undefined variable $marcas
in APPPATH\Views\admin\productos\agregar_productos.php on line 13.
 1 APPPATH\Views\admin\productos\agregar_productos.php(13): CodeIgniter\Debug\Exceptions->errorHandler(2, 'Undefined variable $marcas', 'C:\\xampp\\htdocs\\Proyecto_Coronel_Juan\\app\\Views\\admin\\productos\\agregar_productos.php', 13)
 2 SYSTEMPATH\View\View.php(228): include('C:\\xampp\\htdocs\\Proyecto_Coronel_Juan\\app\\Views\\admin\\productos\\agregar_productos.php')
 3 SYSTEMPATH\View\View.php(231): CodeIgniter\View\View->CodeIgniter\View\{closure}()
 4 SYSTEMPATH\Common.php(1178): CodeIgniter\View\View->render('admin/productos/agregar_productos', [], true)
 5 APPPATH\Controllers\BaseController.php(81): view('admin/productos/agregar_productos', [...])
 6 APPPATH\Controllers\Productos.php(45): App\Controllers\BaseController->cargarVistaAdmin('productos/agregar_productos', [...])
 7 SYSTEMPATH\CodeIgniter.php(943): App\Controllers\Productos->agregarProducto()
 8 SYSTEMPATH\CodeIgniter.php(503): CodeIgniter\CodeIgniter->runController(Object(App\Controllers\Productos))
 9 SYSTEMPATH\CodeIgniter.php(361): CodeIgniter\CodeIgniter->handleRequest(null, Object(Config\Cache), false)
10 FCPATH\index.php(79): CodeIgniter\CodeIgniter->run()
INFO - 2024-04-28 02:10:23 --> Session: Class initialized using 'CodeIgniter\Session\Handlers\FileHandler' driver.
INFO - 2024-04-28 02:10:37 --> Session: Class initialized using 'CodeIgniter\Session\Handlers\FileHandler' driver.
INFO - 2024-04-28 02:11:01 --> Session: Class initialized using 'CodeIgniter\Session\Handlers\FileHandler' driver.
INFO - 2024-04-28 02:11:03 --> Session: Class initialized using 'CodeIgniter\Session\Handlers\FileHandler' driver.
CRITICAL - 2024-04-28 02:13:06 --> ErrorException: Undefined variable $categoria
in APPPATH\Views\admin\productos\agregar_productos.php on line 22.
 1 APPPATH\Views\admin\productos\agregar_productos.php(22): CodeIgniter\Debug\Exceptions->errorHandler(2, 'Undefined variable $categoria', 'C:\\xampp\\htdocs\\Proyecto_Coronel_Juan\\app\\Views\\admin\\productos\\agregar_productos.php', 22)
 2 SYSTEMPATH\View\View.php(228): include('C:\\xampp\\htdocs\\Proyecto_Coronel_Juan\\app\\Views\\admin\\productos\\agregar_productos.php')
 3 SYSTEMPATH\View\View.php(231): CodeIgniter\View\View->CodeIgniter\View\{closure}()
 4 SYSTEMPATH\Common.php(1178): CodeIgniter\View\View->render('admin/productos/agregar_productos', [], true)
 5 APPPATH\Controllers\BaseController.php(81): view('admin/productos/agregar_productos', [...])
 6 APPPATH\Controllers\Productos.php(50): App\Controllers\BaseController->cargarVistaAdmin('productos/agregar_productos', [...])
 7 SYSTEMPATH\CodeIgniter.php(943): App\Controllers\Productos->agregarProducto()
 8 SYSTEMPATH\CodeIgniter.php(503): CodeIgniter\CodeIgniter->runController(Object(App\Controllers\Productos))
 9 SYSTEMPATH\CodeIgniter.php(361): CodeIgniter\CodeIgniter->handleRequest(null, Object(Config\Cache), false)
10 FCPATH\index.php(79): CodeIgniter\CodeIgniter->run()
INFO - 2024-04-28 02:14:47 --> Session: Class initialized using 'CodeIgniter\Session\Handlers\FileHandler' driver.
INFO - 2024-04-28 02:15:38 --> Session: Class initialized using 'CodeIgniter\Session\Handlers\FileHandler' driver.
INFO - 2024-04-28 02:15:41 --> Session: Class initialized using 'CodeIgniter\Session\Handlers\FileHandler' driver.
INFO - 2024-04-28 02:18:19 --> Session: Class initialized using 'CodeIgniter\Session\Handlers\FileHandler' driver.
INFO - 2024-04-28 02:18:21 --> Session: Class initialized using 'CodeIgniter\Session\Handlers\FileHandler' driver.
INFO - 2024-04-28 02:18:36 --> Session: Class initialized using 'CodeIgniter\Session\Handlers\FileHandler' driver.
INFO - 2024-04-28 02:18:38 --> Session: Class initialized using 'CodeIgniter\Session\Handlers\FileHandler' driver.
INFO - 2024-04-28 02:18:46 --> Session: Class initialized using 'CodeIgniter\Session\Handlers\FileHandler' driver.
INFO - 2024-04-28 02:19:13 --> Session: Class initialized using 'CodeIgniter\Session\Handlers\FileHandler' driver.
INFO - 2024-04-28 02:19:19 --> Session: Class initialized using 'CodeIgniter\Session\Handlers\FileHandler' driver.
INFO - 2024-04-28 02:19:32 --> Session: Class initialized using 'CodeIgniter\Session\Handlers\FileHandler' driver.
INFO - 2024-04-28 02:19:35 --> Session: Class initialized using 'CodeIgniter\Session\Handlers\FileHandler' driver.
INFO - 2024-04-28 02:19:54 --> Session: Class initialized using 'CodeIgniter\Session\Handlers\FileHandler' driver.
CRITICAL - 2024-04-28 04:45:51 --> BadMethodCallException: Call to undefined method App\Models\UnidadesModel::obtenerUnidadsActivas
in SYSTEMPATH\Model.php on line 879.
 1 APPPATH\Controllers\UnidadesController.php(16): CodeIgniter\Model->__call('obtenerUnidadsActivas', [])
 2 SYSTEMPATH\CodeIgniter.php(943): App\Controllers\UnidadesController->index()
 3 SYSTEMPATH\CodeIgniter.php(503): CodeIgniter\CodeIgniter->runController(Object(App\Controllers\UnidadesController))
 4 SYSTEMPATH\CodeIgniter.php(361): CodeIgniter\CodeIgniter->handleRequest(null, Object(Config\Cache), false)
 5 FCPATH\index.php(79): CodeIgniter\CodeIgniter->run()
CRITICAL - 2024-04-28 04:46:39 --> Error: Object of class App\Controllers\UnidadesController could not be converted to string
in APPPATH\Controllers\UnidadesController.php on line 35.
 1 SYSTEMPATH\CodeIgniter.php(943): App\Controllers\UnidadesController->insertarUnidad()
 2 SYSTEMPATH\CodeIgniter.php(503): CodeIgniter\CodeIgniter->runController(Object(App\Controllers\UnidadesController))
 3 SYSTEMPATH\CodeIgniter.php(361): CodeIgniter\CodeIgniter->handleRequest(null, Object(Config\Cache), false)
 4 FCPATH\index.php(79): CodeIgniter\CodeIgniter->run()
CRITICAL - 2024-04-28 04:47:05 --> Error: Call to a member function first() on array
in APPPATH\Models\UnidadesModel.php on line 37.
 1 APPPATH\Controllers\UnidadesController.php(27): App\Models\UnidadesModel->obtenerUnidadesPorId('14')
 2 SYSTEMPATH\CodeIgniter.php(943): App\Controllers\UnidadesController->editarUnidad('14')
 3 SYSTEMPATH\CodeIgniter.php(503): CodeIgniter\CodeIgniter->runController(Object(App\Controllers\UnidadesController))
 4 SYSTEMPATH\CodeIgniter.php(361): CodeIgniter\CodeIgniter->handleRequest(null, Object(Config\Cache), false)
 5 FCPATH\index.php(79): CodeIgniter\CodeIgniter->run()
CRITICAL - 2024-04-28 05:53:39 --> Error: Call to undefined function mostrarErroresFormulario()
in APPPATH\Views\admin\productos\agregar_productos.php on line 10.
 1 SYSTEMPATH\View\View.php(228): include()
 2 SYSTEMPATH\View\View.php(231): CodeIgniter\View\View->CodeIgniter\View\{closure}()
 3 SYSTEMPATH\Common.php(1178): CodeIgniter\View\View->render('admin/productos/agregar_productos', [], true)
 4 APPPATH\Controllers\BaseController.php(81): view('admin/productos/agregar_productos', [...])
 5 APPPATH\Controllers\Productos.php(102): App\Controllers\BaseController->cargarVistaAdmin('productos/agregar_productos', [...])
 6 SYSTEMPATH\CodeIgniter.php(943): App\Controllers\Productos->insertarProducto()
 7 SYSTEMPATH\CodeIgniter.php(503): CodeIgniter\CodeIgniter->runController(Object(App\Controllers\Productos))
 8 SYSTEMPATH\CodeIgniter.php(361): CodeIgniter\CodeIgniter->handleRequest(null, Object(Config\Cache), false)
 9 FCPATH\index.php(79): CodeIgniter\CodeIgniter->run()
CRITICAL - 2024-04-28 05:54:16 --> ErrorException: Undefined variable $marcas
in APPPATH\Views\admin\productos\agregar_productos.php on line 16.
 1 APPPATH\Views\admin\productos\agregar_productos.php(16): CodeIgniter\Debug\Exceptions->errorHandler(2, 'Undefined variable $marcas', 'C:\\xampp\\htdocs\\Proyecto_Coronel_Juan\\app\\Views\\admin\\productos\\agregar_productos.php', 16)
 2 SYSTEMPATH\View\View.php(228): include('C:\\xampp\\htdocs\\Proyecto_Coronel_Juan\\app\\Views\\admin\\productos\\agregar_productos.php')
 3 SYSTEMPATH\View\View.php(231): CodeIgniter\View\View->CodeIgniter\View\{closure}()
 4 SYSTEMPATH\Common.php(1178): CodeIgniter\View\View->render('admin/productos/agregar_productos', [], true)
 5 APPPATH\Controllers\BaseController.php(81): view('admin/productos/agregar_productos', [...])
 6 APPPATH\Controllers\Productos.php(103): App\Controllers\BaseController->cargarVistaAdmin('productos/agregar_productos', [...])
 7 SYSTEMPATH\CodeIgniter.php(943): App\Controllers\Productos->insertarProducto()
 8 SYSTEMPATH\CodeIgniter.php(503): CodeIgniter\CodeIgniter->runController(Object(App\Controllers\Productos))
 9 SYSTEMPATH\CodeIgniter.php(361): CodeIgniter\CodeIgniter->handleRequest(null, Object(Config\Cache), false)
10 FCPATH\index.php(79): CodeIgniter\CodeIgniter->run()
CRITICAL - 2024-04-28 05:54:40 --> ErrorException: Undefined variable $marcas
in APPPATH\Views\admin\productos\agregar_productos.php on line 16.
 1 APPPATH\Views\admin\productos\agregar_productos.php(16): CodeIgniter\Debug\Exceptions->errorHandler(2, 'Undefined variable $marcas', 'C:\\xampp\\htdocs\\Proyecto_Coronel_Juan\\app\\Views\\admin\\productos\\agregar_productos.php', 16)
 2 SYSTEMPATH\View\View.php(228): include('C:\\xampp\\htdocs\\Proyecto_Coronel_Juan\\app\\Views\\admin\\productos\\agregar_productos.php')
 3 SYSTEMPATH\View\View.php(231): CodeIgniter\View\View->CodeIgniter\View\{closure}()
 4 SYSTEMPATH\Common.php(1178): CodeIgniter\View\View->render('admin/productos/agregar_productos', [], true)
 5 APPPATH\Controllers\BaseController.php(81): view('admin/productos/agregar_productos', [...])
 6 APPPATH\Controllers\Productos.php(103): App\Controllers\BaseController->cargarVistaAdmin('productos/agregar_productos', [...])
 7 SYSTEMPATH\CodeIgniter.php(943): App\Controllers\Productos->insertarProducto()
 8 SYSTEMPATH\CodeIgniter.php(503): CodeIgniter\CodeIgniter->runController(Object(App\Controllers\Productos))
 9 SYSTEMPATH\CodeIgniter.php(361): CodeIgniter\CodeIgniter->handleRequest(null, Object(Config\Cache), false)
10 FCPATH\index.php(79): CodeIgniter\CodeIgniter->run()
CRITICAL - 2024-04-28 05:55:54 --> ErrorException: Undefined variable $marcas
in APPPATH\Views\admin\productos\agregar_productos.php on line 16.
 1 APPPATH\Views\admin\productos\agregar_productos.php(16): CodeIgniter\Debug\Exceptions->errorHandler(2, 'Undefined variable $marcas', 'C:\\xampp\\htdocs\\Proyecto_Coronel_Juan\\app\\Views\\admin\\productos\\agregar_productos.php', 16)
 2 SYSTEMPATH\View\View.php(228): include('C:\\xampp\\htdocs\\Proyecto_Coronel_Juan\\app\\Views\\admin\\productos\\agregar_productos.php')
 3 SYSTEMPATH\View\View.php(231): CodeIgniter\View\View->CodeIgniter\View\{closure}()
 4 SYSTEMPATH\Common.php(1178): CodeIgniter\View\View->render('admin/productos/agregar_productos', [], true)
 5 APPPATH\Controllers\BaseController.php(81): view('admin/productos/agregar_productos', [...])
 6 APPPATH\Controllers\Productos.php(103): App\Controllers\BaseController->cargarVistaAdmin('productos/agregar_productos', [...])
 7 SYSTEMPATH\CodeIgniter.php(943): App\Controllers\Productos->insertarProducto()
 8 SYSTEMPATH\CodeIgniter.php(503): CodeIgniter\CodeIgniter->runController(Object(App\Controllers\Productos))
 9 SYSTEMPATH\CodeIgniter.php(361): CodeIgniter\CodeIgniter->handleRequest(null, Object(Config\Cache), false)
10 FCPATH\index.php(79): CodeIgniter\CodeIgniter->run()
CRITICAL - 2024-04-28 05:56:02 --> ErrorException: Undefined variable $marcas
in APPPATH\Views\admin\productos\agregar_productos.php on line 16.
 1 APPPATH\Views\admin\productos\agregar_productos.php(16): CodeIgniter\Debug\Exceptions->errorHandler(2, 'Undefined variable $marcas', 'C:\\xampp\\htdocs\\Proyecto_Coronel_Juan\\app\\Views\\admin\\productos\\agregar_productos.php', 16)
 2 SYSTEMPATH\View\View.php(228): include('C:\\xampp\\htdocs\\Proyecto_Coronel_Juan\\app\\Views\\admin\\productos\\agregar_productos.php')
 3 SYSTEMPATH\View\View.php(231): CodeIgniter\View\View->CodeIgniter\View\{closure}()
 4 SYSTEMPATH\Common.php(1178): CodeIgniter\View\View->render('admin/productos/agregar_productos', [], true)
 5 APPPATH\Controllers\BaseController.php(81): view('admin/productos/agregar_productos', [...])
 6 APPPATH\Controllers\Productos.php(103): App\Controllers\BaseController->cargarVistaAdmin('productos/agregar_productos', [...])
 7 SYSTEMPATH\CodeIgniter.php(943): App\Controllers\Productos->insertarProducto()
 8 SYSTEMPATH\CodeIgniter.php(503): CodeIgniter\CodeIgniter->runController(Object(App\Controllers\Productos))
 9 SYSTEMPATH\CodeIgniter.php(361): CodeIgniter\CodeIgniter->handleRequest(null, Object(Config\Cache), false)
10 FCPATH\index.php(79): CodeIgniter\CodeIgniter->run()
CRITICAL - 2024-04-28 05:56:21 --> ErrorException: Undefined variable $marcas
in APPPATH\Views\admin\productos\agregar_productos.php on line 16.
 1 APPPATH\Views\admin\productos\agregar_productos.php(16): CodeIgniter\Debug\Exceptions->errorHandler(2, 'Undefined variable $marcas', 'C:\\xampp\\htdocs\\Proyecto_Coronel_Juan\\app\\Views\\admin\\productos\\agregar_productos.php', 16)
 2 SYSTEMPATH\View\View.php(228): include('C:\\xampp\\htdocs\\Proyecto_Coronel_Juan\\app\\Views\\admin\\productos\\agregar_productos.php')
 3 SYSTEMPATH\View\View.php(231): CodeIgniter\View\View->CodeIgniter\View\{closure}()
 4 SYSTEMPATH\Common.php(1178): CodeIgniter\View\View->render('admin/productos/agregar_productos', [], true)
 5 APPPATH\Controllers\BaseController.php(81): view('admin/productos/agregar_productos', [...])
 6 APPPATH\Controllers\Productos.php(103): App\Controllers\BaseController->cargarVistaAdmin('productos/agregar_productos', [...])
 7 SYSTEMPATH\CodeIgniter.php(943): App\Controllers\Productos->insertarProducto()
 8 SYSTEMPATH\CodeIgniter.php(503): CodeIgniter\CodeIgniter->runController(Object(App\Controllers\Productos))
 9 SYSTEMPATH\CodeIgniter.php(361): CodeIgniter\CodeIgniter->handleRequest(null, Object(Config\Cache), false)
10 FCPATH\index.php(79): CodeIgniter\CodeIgniter->run()
CRITICAL - 2024-04-28 06:00:04 --> ErrorException: Undefined variable $marcas
in APPPATH\Views\admin\productos\agregar_productos.php on line 16.
 1 APPPATH\Views\admin\productos\agregar_productos.php(16): CodeIgniter\Debug\Exceptions->errorHandler(2, 'Undefined variable $marcas', 'C:\\xampp\\htdocs\\Proyecto_Coronel_Juan\\app\\Views\\admin\\productos\\agregar_productos.php', 16)
 2 SYSTEMPATH\View\View.php(228): include('C:\\xampp\\htdocs\\Proyecto_Coronel_Juan\\app\\Views\\admin\\productos\\agregar_productos.php')
 3 SYSTEMPATH\View\View.php(231): CodeIgniter\View\View->CodeIgniter\View\{closure}()
 4 SYSTEMPATH\Common.php(1178): CodeIgniter\View\View->render('admin/productos/agregar_productos', [], true)
 5 APPPATH\Controllers\BaseController.php(81): view('admin/productos/agregar_productos', [...])
 6 APPPATH\Controllers\Productos.php(103): App\Controllers\BaseController->cargarVistaAdmin('productos/agregar_productos', [...])
 7 SYSTEMPATH\CodeIgniter.php(943): App\Controllers\Productos->insertarProducto()
 8 SYSTEMPATH\CodeIgniter.php(503): CodeIgniter\CodeIgniter->runController(Object(App\Controllers\Productos))
 9 SYSTEMPATH\CodeIgniter.php(361): CodeIgniter\CodeIgniter->handleRequest(null, Object(Config\Cache), false)
10 FCPATH\index.php(79): CodeIgniter\CodeIgniter->run()
CRITICAL - 2024-04-28 06:02:11 --> ErrorException: Undefined variable $marcas
in APPPATH\Views\admin\productos\agregar_productos.php on line 16.
 1 APPPATH\Views\admin\productos\agregar_productos.php(16): CodeIgniter\Debug\Exceptions->errorHandler(2, 'Undefined variable $marcas', 'C:\\xampp\\htdocs\\Proyecto_Coronel_Juan\\app\\Views\\admin\\productos\\agregar_productos.php', 16)
 2 SYSTEMPATH\View\View.php(228): include('C:\\xampp\\htdocs\\Proyecto_Coronel_Juan\\app\\Views\\admin\\productos\\agregar_productos.php')
 3 SYSTEMPATH\View\View.php(231): CodeIgniter\View\View->CodeIgniter\View\{closure}()
 4 SYSTEMPATH\Common.php(1178): CodeIgniter\View\View->render('admin/productos/agregar_productos', [], true)
 5 APPPATH\Controllers\BaseController.php(81): view('admin/productos/agregar_productos', [...])
 6 APPPATH\Controllers\Productos.php(104): App\Controllers\BaseController->cargarVistaAdmin('productos/agregar_productos', [...])
 7 SYSTEMPATH\CodeIgniter.php(943): App\Controllers\Productos->insertarProducto()
 8 SYSTEMPATH\CodeIgniter.php(503): CodeIgniter\CodeIgniter->runController(Object(App\Controllers\Productos))
 9 SYSTEMPATH\CodeIgniter.php(361): CodeIgniter\CodeIgniter->handleRequest(null, Object(Config\Cache), false)
10 FCPATH\index.php(79): CodeIgniter\CodeIgniter->run()
CRITICAL - 2024-04-28 06:03:06 --> ErrorException: Undefined variable $marcas
in APPPATH\Views\admin\productos\agregar_productos.php on line 16.
 1 APPPATH\Views\admin\productos\agregar_productos.php(16): CodeIgniter\Debug\Exceptions->errorHandler(2, 'Undefined variable $marcas', 'C:\\xampp\\htdocs\\Proyecto_Coronel_Juan\\app\\Views\\admin\\productos\\agregar_productos.php', 16)
 2 SYSTEMPATH\View\View.php(228): include('C:\\xampp\\htdocs\\Proyecto_Coronel_Juan\\app\\Views\\admin\\productos\\agregar_productos.php')
 3 SYSTEMPATH\View\View.php(231): CodeIgniter\View\View->CodeIgniter\View\{closure}()
 4 SYSTEMPATH\Common.php(1178): CodeIgniter\View\View->render('admin/productos/agregar_productos', [], true)
 5 APPPATH\Controllers\BaseController.php(81): view('admin/productos/agregar_productos', [...])
 6 APPPATH\Controllers\Productos.php(104): App\Controllers\BaseController->cargarVistaAdmin('productos/agregar_productos', [...])
 7 SYSTEMPATH\CodeIgniter.php(943): App\Controllers\Productos->insertarProducto()
 8 SYSTEMPATH\CodeIgniter.php(503): CodeIgniter\CodeIgniter->runController(Object(App\Controllers\Productos))
 9 SYSTEMPATH\CodeIgniter.php(361): CodeIgniter\CodeIgniter->handleRequest(null, Object(Config\Cache), false)
10 FCPATH\index.php(79): CodeIgniter\CodeIgniter->run()
ERROR - 2024-04-28 06:08:41 --> mysqli_sql_exception: Cannot add or update a child row: a foreign key constraint fails (`juanchos_lab`.`productos`, CONSTRAINT `fk_producto_unidad` FOREIGN KEY (`id_unidad`) REFERENCES `unidades` (`id`)) in C:\xampp\htdocs\Proyecto_Coronel_Juan\system\Database\MySQLi\Connection.php:306
Stack trace:
#0 C:\xampp\htdocs\Proyecto_Coronel_Juan\system\Database\MySQLi\Connection.php(306): mysqli->query('INSERT INTO `pr...', 0)
#1 C:\xampp\htdocs\Proyecto_Coronel_Juan\system\Database\BaseConnection.php(693): CodeIgniter\Database\MySQLi\Connection->execute('INSERT INTO `pr...')
#2 C:\xampp\htdocs\Proyecto_Coronel_Juan\system\Database\BaseConnection.php(607): CodeIgniter\Database\BaseConnection->simpleQuery('INSERT INTO `pr...')
#3 C:\xampp\htdocs\Proyecto_Coronel_Juan\system\Database\BaseBuilder.php(2307): CodeIgniter\Database\BaseConnection->query('INSERT INTO `pr...', Array, false)
#4 C:\xampp\htdocs\Proyecto_Coronel_Juan\system\Model.php(327): CodeIgniter\Database\BaseBuilder->insert()
#5 C:\xampp\htdocs\Proyecto_Coronel_Juan\system\BaseModel.php(802): CodeIgniter\Model->doInsert(Array)
#6 C:\xampp\htdocs\Proyecto_Coronel_Juan\system\Model.php(749): CodeIgniter\BaseModel->insert(Array, true)
#7 C:\xampp\htdocs\Proyecto_Coronel_Juan\app\Controllers\Productos.php(124): CodeIgniter\Model->insert(Array)
#8 C:\xampp\htdocs\Proyecto_Coronel_Juan\system\CodeIgniter.php(943): App\Controllers\Productos->insertarProducto()
#9 C:\xampp\htdocs\Proyecto_Coronel_Juan\system\CodeIgniter.php(503): CodeIgniter\CodeIgniter->runController(Object(App\Controllers\Productos))
#10 C:\xampp\htdocs\Proyecto_Coronel_Juan\system\CodeIgniter.php(361): CodeIgniter\CodeIgniter->handleRequest(NULL, Object(Config\Cache), false)
#11 C:\xampp\htdocs\Proyecto_Coronel_Juan\index.php(79): CodeIgniter\CodeIgniter->run()
#12 {main}
CRITICAL - 2024-04-28 06:08:41 --> CodeIgniter\Database\Exceptions\DatabaseException: Cannot add or update a child row: a foreign key constraint fails (`juanchos_lab`.`productos`, CONSTRAINT `fk_producto_unidad` FOREIGN KEY (`id_unidad`) REFERENCES `unidades` (`id`))
in SYSTEMPATH\Database\BaseConnection.php on line 647.
 1 SYSTEMPATH\Database\BaseBuilder.php(2307): CodeIgniter\Database\BaseConnection->query('INSERT INTO `productos` (`nombre`, `id_marca`, `id_categoria`, `precio_compra`, `precio_venta`, `contenido`, `id_unidad`, `fecha_alta`, `fecha_edit`) VALUES (:nombre:, :id_marca:, :id_categoria:, :precio_compra:, :precio_venta:, :contenido:, :id_unidad:, :fecha_alta:, :fecha_edit:)', [...], false)
 2 SYSTEMPATH\Model.php(327): CodeIgniter\Database\BaseBuilder->insert()
 3 SYSTEMPATH\BaseModel.php(802): CodeIgniter\Model->doInsert([...])
 4 SYSTEMPATH\Model.php(749): CodeIgniter\BaseModel->insert([...], true)
 5 APPPATH\Controllers\Productos.php(124): CodeIgniter\Model->insert([...])
 6 SYSTEMPATH\CodeIgniter.php(943): App\Controllers\Productos->insertarProducto()
 7 SYSTEMPATH\CodeIgniter.php(503): CodeIgniter\CodeIgniter->runController(Object(App\Controllers\Productos))
 8 SYSTEMPATH\CodeIgniter.php(361): CodeIgniter\CodeIgniter->handleRequest(null, Object(Config\Cache), false)
 9 FCPATH\index.php(79): CodeIgniter\CodeIgniter->run()
CRITICAL - 2024-04-28 06:08:41 --> [Caused by] CodeIgniter\Database\Exceptions\DatabaseException: Cannot add or update a child row: a foreign key constraint fails (`juanchos_lab`.`productos`, CONSTRAINT `fk_producto_unidad` FOREIGN KEY (`id_unidad`) REFERENCES `unidades` (`id`))
in SYSTEMPATH\Database\MySQLi\Connection.php on line 311.
 1 SYSTEMPATH\Database\BaseConnection.php(693): CodeIgniter\Database\MySQLi\Connection->execute('INSERT INTO `productos` (`nombre`, `id_marca`, `id_categoria`, `precio_compra`, `precio_venta`, `contenido`, `id_unidad`, `fecha_alta`, `fecha_edit`) VALUES (\'Proteina\', \'3\', \'4\', \'2000\', \'3000\', \'2\', \'Libraa\', \'2024-04-28 06:08:41\', \'2024-04-28 06:08:41\')')
 2 SYSTEMPATH\Database\BaseConnection.php(607): CodeIgniter\Database\BaseConnection->simpleQuery('INSERT INTO `productos` (`nombre`, `id_marca`, `id_categoria`, `precio_compra`, `precio_venta`, `contenido`, `id_unidad`, `fecha_alta`, `fecha_edit`) VALUES (\'Proteina\', \'3\', \'4\', \'2000\', \'3000\', \'2\', \'Libraa\', \'2024-04-28 06:08:41\', \'2024-04-28 06:08:41\')')
 3 SYSTEMPATH\Database\BaseBuilder.php(2307): CodeIgniter\Database\BaseConnection->query('INSERT INTO `productos` (`nombre`, `id_marca`, `id_categoria`, `precio_compra`, `precio_venta`, `contenido`, `id_unidad`, `fecha_alta`, `fecha_edit`) VALUES (:nombre:, :id_marca:, :id_categoria:, :precio_compra:, :precio_venta:, :contenido:, :id_unidad:, :fecha_alta:, :fecha_edit:)', [...], false)
 4 SYSTEMPATH\Model.php(327): CodeIgniter\Database\BaseBuilder->insert()
 5 SYSTEMPATH\BaseModel.php(802): CodeIgniter\Model->doInsert([...])
 6 SYSTEMPATH\Model.php(749): CodeIgniter\BaseModel->insert([...], true)
 7 APPPATH\Controllers\Productos.php(124): CodeIgniter\Model->insert([...])
 8 SYSTEMPATH\CodeIgniter.php(943): App\Controllers\Productos->insertarProducto()
 9 SYSTEMPATH\CodeIgniter.php(503): CodeIgniter\CodeIgniter->runController(Object(App\Controllers\Productos))
10 SYSTEMPATH\CodeIgniter.php(361): CodeIgniter\CodeIgniter->handleRequest(null, Object(Config\Cache), false)
11 FCPATH\index.php(79): CodeIgniter\CodeIgniter->run()
CRITICAL - 2024-04-28 06:08:41 --> [Caused by] mysqli_sql_exception: Cannot add or update a child row: a foreign key constraint fails (`juanchos_lab`.`productos`, CONSTRAINT `fk_producto_unidad` FOREIGN KEY (`id_unidad`) REFERENCES `unidades` (`id`))
in SYSTEMPATH\Database\MySQLi\Connection.php on line 306.
 1 SYSTEMPATH\Database\MySQLi\Connection.php(306): mysqli->query('INSERT INTO `productos` (`nombre`, `id_marca`, `id_categoria`, `precio_compra`, `precio_venta`, `contenido`, `id_unidad`, `fecha_alta`, `fecha_edit`) VALUES (\'Proteina\', \'3\', \'4\', \'2000\', \'3000\', \'2\', \'Libraa\', \'2024-04-28 06:08:41\', \'2024-04-28 06:08:41\')', 0)
 2 SYSTEMPATH\Database\BaseConnection.php(693): CodeIgniter\Database\MySQLi\Connection->execute('INSERT INTO `productos` (`nombre`, `id_marca`, `id_categoria`, `precio_compra`, `precio_venta`, `contenido`, `id_unidad`, `fecha_alta`, `fecha_edit`) VALUES (\'Proteina\', \'3\', \'4\', \'2000\', \'3000\', \'2\', \'Libraa\', \'2024-04-28 06:08:41\', \'2024-04-28 06:08:41\')')
 3 SYSTEMPATH\Database\BaseConnection.php(607): CodeIgniter\Database\BaseConnection->simpleQuery('INSERT INTO `productos` (`nombre`, `id_marca`, `id_categoria`, `precio_compra`, `precio_venta`, `contenido`, `id_unidad`, `fecha_alta`, `fecha_edit`) VALUES (\'Proteina\', \'3\', \'4\', \'2000\', \'3000\', \'2\', \'Libraa\', \'2024-04-28 06:08:41\', \'2024-04-28 06:08:41\')')
 4 SYSTEMPATH\Database\BaseBuilder.php(2307): CodeIgniter\Database\BaseConnection->query('INSERT INTO `productos` (`nombre`, `id_marca`, `id_categoria`, `precio_compra`, `precio_venta`, `contenido`, `id_unidad`, `fecha_alta`, `fecha_edit`) VALUES (:nombre:, :id_marca:, :id_categoria:, :precio_compra:, :precio_venta:, :contenido:, :id_unidad:, :fecha_alta:, :fecha_edit:)', [...], false)
 5 SYSTEMPATH\Model.php(327): CodeIgniter\Database\BaseBuilder->insert()
 6 SYSTEMPATH\BaseModel.php(802): CodeIgniter\Model->doInsert([...])
 7 SYSTEMPATH\Model.php(749): CodeIgniter\BaseModel->insert([...], true)
 8 APPPATH\Controllers\Productos.php(124): CodeIgniter\Model->insert([...])
 9 SYSTEMPATH\CodeIgniter.php(943): App\Controllers\Productos->insertarProducto()
10 SYSTEMPATH\CodeIgniter.php(503): CodeIgniter\CodeIgniter->runController(Object(App\Controllers\Productos))
11 SYSTEMPATH\CodeIgniter.php(361): CodeIgniter\CodeIgniter->handleRequest(null, Object(Config\Cache), false)
12 FCPATH\index.php(79): CodeIgniter\CodeIgniter->run()
CRITICAL - 2024-04-28 06:11:38 --> ErrorException: Undefined array key "ic"
in APPPATH\Views\admin\productos\agregar_productos.php on line 63.
 1 APPPATH\Views\admin\productos\agregar_productos.php(63): CodeIgniter\Debug\Exceptions->errorHandler(2, 'Undefined array key "ic"', 'C:\\xampp\\htdocs\\Proyecto_Coronel_Juan\\app\\Views\\admin\\productos\\agregar_productos.php', 63)
 2 SYSTEMPATH\View\View.php(228): include('C:\\xampp\\htdocs\\Proyecto_Coronel_Juan\\app\\Views\\admin\\productos\\agregar_productos.php')
 3 SYSTEMPATH\View\View.php(231): CodeIgniter\View\View->CodeIgniter\View\{closure}()
 4 SYSTEMPATH\Common.php(1178): CodeIgniter\View\View->render('admin/productos/agregar_productos', [], true)
 5 APPPATH\Controllers\BaseController.php(81): view('admin/productos/agregar_productos', [...])
 6 APPPATH\Controllers\Productos.php(51): App\Controllers\BaseController->cargarVistaAdmin('productos/agregar_productos', [...])
 7 SYSTEMPATH\CodeIgniter.php(943): App\Controllers\Productos->agregarProducto()
 8 SYSTEMPATH\CodeIgniter.php(503): CodeIgniter\CodeIgniter->runController(Object(App\Controllers\Productos))
 9 SYSTEMPATH\CodeIgniter.php(361): CodeIgniter\CodeIgniter->handleRequest(null, Object(Config\Cache), false)
10 FCPATH\index.php(79): CodeIgniter\CodeIgniter->run()
CRITICAL - 2024-04-28 06:12:08 --> ErrorException: Undefined variable $marcas
in APPPATH\Views\admin\productos\agregar_productos.php on line 16.
 1 APPPATH\Views\admin\productos\agregar_productos.php(16): CodeIgniter\Debug\Exceptions->errorHandler(2, 'Undefined variable $marcas', 'C:\\xampp\\htdocs\\Proyecto_Coronel_Juan\\app\\Views\\admin\\productos\\agregar_productos.php', 16)
 2 SYSTEMPATH\View\View.php(228): include('C:\\xampp\\htdocs\\Proyecto_Coronel_Juan\\app\\Views\\admin\\productos\\agregar_productos.php')
 3 SYSTEMPATH\View\View.php(231): CodeIgniter\View\View->CodeIgniter\View\{closure}()
 4 SYSTEMPATH\Common.php(1178): CodeIgniter\View\View->render('admin/productos/agregar_productos', [], true)
 5 APPPATH\Controllers\BaseController.php(81): view('admin/productos/agregar_productos', [...])
 6 APPPATH\Controllers\Productos.php(151): App\Controllers\BaseController->cargarVistaAdmin('productos/agregar_productos', [...])
 7 APPPATH\Controllers\Productos.php(125): App\Controllers\Productos->upload(2)
 8 SYSTEMPATH\CodeIgniter.php(943): App\Controllers\Productos->insertarProducto()
 9 SYSTEMPATH\CodeIgniter.php(503): CodeIgniter\CodeIgniter->runController(Object(App\Controllers\Productos))
10 SYSTEMPATH\CodeIgniter.php(361): CodeIgniter\CodeIgniter->handleRequest(null, Object(Config\Cache), false)
11 FCPATH\index.php(79): CodeIgniter\CodeIgniter->run()
CRITICAL - 2024-04-28 06:12:46 --> ErrorException: Undefined variable $marcas
in APPPATH\Views\admin\productos\agregar_productos.php on line 16.
 1 APPPATH\Views\admin\productos\agregar_productos.php(16): CodeIgniter\Debug\Exceptions->errorHandler(2, 'Undefined variable $marcas', 'C:\\xampp\\htdocs\\Proyecto_Coronel_Juan\\app\\Views\\admin\\productos\\agregar_productos.php', 16)
 2 SYSTEMPATH\View\View.php(228): include('C:\\xampp\\htdocs\\Proyecto_Coronel_Juan\\app\\Views\\admin\\productos\\agregar_productos.php')
 3 SYSTEMPATH\View\View.php(231): CodeIgniter\View\View->CodeIgniter\View\{closure}()
 4 SYSTEMPATH\Common.php(1178): CodeIgniter\View\View->render('admin/productos/agregar_productos', [], true)
 5 APPPATH\Controllers\BaseController.php(81): view('admin/productos/agregar_productos', [...])
 6 APPPATH\Controllers\Productos.php(151): App\Controllers\BaseController->cargarVistaAdmin('productos/agregar_productos', [...])
 7 APPPATH\Controllers\Productos.php(125): App\Controllers\Productos->upload(3)
 8 SYSTEMPATH\CodeIgniter.php(943): App\Controllers\Productos->insertarProducto()
 9 SYSTEMPATH\CodeIgniter.php(503): CodeIgniter\CodeIgniter->runController(Object(App\Controllers\Productos))
10 SYSTEMPATH\CodeIgniter.php(361): CodeIgniter\CodeIgniter->handleRequest(null, Object(Config\Cache), false)
11 FCPATH\index.php(79): CodeIgniter\CodeIgniter->run()
INFO - 2024-04-28 06:37:40 --> Session: Class initialized using 'CodeIgniter\Session\Handlers\FileHandler' driver.
INFO - 2024-04-28 06:37:42 --> Session: Class initialized using 'CodeIgniter\Session\Handlers\FileHandler' driver.
CRITICAL - 2024-04-28 06:37:42 --> ErrorException: Undefined variable $productos
in APPPATH\Views\front\productos.php on line 20.
 1 APPPATH\Views\front\productos.php(20): CodeIgniter\Debug\Exceptions->errorHandler(2, 'Undefined variable $productos', 'C:\\xampp\\htdocs\\Proyecto_Coronel_Juan\\app\\Views\\front\\productos.php', 20)
 2 SYSTEMPATH\View\View.php(228): include('C:\\xampp\\htdocs\\Proyecto_Coronel_Juan\\app\\Views\\front\\productos.php')
 3 SYSTEMPATH\View\View.php(231): CodeIgniter\View\View->CodeIgniter\View\{closure}()
 4 SYSTEMPATH\Common.php(1178): CodeIgniter\View\View->render('front/productos', [], true)
 5 APPPATH\Controllers\BaseController.php(68): view('front/productos', [...])
 6 APPPATH\Controllers\Productos.php(27): App\Controllers\BaseController->cargarVista('productos', [...])
 7 SYSTEMPATH\CodeIgniter.php(943): App\Controllers\Productos->index('todos-los-productos')
 8 SYSTEMPATH\CodeIgniter.php(503): CodeIgniter\CodeIgniter->runController(Object(App\Controllers\Productos))
 9 SYSTEMPATH\CodeIgniter.php(361): CodeIgniter\CodeIgniter->handleRequest(null, Object(Config\Cache), false)
10 FCPATH\index.php(79): CodeIgniter\CodeIgniter->run()
INFO - 2024-04-28 06:37:54 --> Session: Class initialized using 'CodeIgniter\Session\Handlers\FileHandler' driver.
CRITICAL - 2024-04-28 06:37:54 --> ErrorException: Undefined variable $productos
in APPPATH\Views\front\productos.php on line 20.
 1 APPPATH\Views\front\productos.php(20): CodeIgniter\Debug\Exceptions->errorHandler(2, 'Undefined variable $productos', 'C:\\xampp\\htdocs\\Proyecto_Coronel_Juan\\app\\Views\\front\\productos.php', 20)
 2 SYSTEMPATH\View\View.php(228): include('C:\\xampp\\htdocs\\Proyecto_Coronel_Juan\\app\\Views\\front\\productos.php')
 3 SYSTEMPATH\View\View.php(231): CodeIgniter\View\View->CodeIgniter\View\{closure}()
 4 SYSTEMPATH\Common.php(1178): CodeIgniter\View\View->render('front/productos', [], true)
 5 APPPATH\Controllers\BaseController.php(68): view('front/productos', [...])
 6 APPPATH\Controllers\Productos.php(27): App\Controllers\BaseController->cargarVista('productos', [...])
 7 SYSTEMPATH\CodeIgniter.php(943): App\Controllers\Productos->index('todos-los-productos')
 8 SYSTEMPATH\CodeIgniter.php(503): CodeIgniter\CodeIgniter->runController(Object(App\Controllers\Productos))
 9 SYSTEMPATH\CodeIgniter.php(361): CodeIgniter\CodeIgniter->handleRequest(null, Object(Config\Cache), false)
10 FCPATH\index.php(79): CodeIgniter\CodeIgniter->run()
INFO - 2024-04-28 06:37:55 --> Session: Class initialized using 'CodeIgniter\Session\Handlers\FileHandler' driver.
CRITICAL - 2024-04-28 06:37:55 --> ErrorException: Undefined variable $productos
in APPPATH\Views\front\productos.php on line 20.
 1 APPPATH\Views\front\productos.php(20): CodeIgniter\Debug\Exceptions->errorHandler(2, 'Undefined variable $productos', 'C:\\xampp\\htdocs\\Proyecto_Coronel_Juan\\app\\Views\\front\\productos.php', 20)
 2 SYSTEMPATH\View\View.php(228): include('C:\\xampp\\htdocs\\Proyecto_Coronel_Juan\\app\\Views\\front\\productos.php')
 3 SYSTEMPATH\View\View.php(231): CodeIgniter\View\View->CodeIgniter\View\{closure}()
 4 SYSTEMPATH\Common.php(1178): CodeIgniter\View\View->render('front/productos', [], true)
 5 APPPATH\Controllers\BaseController.php(68): view('front/productos', [...])
 6 APPPATH\Controllers\Productos.php(27): App\Controllers\BaseController->cargarVista('productos', [...])
 7 SYSTEMPATH\CodeIgniter.php(943): App\Controllers\Productos->index('todos-los-productos')
 8 SYSTEMPATH\CodeIgniter.php(503): CodeIgniter\CodeIgniter->runController(Object(App\Controllers\Productos))
 9 SYSTEMPATH\CodeIgniter.php(361): CodeIgniter\CodeIgniter->handleRequest(null, Object(Config\Cache), false)
10 FCPATH\index.php(79): CodeIgniter\CodeIgniter->run()
INFO - 2024-04-28 06:38:04 --> Session: Class initialized using 'CodeIgniter\Session\Handlers\FileHandler' driver.
INFO - 2024-04-28 06:38:04 --> Session: Class initialized using 'CodeIgniter\Session\Handlers\FileHandler' driver.
INFO - 2024-04-28 06:38:04 --> Session: Class initialized using 'CodeIgniter\Session\Handlers\FileHandler' driver.
INFO - 2024-04-28 06:38:46 --> Session: Class initialized using 'CodeIgniter\Session\Handlers\FileHandler' driver.
INFO - 2024-04-28 06:39:07 --> Session: Class initialized using 'CodeIgniter\Session\Handlers\FileHandler' driver.
INFO - 2024-04-28 06:39:38 --> Session: Class initialized using 'CodeIgniter\Session\Handlers\FileHandler' driver.
INFO - 2024-04-28 06:39:44 --> Session: Class initialized using 'CodeIgniter\Session\Handlers\FileHandler' driver.
INFO - 2024-04-28 15:35:01 --> Session: Class initialized using 'CodeIgniter\Session\Handlers\FileHandler' driver.
INFO - 2024-04-28 15:38:02 --> Session: Class initialized using 'CodeIgniter\Session\Handlers\FileHandler' driver.
CRITICAL - 2024-04-28 15:38:05 --> CodeIgniter\View\Exceptions\ViewException: Invalid file: "404.php"
in SYSTEMPATH\Exceptions\FrameworkException.php on line 39.
 1 SYSTEMPATH\View\View.php(216): CodeIgniter\Exceptions\FrameworkException::forInvalidFile('404.php')
 2 SYSTEMPATH\Common.php(1178): CodeIgniter\View\View->render('404', [], true)
 3 APPPATH\Config\Routes.php(9): view('404')
 4 SYSTEMPATH\CodeIgniter.php(963): CodeIgniter\Router\RouteCollection->{closure}('Can\'t find a route for \'get: registrar\'.')
 5 SYSTEMPATH\CodeIgniter.php(370): CodeIgniter\CodeIgniter->display404errors(Object(CodeIgniter\Exceptions\PageNotFoundException))
 6 FCPATH\index.php(79): CodeIgniter\CodeIgniter->run()
CRITICAL - 2024-04-28 15:42:36 --> ErrorException: Undefined variable $titulo
in APPPATH\Views\templates\header.php on line 8.
 1 APPPATH\Views\templates\header.php(8): CodeIgniter\Debug\Exceptions->errorHandler(2, 'Undefined variable $titulo', 'C:\\xampp\\htdocs\\Proyecto_Coronel_Juan\\app\\Views\\templates\\header.php', 8)
 2 SYSTEMPATH\View\View.php(228): include('C:\\xampp\\htdocs\\Proyecto_Coronel_Juan\\app\\Views\\templates\\header.php')
 3 SYSTEMPATH\View\View.php(231): CodeIgniter\View\View->CodeIgniter\View\{closure}()
 4 SYSTEMPATH\Common.php(1178): CodeIgniter\View\View->render('templates/header', [], true)
 5 APPPATH\Config\Routes.php(9): view('templates/header')
 6 SYSTEMPATH\CodeIgniter.php(963): CodeIgniter\Router\RouteCollection->{closure}('Can\'t find a route for \'get: registrar\'.')
 7 SYSTEMPATH\CodeIgniter.php(370): CodeIgniter\CodeIgniter->display404errors(Object(CodeIgniter\Exceptions\PageNotFoundException))
 8 FCPATH\index.php(79): CodeIgniter\CodeIgniter->run()
INFO - 2024-04-28 15:43:17 --> Session: Class initialized using 'CodeIgniter\Session\Handlers\FileHandler' driver.
INFO - 2024-04-28 15:43:28 --> Session: Class initialized using 'CodeIgniter\Session\Handlers\FileHandler' driver.
INFO - 2024-04-28 15:43:42 --> Session: Class initialized using 'CodeIgniter\Session\Handlers\FileHandler' driver.
INFO - 2024-04-28 15:43:57 --> Session: Class initialized using 'CodeIgniter\Session\Handlers\FileHandler' driver.
INFO - 2024-04-28 15:44:12 --> Session: Class initialized using 'CodeIgniter\Session\Handlers\FileHandler' driver.
INFO - 2024-04-28 15:44:24 --> Session: Class initialized using 'CodeIgniter\Session\Handlers\FileHandler' driver.
INFO - 2024-04-28 15:44:40 --> Session: Class initialized using 'CodeIgniter\Session\Handlers\FileHandler' driver.
INFO - 2024-04-28 15:45:08 --> Session: Class initialized using 'CodeIgniter\Session\Handlers\FileHandler' driver.
INFO - 2024-04-28 15:45:19 --> Session: Class initialized using 'CodeIgniter\Session\Handlers\FileHandler' driver.
INFO - 2024-04-28 15:45:36 --> Session: Class initialized using 'CodeIgniter\Session\Handlers\FileHandler' driver.
INFO - 2024-04-28 15:45:46 --> Session: Class initialized using 'CodeIgniter\Session\Handlers\FileHandler' driver.
INFO - 2024-04-28 15:46:01 --> Session: Class initialized using 'CodeIgniter\Session\Handlers\FileHandler' driver.
INFO - 2024-04-28 15:46:14 --> Session: Class initialized using 'CodeIgniter\Session\Handlers\FileHandler' driver.
INFO - 2024-04-28 15:46:42 --> Session: Class initialized using 'CodeIgniter\Session\Handlers\FileHandler' driver.
INFO - 2024-04-28 15:46:49 --> Session: Class initialized using 'CodeIgniter\Session\Handlers\FileHandler' driver.
INFO - 2024-04-28 15:47:04 --> Session: Class initialized using 'CodeIgniter\Session\Handlers\FileHandler' driver.
INFO - 2024-04-28 15:47:10 --> Session: Class initialized using 'CodeIgniter\Session\Handlers\FileHandler' driver.
INFO - 2024-04-28 15:47:14 --> Session: Class initialized using 'CodeIgniter\Session\Handlers\FileHandler' driver.
INFO - 2024-04-28 15:47:17 --> Session: Class initialized using 'CodeIgniter\Session\Handlers\FileHandler' driver.
INFO - 2024-04-28 15:47:23 --> Session: Class initialized using 'CodeIgniter\Session\Handlers\FileHandler' driver.
INFO - 2024-04-28 15:47:25 --> Session: Class initialized using 'CodeIgniter\Session\Handlers\FileHandler' driver.
INFO - 2024-04-28 15:47:28 --> Session: Class initialized using 'CodeIgniter\Session\Handlers\FileHandler' driver.
INFO - 2024-04-28 15:47:37 --> Session: Class initialized using 'CodeIgniter\Session\Handlers\FileHandler' driver.
INFO - 2024-04-28 15:47:42 --> Session: Class initialized using 'CodeIgniter\Session\Handlers\FileHandler' driver.
INFO - 2024-04-28 15:47:50 --> Session: Class initialized using 'CodeIgniter\Session\Handlers\FileHandler' driver.
INFO - 2024-04-28 15:47:55 --> Session: Class initialized using 'CodeIgniter\Session\Handlers\FileHandler' driver.
INFO - 2024-04-28 15:48:13 --> Session: Class initialized using 'CodeIgniter\Session\Handlers\FileHandler' driver.
INFO - 2024-04-28 15:48:16 --> Session: Class initialized using 'CodeIgniter\Session\Handlers\FileHandler' driver.
INFO - 2024-04-28 15:48:22 --> Session: Class initialized using 'CodeIgniter\Session\Handlers\FileHandler' driver.
INFO - 2024-04-28 15:48:30 --> Session: Class initialized using 'CodeIgniter\Session\Handlers\FileHandler' driver.
INFO - 2024-04-28 15:51:34 --> Session: Class initialized using 'CodeIgniter\Session\Handlers\FileHandler' driver.
INFO - 2024-04-28 15:51:50 --> Session: Class initialized using 'CodeIgniter\Session\Handlers\FileHandler' driver.
INFO - 2024-04-28 15:51:58 --> Session: Class initialized using 'CodeIgniter\Session\Handlers\FileHandler' driver.
INFO - 2024-04-28 15:52:11 --> Session: Class initialized using 'CodeIgniter\Session\Handlers\FileHandler' driver.
INFO - 2024-04-28 15:52:31 --> Session: Class initialized using 'CodeIgniter\Session\Handlers\FileHandler' driver.
INFO - 2024-04-28 15:53:14 --> Session: Class initialized using 'CodeIgniter\Session\Handlers\FileHandler' driver.
INFO - 2024-04-28 15:53:29 --> Session: Class initialized using 'CodeIgniter\Session\Handlers\FileHandler' driver.
INFO - 2024-04-28 15:53:49 --> Session: Class initialized using 'CodeIgniter\Session\Handlers\FileHandler' driver.
INFO - 2024-04-28 15:53:51 --> Session: Class initialized using 'CodeIgniter\Session\Handlers\FileHandler' driver.
INFO - 2024-04-28 15:54:01 --> Session: Class initialized using 'CodeIgniter\Session\Handlers\FileHandler' driver.
INFO - 2024-04-28 15:54:13 --> Session: Class initialized using 'CodeIgniter\Session\Handlers\FileHandler' driver.
INFO - 2024-04-28 15:54:20 --> Session: Class initialized using 'CodeIgniter\Session\Handlers\FileHandler' driver.
INFO - 2024-04-28 15:54:42 --> Session: Class initialized using 'CodeIgniter\Session\Handlers\FileHandler' driver.
INFO - 2024-04-28 15:55:33 --> Session: Class initialized using 'CodeIgniter\Session\Handlers\FileHandler' driver.
INFO - 2024-04-28 15:55:45 --> Session: Class initialized using 'CodeIgniter\Session\Handlers\FileHandler' driver.
INFO - 2024-04-28 15:55:53 --> Session: Class initialized using 'CodeIgniter\Session\Handlers\FileHandler' driver.
INFO - 2024-04-28 15:56:30 --> Session: Class initialized using 'CodeIgniter\Session\Handlers\FileHandler' driver.
INFO - 2024-04-28 15:56:31 --> Session: Class initialized using 'CodeIgniter\Session\Handlers\FileHandler' driver.
INFO - 2024-04-28 15:56:45 --> Session: Class initialized using 'CodeIgniter\Session\Handlers\FileHandler' driver.
INFO - 2024-04-28 15:57:17 --> Session: Class initialized using 'CodeIgniter\Session\Handlers\FileHandler' driver.
INFO - 2024-04-28 15:57:27 --> Session: Class initialized using 'CodeIgniter\Session\Handlers\FileHandler' driver.
INFO - 2024-04-28 15:58:05 --> Session: Class initialized using 'CodeIgniter\Session\Handlers\FileHandler' driver.
INFO - 2024-04-28 15:58:13 --> Session: Class initialized using 'CodeIgniter\Session\Handlers\FileHandler' driver.
INFO - 2024-04-28 15:58:48 --> Session: Class initialized using 'CodeIgniter\Session\Handlers\FileHandler' driver.
INFO - 2024-04-28 15:59:02 --> Session: Class initialized using 'CodeIgniter\Session\Handlers\FileHandler' driver.
INFO - 2024-04-28 15:59:43 --> Session: Class initialized using 'CodeIgniter\Session\Handlers\FileHandler' driver.
INFO - 2024-04-28 15:59:45 --> Session: Class initialized using 'CodeIgniter\Session\Handlers\FileHandler' driver.
INFO - 2024-04-28 16:00:45 --> Session: Class initialized using 'CodeIgniter\Session\Handlers\FileHandler' driver.
INFO - 2024-04-28 16:05:19 --> Session: Class initialized using 'CodeIgniter\Session\Handlers\FileHandler' driver.
INFO - 2024-04-28 16:54:55 --> Session: Class initialized using 'CodeIgniter\Session\Handlers\FileHandler' driver.
INFO - 2024-04-28 17:05:15 --> Session: Class initialized using 'CodeIgniter\Session\Handlers\FileHandler' driver.
CRITICAL - 2024-04-28 17:07:33 --> ErrorException: Undefined variable $data
in APPPATH\Controllers\Productos.php on line 131.
 1 APPPATH\Controllers\Productos.php(131): CodeIgniter\Debug\Exceptions->errorHandler(2, 'Undefined variable $data', 'C:\\xampp\\htdocs\\Proyecto_Coronel_Juan\\app\\Controllers\\Productos.php', 131)
 2 SYSTEMPATH\CodeIgniter.php(943): App\Controllers\Productos->insertarProducto()
 3 SYSTEMPATH\CodeIgniter.php(503): CodeIgniter\CodeIgniter->runController(Object(App\Controllers\Productos))
 4 SYSTEMPATH\CodeIgniter.php(361): CodeIgniter\CodeIgniter->handleRequest(null, Object(Config\Cache), false)
 5 FCPATH\index.php(79): CodeIgniter\CodeIgniter->run()
CRITICAL - 2024-04-28 17:08:14 --> ErrorException: Undefined variable $data
in APPPATH\Controllers\Productos.php on line 131.
 1 APPPATH\Controllers\Productos.php(131): CodeIgniter\Debug\Exceptions->errorHandler(2, 'Undefined variable $data', 'C:\\xampp\\htdocs\\Proyecto_Coronel_Juan\\app\\Controllers\\Productos.php', 131)
 2 SYSTEMPATH\CodeIgniter.php(943): App\Controllers\Productos->insertarProducto()
 3 SYSTEMPATH\CodeIgniter.php(503): CodeIgniter\CodeIgniter->runController(Object(App\Controllers\Productos))
 4 SYSTEMPATH\CodeIgniter.php(361): CodeIgniter\CodeIgniter->handleRequest(null, Object(Config\Cache), false)
 5 FCPATH\index.php(79): CodeIgniter\CodeIgniter->run()
INFO - 2024-04-28 17:10:59 --> Session: Class initialized using 'CodeIgniter\Session\Handlers\FileHandler' driver.
INFO - 2024-04-28 17:12:44 --> Session: Class initialized using 'CodeIgniter\Session\Handlers\FileHandler' driver.
INFO - 2024-04-28 17:13:34 --> Session: Class initialized using 'CodeIgniter\Session\Handlers\FileHandler' driver.
INFO - 2024-04-28 17:13:34 --> Session: Class initialized using 'CodeIgniter\Session\Handlers\FileHandler' driver.
INFO - 2024-04-28 17:13:54 --> Session: Class initialized using 'CodeIgniter\Session\Handlers\FileHandler' driver.
INFO - 2024-04-28 17:14:09 --> Session: Class initialized using 'CodeIgniter\Session\Handlers\FileHandler' driver.
INFO - 2024-04-28 17:14:09 --> Session: Class initialized using 'CodeIgniter\Session\Handlers\FileHandler' driver.
INFO - 2024-04-28 17:14:34 --> Session: Class initialized using 'CodeIgniter\Session\Handlers\FileHandler' driver.
INFO - 2024-04-28 17:17:35 --> Session: Class initialized using 'CodeIgniter\Session\Handlers\FileHandler' driver.
INFO - 2024-04-28 17:17:54 --> Session: Class initialized using 'CodeIgniter\Session\Handlers\FileHandler' driver.
INFO - 2024-04-28 17:18:30 --> Session: Class initialized using 'CodeIgniter\Session\Handlers\FileHandler' driver.
INFO - 2024-04-28 17:18:57 --> Session: Class initialized using 'CodeIgniter\Session\Handlers\FileHandler' driver.
INFO - 2024-04-28 17:19:06 --> Session: Class initialized using 'CodeIgniter\Session\Handlers\FileHandler' driver.
INFO - 2024-04-28 17:19:42 --> Session: Class initialized using 'CodeIgniter\Session\Handlers\FileHandler' driver.
INFO - 2024-04-28 17:19:55 --> Session: Class initialized using 'CodeIgniter\Session\Handlers\FileHandler' driver.
INFO - 2024-04-28 17:21:39 --> Session: Class initialized using 'CodeIgniter\Session\Handlers\FileHandler' driver.
INFO - 2024-04-28 17:22:09 --> Session: Class initialized using 'CodeIgniter\Session\Handlers\FileHandler' driver.
INFO - 2024-04-28 17:22:37 --> Session: Class initialized using 'CodeIgniter\Session\Handlers\FileHandler' driver.
INFO - 2024-04-28 17:22:46 --> Session: Class initialized using 'CodeIgniter\Session\Handlers\FileHandler' driver.
INFO - 2024-04-28 17:22:56 --> Session: Class initialized using 'CodeIgniter\Session\Handlers\FileHandler' driver.
INFO - 2024-04-28 17:23:08 --> Session: Class initialized using 'CodeIgniter\Session\Handlers\FileHandler' driver.
INFO - 2024-04-28 17:23:15 --> Session: Class initialized using 'CodeIgniter\Session\Handlers\FileHandler' driver.
INFO - 2024-04-28 17:23:19 --> Session: Class initialized using 'CodeIgniter\Session\Handlers\FileHandler' driver.
INFO - 2024-04-28 17:23:27 --> Session: Class initialized using 'CodeIgniter\Session\Handlers\FileHandler' driver.
INFO - 2024-04-28 17:23:36 --> Session: Class initialized using 'CodeIgniter\Session\Handlers\FileHandler' driver.
INFO - 2024-04-28 17:24:09 --> Session: Class initialized using 'CodeIgniter\Session\Handlers\FileHandler' driver.
INFO - 2024-04-28 17:24:17 --> Session: Class initialized using 'CodeIgniter\Session\Handlers\FileHandler' driver.
INFO - 2024-04-28 17:24:24 --> Session: Class initialized using 'CodeIgniter\Session\Handlers\FileHandler' driver.
INFO - 2024-04-28 17:25:33 --> Session: Class initialized using 'CodeIgniter\Session\Handlers\FileHandler' driver.
INFO - 2024-04-28 17:25:43 --> Session: Class initialized using 'CodeIgniter\Session\Handlers\FileHandler' driver.
INFO - 2024-04-28 17:25:48 --> Session: Class initialized using 'CodeIgniter\Session\Handlers\FileHandler' driver.
INFO - 2024-04-28 17:25:57 --> Session: Class initialized using 'CodeIgniter\Session\Handlers\FileHandler' driver.
INFO - 2024-04-28 17:26:01 --> Session: Class initialized using 'CodeIgniter\Session\Handlers\FileHandler' driver.
INFO - 2024-04-28 17:26:09 --> Session: Class initialized using 'CodeIgniter\Session\Handlers\FileHandler' driver.
INFO - 2024-04-28 17:26:16 --> Session: Class initialized using 'CodeIgniter\Session\Handlers\FileHandler' driver.
INFO - 2024-04-28 17:26:42 --> Session: Class initialized using 'CodeIgniter\Session\Handlers\FileHandler' driver.
INFO - 2024-04-28 17:26:53 --> Session: Class initialized using 'CodeIgniter\Session\Handlers\FileHandler' driver.
INFO - 2024-04-28 17:27:00 --> Session: Class initialized using 'CodeIgniter\Session\Handlers\FileHandler' driver.
INFO - 2024-04-28 17:27:16 --> Session: Class initialized using 'CodeIgniter\Session\Handlers\FileHandler' driver.
INFO - 2024-04-28 17:27:32 --> Session: Class initialized using 'CodeIgniter\Session\Handlers\FileHandler' driver.
INFO - 2024-04-28 17:28:12 --> Session: Class initialized using 'CodeIgniter\Session\Handlers\FileHandler' driver.
INFO - 2024-04-28 17:28:20 --> Session: Class initialized using 'CodeIgniter\Session\Handlers\FileHandler' driver.
INFO - 2024-04-28 17:28:23 --> Session: Class initialized using 'CodeIgniter\Session\Handlers\FileHandler' driver.
INFO - 2024-04-28 17:28:55 --> Session: Class initialized using 'CodeIgniter\Session\Handlers\FileHandler' driver.
INFO - 2024-04-28 17:29:15 --> Session: Class initialized using 'CodeIgniter\Session\Handlers\FileHandler' driver.
INFO - 2024-04-28 17:29:25 --> Session: Class initialized using 'CodeIgniter\Session\Handlers\FileHandler' driver.
INFO - 2024-04-28 17:29:35 --> Session: Class initialized using 'CodeIgniter\Session\Handlers\FileHandler' driver.
CRITICAL - 2024-04-28 17:34:54 --> Error: Call to a member function find() on array
in APPPATH\Views\admin\productos\listado_productos.php on line 31.
 1 SYSTEMPATH\View\View.php(228): include()
 2 SYSTEMPATH\View\View.php(231): CodeIgniter\View\View->CodeIgniter\View\{closure}()
 3 SYSTEMPATH\Common.php(1178): CodeIgniter\View\View->render('admin/productos/listado_productos', [], true)
 4 APPPATH\Controllers\BaseController.php(81): view('admin/productos/listado_productos', [...])
 5 APPPATH\Controllers\Productos.php(47): App\Controllers\BaseController->cargarVistaAdmin('productos/listado_productos', [...])
 6 SYSTEMPATH\CodeIgniter.php(943): App\Controllers\Productos->listadoProductos()
 7 SYSTEMPATH\CodeIgniter.php(503): CodeIgniter\CodeIgniter->runController(Object(App\Controllers\Productos))
 8 SYSTEMPATH\CodeIgniter.php(361): CodeIgniter\CodeIgniter->handleRequest(null, Object(Config\Cache), false)
 9 FCPATH\index.php(79): CodeIgniter\CodeIgniter->run()
CRITICAL - 2024-04-28 17:35:37 --> ErrorException: Undefined array key "id_categoria"
in APPPATH\Views\admin\productos\listado_productos.php on line 31.
 1 APPPATH\Views\admin\productos\listado_productos.php(31): CodeIgniter\Debug\Exceptions->errorHandler(2, 'Undefined array key "id_categoria"', 'C:\\xampp\\htdocs\\Proyecto_Coronel_Juan\\app\\Views\\admin\\productos\\listado_productos.php', 31)
 2 SYSTEMPATH\View\View.php(228): include('C:\\xampp\\htdocs\\Proyecto_Coronel_Juan\\app\\Views\\admin\\productos\\listado_productos.php')
 3 SYSTEMPATH\View\View.php(231): CodeIgniter\View\View->CodeIgniter\View\{closure}()
 4 SYSTEMPATH\Common.php(1178): CodeIgniter\View\View->render('admin/productos/listado_productos', [], true)
 5 APPPATH\Controllers\BaseController.php(81): view('admin/productos/listado_productos', [...])
 6 APPPATH\Controllers\Productos.php(47): App\Controllers\BaseController->cargarVistaAdmin('productos/listado_productos', [...])
 7 SYSTEMPATH\CodeIgniter.php(943): App\Controllers\Productos->listadoProductos()
 8 SYSTEMPATH\CodeIgniter.php(503): CodeIgniter\CodeIgniter->runController(Object(App\Controllers\Productos))
 9 SYSTEMPATH\CodeIgniter.php(361): CodeIgniter\CodeIgniter->handleRequest(null, Object(Config\Cache), false)
10 FCPATH\index.php(79): CodeIgniter\CodeIgniter->run()
CRITICAL - 2024-04-28 17:36:19 --> ErrorException: Undefined array key 4
in APPPATH\Views\admin\productos\listado_productos.php on line 31.
 1 APPPATH\Views\admin\productos\listado_productos.php(31): CodeIgniter\Debug\Exceptions->errorHandler(2, 'Undefined array key 4', 'C:\\xampp\\htdocs\\Proyecto_Coronel_Juan\\app\\Views\\admin\\productos\\listado_productos.php', 31)
 2 SYSTEMPATH\View\View.php(228): include('C:\\xampp\\htdocs\\Proyecto_Coronel_Juan\\app\\Views\\admin\\productos\\listado_productos.php')
 3 SYSTEMPATH\View\View.php(231): CodeIgniter\View\View->CodeIgniter\View\{closure}()
 4 SYSTEMPATH\Common.php(1178): CodeIgniter\View\View->render('admin/productos/listado_productos', [], true)
 5 APPPATH\Controllers\BaseController.php(81): view('admin/productos/listado_productos', [...])
 6 APPPATH\Controllers\Productos.php(47): App\Controllers\BaseController->cargarVistaAdmin('productos/listado_productos', [...])
 7 SYSTEMPATH\CodeIgniter.php(943): App\Controllers\Productos->listadoProductos()
 8 SYSTEMPATH\CodeIgniter.php(503): CodeIgniter\CodeIgniter->runController(Object(App\Controllers\Productos))
 9 SYSTEMPATH\CodeIgniter.php(361): CodeIgniter\CodeIgniter->handleRequest(null, Object(Config\Cache), false)
10 FCPATH\index.php(79): CodeIgniter\CodeIgniter->run()
CRITICAL - 2024-04-28 17:36:51 --> ErrorException: Undefined array key 4
in APPPATH\Views\admin\productos\listado_productos.php on line 31.
 1 APPPATH\Views\admin\productos\listado_productos.php(31): CodeIgniter\Debug\Exceptions->errorHandler(2, 'Undefined array key 4', 'C:\\xampp\\htdocs\\Proyecto_Coronel_Juan\\app\\Views\\admin\\productos\\listado_productos.php', 31)
 2 SYSTEMPATH\View\View.php(228): include('C:\\xampp\\htdocs\\Proyecto_Coronel_Juan\\app\\Views\\admin\\productos\\listado_productos.php')
 3 SYSTEMPATH\View\View.php(231): CodeIgniter\View\View->CodeIgniter\View\{closure}()
 4 SYSTEMPATH\Common.php(1178): CodeIgniter\View\View->render('admin/productos/listado_productos', [], true)
 5 APPPATH\Controllers\BaseController.php(81): view('admin/productos/listado_productos', [...])
 6 APPPATH\Controllers\Productos.php(47): App\Controllers\BaseController->cargarVistaAdmin('productos/listado_productos', [...])
 7 SYSTEMPATH\CodeIgniter.php(943): App\Controllers\Productos->listadoProductos()
 8 SYSTEMPATH\CodeIgniter.php(503): CodeIgniter\CodeIgniter->runController(Object(App\Controllers\Productos))
 9 SYSTEMPATH\CodeIgniter.php(361): CodeIgniter\CodeIgniter->handleRequest(null, Object(Config\Cache), false)
10 FCPATH\index.php(79): CodeIgniter\CodeIgniter->run()
CRITICAL - 2024-04-28 18:05:22 --> ErrorException: Trying to access array offset on value of type null
in APPPATH\Views\admin\productos\listado_productos.php on line 26.
 1 APPPATH\Views\admin\productos\listado_productos.php(26): CodeIgniter\Debug\Exceptions->errorHandler(2, 'Trying to access array offset on value of type null', 'C:\\xampp\\htdocs\\Proyecto_Coronel_Juan\\app\\Views\\admin\\productos\\listado_productos.php', 26)
 2 SYSTEMPATH\View\View.php(228): include('C:\\xampp\\htdocs\\Proyecto_Coronel_Juan\\app\\Views\\admin\\productos\\listado_productos.php')
 3 SYSTEMPATH\View\View.php(231): CodeIgniter\View\View->CodeIgniter\View\{closure}()
 4 SYSTEMPATH\Common.php(1178): CodeIgniter\View\View->render('admin/productos/listado_productos', [], true)
 5 APPPATH\Controllers\BaseController.php(81): view('admin/productos/listado_productos', [...])
 6 APPPATH\Controllers\Productos.php(47): App\Controllers\BaseController->cargarVistaAdmin('productos/listado_productos', [...])
 7 SYSTEMPATH\CodeIgniter.php(943): App\Controllers\Productos->listadoProductos()
 8 SYSTEMPATH\CodeIgniter.php(503): CodeIgniter\CodeIgniter->runController(Object(App\Controllers\Productos))
 9 SYSTEMPATH\CodeIgniter.php(361): CodeIgniter\CodeIgniter->handleRequest(null, Object(Config\Cache), false)
10 FCPATH\index.php(79): CodeIgniter\CodeIgniter->run()
CRITICAL - 2024-04-28 18:10:54 --> ErrorException: Undefined variable $categorias
in APPPATH\Views\admin\productos\listado_productos.php on line 31.
 1 APPPATH\Views\admin\productos\listado_productos.php(31): CodeIgniter\Debug\Exceptions->errorHandler(2, 'Undefined variable $categorias', 'C:\\xampp\\htdocs\\Proyecto_Coronel_Juan\\app\\Views\\admin\\productos\\listado_productos.php', 31)
 2 SYSTEMPATH\View\View.php(228): include('C:\\xampp\\htdocs\\Proyecto_Coronel_Juan\\app\\Views\\admin\\productos\\listado_productos.php')
 3 SYSTEMPATH\View\View.php(231): CodeIgniter\View\View->CodeIgniter\View\{closure}()
 4 SYSTEMPATH\Common.php(1178): CodeIgniter\View\View->render('admin/productos/listado_productos', [], true)
 5 APPPATH\Controllers\BaseController.php(81): view('admin/productos/listado_productos', [...])
 6 APPPATH\Controllers\Productos.php(44): App\Controllers\BaseController->cargarVistaAdmin('productos/listado_productos', [...])
 7 SYSTEMPATH\CodeIgniter.php(943): App\Controllers\Productos->listadoProductos()
 8 SYSTEMPATH\CodeIgniter.php(503): CodeIgniter\CodeIgniter->runController(Object(App\Controllers\Productos))
 9 SYSTEMPATH\CodeIgniter.php(361): CodeIgniter\CodeIgniter->handleRequest(null, Object(Config\Cache), false)
10 FCPATH\index.php(79): CodeIgniter\CodeIgniter->run()
CRITICAL - 2024-04-28 18:11:14 --> ErrorException: Undefined array key "nombre_categoria"
in APPPATH\Views\admin\productos\listado_productos.php on line 31.
 1 APPPATH\Views\admin\productos\listado_productos.php(31): CodeIgniter\Debug\Exceptions->errorHandler(2, 'Undefined array key "nombre_categoria"', 'C:\\xampp\\htdocs\\Proyecto_Coronel_Juan\\app\\Views\\admin\\productos\\listado_productos.php', 31)
 2 SYSTEMPATH\View\View.php(228): include('C:\\xampp\\htdocs\\Proyecto_Coronel_Juan\\app\\Views\\admin\\productos\\listado_productos.php')
 3 SYSTEMPATH\View\View.php(231): CodeIgniter\View\View->CodeIgniter\View\{closure}()
 4 SYSTEMPATH\Common.php(1178): CodeIgniter\View\View->render('admin/productos/listado_productos', [], true)
 5 APPPATH\Controllers\BaseController.php(81): view('admin/productos/listado_productos', [...])
 6 APPPATH\Controllers\Productos.php(44): App\Controllers\BaseController->cargarVistaAdmin('productos/listado_productos', [...])
 7 SYSTEMPATH\CodeIgniter.php(943): App\Controllers\Productos->listadoProductos()
 8 SYSTEMPATH\CodeIgniter.php(503): CodeIgniter\CodeIgniter->runController(Object(App\Controllers\Productos))
 9 SYSTEMPATH\CodeIgniter.php(361): CodeIgniter\CodeIgniter->handleRequest(null, Object(Config\Cache), false)
10 FCPATH\index.php(79): CodeIgniter\CodeIgniter->run()
CRITICAL - 2024-04-28 18:13:46 --> ErrorException: Undefined array key "nombre_unidad"
in APPPATH\Views\admin\productos\listado_productos.php on line 34.
 1 APPPATH\Views\admin\productos\listado_productos.php(34): CodeIgniter\Debug\Exceptions->errorHandler(2, 'Undefined array key "nombre_unidad"', 'C:\\xampp\\htdocs\\Proyecto_Coronel_Juan\\app\\Views\\admin\\productos\\listado_productos.php', 34)
 2 SYSTEMPATH\View\View.php(228): include('C:\\xampp\\htdocs\\Proyecto_Coronel_Juan\\app\\Views\\admin\\productos\\listado_productos.php')
 3 SYSTEMPATH\View\View.php(231): CodeIgniter\View\View->CodeIgniter\View\{closure}()
 4 SYSTEMPATH\Common.php(1178): CodeIgniter\View\View->render('admin/productos/listado_productos', [], true)
 5 APPPATH\Controllers\BaseController.php(81): view('admin/productos/listado_productos', [...])
 6 APPPATH\Controllers\Productos.php(41): App\Controllers\BaseController->cargarVistaAdmin('productos/listado_productos', [...])
 7 SYSTEMPATH\CodeIgniter.php(943): App\Controllers\Productos->listadoProductos()
 8 SYSTEMPATH\CodeIgniter.php(503): CodeIgniter\CodeIgniter->runController(Object(App\Controllers\Productos))
 9 SYSTEMPATH\CodeIgniter.php(361): CodeIgniter\CodeIgniter->handleRequest(null, Object(Config\Cache), false)
10 FCPATH\index.php(79): CodeIgniter\CodeIgniter->run()
CRITICAL - 2024-04-28 18:27:39 --> Error: Call to undefined function mostrarErroresFormulario()
in APPPATH\Views\admin\unidades\agregar_unidad.php on line 10.
 1 SYSTEMPATH\View\View.php(228): include()
 2 SYSTEMPATH\View\View.php(231): CodeIgniter\View\View->CodeIgniter\View\{closure}()
 3 SYSTEMPATH\Common.php(1178): CodeIgniter\View\View->render('admin/unidades/agregar_unidad', [], true)
 4 APPPATH\Controllers\BaseController.php(81): view('admin/unidades/agregar_unidad', [...])
 5 APPPATH\Controllers\UnidadesController.php(48): App\Controllers\BaseController->cargarVistaAdmin('unidades/agregar_unidad', [...])
 6 SYSTEMPATH\CodeIgniter.php(943): App\Controllers\UnidadesController->insertarUnidad()
 7 SYSTEMPATH\CodeIgniter.php(503): CodeIgniter\CodeIgniter->runController(Object(App\Controllers\UnidadesController))
 8 SYSTEMPATH\CodeIgniter.php(361): CodeIgniter\CodeIgniter->handleRequest(null, Object(Config\Cache), false)
 9 FCPATH\index.php(79): CodeIgniter\CodeIgniter->run()
CRITICAL - 2024-04-28 18:27:54 --> Error: Call to undefined function mostrarErroresFormulario()
in APPPATH\Views\admin\unidades\agregar_unidad.php on line 10.
 1 SYSTEMPATH\View\View.php(228): include()
 2 SYSTEMPATH\View\View.php(231): CodeIgniter\View\View->CodeIgniter\View\{closure}()
 3 SYSTEMPATH\Common.php(1178): CodeIgniter\View\View->render('admin/unidades/agregar_unidad', [], true)
 4 APPPATH\Controllers\BaseController.php(81): view('admin/unidades/agregar_unidad', [...])
 5 APPPATH\Controllers\UnidadesController.php(48): App\Controllers\BaseController->cargarVistaAdmin('unidades/agregar_unidad', [...])
 6 SYSTEMPATH\CodeIgniter.php(943): App\Controllers\UnidadesController->insertarUnidad()
 7 SYSTEMPATH\CodeIgniter.php(503): CodeIgniter\CodeIgniter->runController(Object(App\Controllers\UnidadesController))
 8 SYSTEMPATH\CodeIgniter.php(361): CodeIgniter\CodeIgniter->handleRequest(null, Object(Config\Cache), false)
 9 FCPATH\index.php(79): CodeIgniter\CodeIgniter->run()
CRITICAL - 2024-04-28 18:28:20 --> ParseError: syntax error, unexpected token "}"
in APPPATH\Controllers\UnidadesController.php on line 14.
 1 SYSTEMPATH\Autoloader\Autoloader.php(290): CodeIgniter\Autoloader\Autoloader->includeFile('C:\\xampp\\htdocs\\Proyecto_Coronel_Juan\\app\\Controllers\\UnidadesController.php')
 2 SYSTEMPATH\Autoloader\Autoloader.php(266): CodeIgniter\Autoloader\Autoloader->loadInNamespace('App\\Controllers\\UnidadesController')
 3 [internal function]: CodeIgniter\Autoloader\Autoloader->loadClass('App\\Controllers\\UnidadesController')
 4 SYSTEMPATH\CodeIgniter.php(901): class_exists('\\App\\Controllers\\UnidadesController', true)
 5 SYSTEMPATH\CodeIgniter.php(490): CodeIgniter\CodeIgniter->startController()
 6 SYSTEMPATH\CodeIgniter.php(361): CodeIgniter\CodeIgniter->handleRequest(null, Object(Config\Cache), false)
 7 FCPATH\index.php(79): CodeIgniter\CodeIgniter->run()
CRITICAL - 2024-04-28 18:28:48 --> ErrorException: Undefined variable $unidad
in APPPATH\Views\admin\unidades\editar_unidad.php on line 6.
 1 APPPATH\Views\admin\unidades\editar_unidad.php(6): CodeIgniter\Debug\Exceptions->errorHandler(2, 'Undefined variable $unidad', 'C:\\xampp\\htdocs\\Proyecto_Coronel_Juan\\app\\Views\\admin\\unidades\\editar_unidad.php', 6)
 2 SYSTEMPATH\View\View.php(228): include('C:\\xampp\\htdocs\\Proyecto_Coronel_Juan\\app\\Views\\admin\\unidades\\editar_unidad.php')
 3 SYSTEMPATH\View\View.php(231): CodeIgniter\View\View->CodeIgniter\View\{closure}()
 4 SYSTEMPATH\Common.php(1178): CodeIgniter\View\View->render('admin/unidades/editar_unidad', [], true)
 5 APPPATH\Controllers\BaseController.php(81): view('admin/unidades/editar_unidad', [...])
 6 APPPATH\Controllers\UnidadesController.php(76): App\Controllers\BaseController->cargarVistaAdmin('unidades/editar_unidad', [...])
 7 SYSTEMPATH\CodeIgniter.php(943): App\Controllers\UnidadesController->actualizarUnidad()
 8 SYSTEMPATH\CodeIgniter.php(503): CodeIgniter\CodeIgniter->runController(Object(App\Controllers\UnidadesController))
 9 SYSTEMPATH\CodeIgniter.php(361): CodeIgniter\CodeIgniter->handleRequest(null, Object(Config\Cache), false)
10 FCPATH\index.php(79): CodeIgniter\CodeIgniter->run()
CRITICAL - 2024-04-28 18:29:12 --> ErrorException: Undefined variable $unidad
in APPPATH\Views\admin\unidades\editar_unidad.php on line 6.
 1 APPPATH\Views\admin\unidades\editar_unidad.php(6): CodeIgniter\Debug\Exceptions->errorHandler(2, 'Undefined variable $unidad', 'C:\\xampp\\htdocs\\Proyecto_Coronel_Juan\\app\\Views\\admin\\unidades\\editar_unidad.php', 6)
 2 SYSTEMPATH\View\View.php(228): include('C:\\xampp\\htdocs\\Proyecto_Coronel_Juan\\app\\Views\\admin\\unidades\\editar_unidad.php')
 3 SYSTEMPATH\View\View.php(231): CodeIgniter\View\View->CodeIgniter\View\{closure}()
 4 SYSTEMPATH\Common.php(1178): CodeIgniter\View\View->render('admin/unidades/editar_unidad', [], true)
 5 APPPATH\Controllers\BaseController.php(81): view('admin/unidades/editar_unidad', [...])
 6 APPPATH\Controllers\UnidadesController.php(76): App\Controllers\BaseController->cargarVistaAdmin('unidades/editar_unidad', [...])
 7 SYSTEMPATH\CodeIgniter.php(943): App\Controllers\UnidadesController->actualizarUnidad()
 8 SYSTEMPATH\CodeIgniter.php(503): CodeIgniter\CodeIgniter->runController(Object(App\Controllers\UnidadesController))
 9 SYSTEMPATH\CodeIgniter.php(361): CodeIgniter\CodeIgniter->handleRequest(null, Object(Config\Cache), false)
10 FCPATH\index.php(79): CodeIgniter\CodeIgniter->run()
CRITICAL - 2024-04-28 18:38:53 --> ErrorException: Undefined variable $unidad
in APPPATH\Views\admin\marcas\marcas.php on line 21.
 1 APPPATH\Views\admin\marcas\marcas.php(21): CodeIgniter\Debug\Exceptions->errorHandler(2, 'Undefined variable $unidad', 'C:\\xampp\\htdocs\\Proyecto_Coronel_Juan\\app\\Views\\admin\\marcas\\marcas.php', 21)
 2 SYSTEMPATH\View\View.php(228): include('C:\\xampp\\htdocs\\Proyecto_Coronel_Juan\\app\\Views\\admin\\marcas\\marcas.php')
 3 SYSTEMPATH\View\View.php(231): CodeIgniter\View\View->CodeIgniter\View\{closure}()
 4 SYSTEMPATH\Common.php(1178): CodeIgniter\View\View->render('admin/marcas/marcas', [], true)
 5 APPPATH\Controllers\BaseController.php(81): view('admin/marcas/marcas', [...])
 6 APPPATH\Controllers\MarcasController.php(19): App\Controllers\BaseController->cargarVistaAdmin('marcas/marcas', [...])
 7 SYSTEMPATH\CodeIgniter.php(943): App\Controllers\MarcasController->index()
 8 SYSTEMPATH\CodeIgniter.php(503): CodeIgniter\CodeIgniter->runController(Object(App\Controllers\MarcasController))
 9 SYSTEMPATH\CodeIgniter.php(361): CodeIgniter\CodeIgniter->handleRequest(null, Object(Config\Cache), false)
10 FCPATH\index.php(79): CodeIgniter\CodeIgniter->run()
INFO - 2024-04-28 18:52:03 --> Session: Class initialized using 'CodeIgniter\Session\Handlers\FileHandler' driver.
INFO - 2024-04-28 18:52:13 --> Session: Class initialized using 'CodeIgniter\Session\Handlers\FileHandler' driver.
INFO - 2024-04-28 18:52:28 --> Session: Class initialized using 'CodeIgniter\Session\Handlers\FileHandler' driver.
INFO - 2024-04-28 18:52:45 --> Session: Class initialized using 'CodeIgniter\Session\Handlers\FileHandler' driver.
ERROR - 2024-04-28 19:03:56 --> mysqli_sql_exception: You have an error in your SQL syntax; check the manual that corresponds to your MariaDB server version for the right syntax to use near '`, categorias.nombre) AS nombre_categoria, IF(marcas.nombre IS NULL OR marcas...' at line 1 in C:\xampp\htdocs\Proyecto_Coronel_Juan\system\Database\MySQLi\Connection.php:306
Stack trace:
#0 C:\xampp\htdocs\Proyecto_Coronel_Juan\system\Database\MySQLi\Connection.php(306): mysqli->query('SELECT `product...', 0)
#1 C:\xampp\htdocs\Proyecto_Coronel_Juan\system\Database\BaseConnection.php(693): CodeIgniter\Database\MySQLi\Connection->execute('SELECT `product...')
#2 C:\xampp\htdocs\Proyecto_Coronel_Juan\system\Database\BaseConnection.php(607): CodeIgniter\Database\BaseConnection->simpleQuery('SELECT `product...')
#3 C:\xampp\htdocs\Proyecto_Coronel_Juan\system\Database\BaseBuilder.php(1616): CodeIgniter\Database\BaseConnection->query('SELECT `product...', Array, false)
#4 C:\xampp\htdocs\Proyecto_Coronel_Juan\system\Model.php(243): CodeIgniter\Database\BaseBuilder->get()
#5 C:\xampp\htdocs\Proyecto_Coronel_Juan\system\BaseModel.php(638): CodeIgniter\Model->doFindAll(0, 0)
#6 C:\xampp\htdocs\Proyecto_Coronel_Juan\app\Controllers\Productos.php(36): CodeIgniter\BaseModel->findAll()
#7 C:\xampp\htdocs\Proyecto_Coronel_Juan\system\CodeIgniter.php(943): App\Controllers\Productos->listadoProductos()
#8 C:\xampp\htdocs\Proyecto_Coronel_Juan\system\CodeIgniter.php(503): CodeIgniter\CodeIgniter->runController(Object(App\Controllers\Productos))
#9 C:\xampp\htdocs\Proyecto_Coronel_Juan\system\CodeIgniter.php(361): CodeIgniter\CodeIgniter->handleRequest(NULL, Object(Config\Cache), false)
#10 C:\xampp\htdocs\Proyecto_Coronel_Juan\index.php(79): CodeIgniter\CodeIgniter->run()
#11 {main}
CRITICAL - 2024-04-28 19:03:56 --> CodeIgniter\Database\Exceptions\DatabaseException: You have an error in your SQL syntax; check the manual that corresponds to your MariaDB server version for the right syntax to use near '`, categorias.nombre) AS nombre_categoria, IF(marcas.nombre IS NULL OR marcas...' at line 1
in SYSTEMPATH\Database\BaseConnection.php on line 647.
 1 SYSTEMPATH\Database\BaseBuilder.php(1616): CodeIgniter\Database\BaseConnection->query('SELECT `productos`.*, IF(categorias.nombre IS NULL OR categorias.activo = 0, "No `posee"`, categorias.nombre) AS nombre_categoria, IF(marcas.nombre IS NULL OR marcas.activo = 0, "No `posee"`, marcas.nombre) AS nombre_marca
FROM `productos`
LEFT JOIN `categorias` ON `productos`.`id_categoria` = `categorias`.`id`
LEFT JOIN `marcas` ON `productos`.`id_marca` = `marcas`.`id`', [], false)
 2 SYSTEMPATH\Model.php(243): CodeIgniter\Database\BaseBuilder->get()
 3 SYSTEMPATH\BaseModel.php(638): CodeIgniter\Model->doFindAll(0, 0)
 4 APPPATH\Controllers\Productos.php(36): CodeIgniter\BaseModel->findAll()
 5 SYSTEMPATH\CodeIgniter.php(943): App\Controllers\Productos->listadoProductos()
 6 SYSTEMPATH\CodeIgniter.php(503): CodeIgniter\CodeIgniter->runController(Object(App\Controllers\Productos))
 7 SYSTEMPATH\CodeIgniter.php(361): CodeIgniter\CodeIgniter->handleRequest(null, Object(Config\Cache), false)
 8 FCPATH\index.php(79): CodeIgniter\CodeIgniter->run()
CRITICAL - 2024-04-28 19:03:56 --> [Caused by] CodeIgniter\Database\Exceptions\DatabaseException: You have an error in your SQL syntax; check the manual that corresponds to your MariaDB server version for the right syntax to use near '`, categorias.nombre) AS nombre_categoria, IF(marcas.nombre IS NULL OR marcas...' at line 1
in SYSTEMPATH\Database\MySQLi\Connection.php on line 311.
 1 SYSTEMPATH\Database\BaseConnection.php(693): CodeIgniter\Database\MySQLi\Connection->execute('SELECT `productos`.*, IF(categorias.nombre IS NULL OR categorias.activo = 0, "No `posee"`, categorias.nombre) AS nombre_categoria, IF(marcas.nombre IS NULL OR marcas.activo = 0, "No `posee"`, marcas.nombre) AS nombre_marca
FROM `productos`
LEFT JOIN `categorias` ON `productos`.`id_categoria` = `categorias`.`id`
LEFT JOIN `marcas` ON `productos`.`id_marca` = `marcas`.`id`')
 2 SYSTEMPATH\Database\BaseConnection.php(607): CodeIgniter\Database\BaseConnection->simpleQuery('SELECT `productos`.*, IF(categorias.nombre IS NULL OR categorias.activo = 0, "No `posee"`, categorias.nombre) AS nombre_categoria, IF(marcas.nombre IS NULL OR marcas.activo = 0, "No `posee"`, marcas.nombre) AS nombre_marca
FROM `productos`
LEFT JOIN `categorias` ON `productos`.`id_categoria` = `categorias`.`id`
LEFT JOIN `marcas` ON `productos`.`id_marca` = `marcas`.`id`')
 3 SYSTEMPATH\Database\BaseBuilder.php(1616): CodeIgniter\Database\BaseConnection->query('SELECT `productos`.*, IF(categorias.nombre IS NULL OR categorias.activo = 0, "No `posee"`, categorias.nombre) AS nombre_categoria, IF(marcas.nombre IS NULL OR marcas.activo = 0, "No `posee"`, marcas.nombre) AS nombre_marca
FROM `productos`
LEFT JOIN `categorias` ON `productos`.`id_categoria` = `categorias`.`id`
LEFT JOIN `marcas` ON `productos`.`id_marca` = `marcas`.`id`', [], false)
 4 SYSTEMPATH\Model.php(243): CodeIgniter\Database\BaseBuilder->get()
 5 SYSTEMPATH\BaseModel.php(638): CodeIgniter\Model->doFindAll(0, 0)
 6 APPPATH\Controllers\Productos.php(36): CodeIgniter\BaseModel->findAll()
 7 SYSTEMPATH\CodeIgniter.php(943): App\Controllers\Productos->listadoProductos()
 8 SYSTEMPATH\CodeIgniter.php(503): CodeIgniter\CodeIgniter->runController(Object(App\Controllers\Productos))
 9 SYSTEMPATH\CodeIgniter.php(361): CodeIgniter\CodeIgniter->handleRequest(null, Object(Config\Cache), false)
10 FCPATH\index.php(79): CodeIgniter\CodeIgniter->run()
CRITICAL - 2024-04-28 19:03:56 --> [Caused by] mysqli_sql_exception: You have an error in your SQL syntax; check the manual that corresponds to your MariaDB server version for the right syntax to use near '`, categorias.nombre) AS nombre_categoria, IF(marcas.nombre IS NULL OR marcas...' at line 1
in SYSTEMPATH\Database\MySQLi\Connection.php on line 306.
 1 SYSTEMPATH\Database\MySQLi\Connection.php(306): mysqli->query('SELECT `productos`.*, IF(categorias.nombre IS NULL OR categorias.activo = 0, "No `posee"`, categorias.nombre) AS nombre_categoria, IF(marcas.nombre IS NULL OR marcas.activo = 0, "No `posee"`, marcas.nombre) AS nombre_marca
FROM `productos`
LEFT JOIN `categorias` ON `productos`.`id_categoria` = `categorias`.`id`
LEFT JOIN `marcas` ON `productos`.`id_marca` = `marcas`.`id`', 0)
 2 SYSTEMPATH\Database\BaseConnection.php(693): CodeIgniter\Database\MySQLi\Connection->execute('SELECT `productos`.*, IF(categorias.nombre IS NULL OR categorias.activo = 0, "No `posee"`, categorias.nombre) AS nombre_categoria, IF(marcas.nombre IS NULL OR marcas.activo = 0, "No `posee"`, marcas.nombre) AS nombre_marca
FROM `productos`
LEFT JOIN `categorias` ON `productos`.`id_categoria` = `categorias`.`id`
LEFT JOIN `marcas` ON `productos`.`id_marca` = `marcas`.`id`')
 3 SYSTEMPATH\Database\BaseConnection.php(607): CodeIgniter\Database\BaseConnection->simpleQuery('SELECT `productos`.*, IF(categorias.nombre IS NULL OR categorias.activo = 0, "No `posee"`, categorias.nombre) AS nombre_categoria, IF(marcas.nombre IS NULL OR marcas.activo = 0, "No `posee"`, marcas.nombre) AS nombre_marca
FROM `productos`
LEFT JOIN `categorias` ON `productos`.`id_categoria` = `categorias`.`id`
LEFT JOIN `marcas` ON `productos`.`id_marca` = `marcas`.`id`')
 4 SYSTEMPATH\Database\BaseBuilder.php(1616): CodeIgniter\Database\BaseConnection->query('SELECT `productos`.*, IF(categorias.nombre IS NULL OR categorias.activo = 0, "No `posee"`, categorias.nombre) AS nombre_categoria, IF(marcas.nombre IS NULL OR marcas.activo = 0, "No `posee"`, marcas.nombre) AS nombre_marca
FROM `productos`
LEFT JOIN `categorias` ON `productos`.`id_categoria` = `categorias`.`id`
LEFT JOIN `marcas` ON `productos`.`id_marca` = `marcas`.`id`', [], false)
 5 SYSTEMPATH\Model.php(243): CodeIgniter\Database\BaseBuilder->get()
 6 SYSTEMPATH\BaseModel.php(638): CodeIgniter\Model->doFindAll(0, 0)
 7 APPPATH\Controllers\Productos.php(36): CodeIgniter\BaseModel->findAll()
 8 SYSTEMPATH\CodeIgniter.php(943): App\Controllers\Productos->listadoProductos()
 9 SYSTEMPATH\CodeIgniter.php(503): CodeIgniter\CodeIgniter->runController(Object(App\Controllers\Productos))
10 SYSTEMPATH\CodeIgniter.php(361): CodeIgniter\CodeIgniter->handleRequest(null, Object(Config\Cache), false)
11 FCPATH\index.php(79): CodeIgniter\CodeIgniter->run()
INFO - 2024-04-28 19:06:13 --> Session: Class initialized using 'CodeIgniter\Session\Handlers\FileHandler' driver.
INFO - 2024-04-28 19:06:55 --> Session: Class initialized using 'CodeIgniter\Session\Handlers\FileHandler' driver.
INFO - 2024-04-28 19:07:51 --> Session: Class initialized using 'CodeIgniter\Session\Handlers\FileHandler' driver.
CRITICAL - 2024-04-28 19:08:00 --> BadMethodCallException: Call to undefined method App\Models\ProductosModel::withJoined
in SYSTEMPATH\Model.php on line 879.
 1 APPPATH\Controllers\Productos.php(37): CodeIgniter\Model->__call('withJoined', [...])
 2 SYSTEMPATH\CodeIgniter.php(943): App\Controllers\Productos->listadoProductos()
 3 SYSTEMPATH\CodeIgniter.php(503): CodeIgniter\CodeIgniter->runController(Object(App\Controllers\Productos))
 4 SYSTEMPATH\CodeIgniter.php(361): CodeIgniter\CodeIgniter->handleRequest(null, Object(Config\Cache), false)
 5 FCPATH\index.php(79): CodeIgniter\CodeIgniter->run()
ERROR - 2024-04-28 19:10:50 --> mysqli_sql_exception: You have an error in your SQL syntax; check the manual that corresponds to your MariaDB server version for the right syntax to use near '`, IFNULL(categorias.nombre, "No posee")) AS nombre_categoria, IF(marcas.acti...' at line 1 in C:\xampp\htdocs\Proyecto_Coronel_Juan\system\Database\MySQLi\Connection.php:306
Stack trace:
#0 C:\xampp\htdocs\Proyecto_Coronel_Juan\system\Database\MySQLi\Connection.php(306): mysqli->query('SELECT `product...', 0)
#1 C:\xampp\htdocs\Proyecto_Coronel_Juan\system\Database\BaseConnection.php(693): CodeIgniter\Database\MySQLi\Connection->execute('SELECT `product...')
#2 C:\xampp\htdocs\Proyecto_Coronel_Juan\system\Database\BaseConnection.php(607): CodeIgniter\Database\BaseConnection->simpleQuery('SELECT `product...')
#3 C:\xampp\htdocs\Proyecto_Coronel_Juan\system\Database\BaseBuilder.php(1616): CodeIgniter\Database\BaseConnection->query('SELECT `product...', Array, false)
#4 C:\xampp\htdocs\Proyecto_Coronel_Juan\system\Model.php(243): CodeIgniter\Database\BaseBuilder->get()
#5 C:\xampp\htdocs\Proyecto_Coronel_Juan\system\BaseModel.php(638): CodeIgniter\Model->doFindAll(0, 0)
#6 C:\xampp\htdocs\Proyecto_Coronel_Juan\app\Controllers\Productos.php(42): CodeIgniter\BaseModel->findAll()
#7 C:\xampp\htdocs\Proyecto_Coronel_Juan\system\CodeIgniter.php(943): App\Controllers\Productos->listadoProductos()
#8 C:\xampp\htdocs\Proyecto_Coronel_Juan\system\CodeIgniter.php(503): CodeIgniter\CodeIgniter->runController(Object(App\Controllers\Productos))
#9 C:\xampp\htdocs\Proyecto_Coronel_Juan\system\CodeIgniter.php(361): CodeIgniter\CodeIgniter->handleRequest(NULL, Object(Config\Cache), false)
#10 C:\xampp\htdocs\Proyecto_Coronel_Juan\index.php(79): CodeIgniter\CodeIgniter->run()
#11 {main}
CRITICAL - 2024-04-28 19:10:50 --> CodeIgniter\Database\Exceptions\DatabaseException: You have an error in your SQL syntax; check the manual that corresponds to your MariaDB server version for the right syntax to use near '`, IFNULL(categorias.nombre, "No posee")) AS nombre_categoria, IF(marcas.acti...' at line 1
in SYSTEMPATH\Database\BaseConnection.php on line 647.
 1 SYSTEMPATH\Database\BaseBuilder.php(1616): CodeIgniter\Database\BaseConnection->query('SELECT `productos`.*, IF(categorias.activo = 0, "No `posee"`, IFNULL(categorias.nombre, "No posee")) AS nombre_categoria, IF(marcas.activo = 0, "No `posee"`, IFNULL(marcas.nombre, "No posee")) AS nombre_marca
FROM `productos`
LEFT JOIN `categorias` ON `productos`.`id_categoria` = `categorias`.`id`
LEFT JOIN `marcas` ON `productos`.`id_marca` = `marcas`.`id`', [], false)
 2 SYSTEMPATH\Model.php(243): CodeIgniter\Database\BaseBuilder->get()
 3 SYSTEMPATH\BaseModel.php(638): CodeIgniter\Model->doFindAll(0, 0)
 4 APPPATH\Controllers\Productos.php(42): CodeIgniter\BaseModel->findAll()
 5 SYSTEMPATH\CodeIgniter.php(943): App\Controllers\Productos->listadoProductos()
 6 SYSTEMPATH\CodeIgniter.php(503): CodeIgniter\CodeIgniter->runController(Object(App\Controllers\Productos))
 7 SYSTEMPATH\CodeIgniter.php(361): CodeIgniter\CodeIgniter->handleRequest(null, Object(Config\Cache), false)
 8 FCPATH\index.php(79): CodeIgniter\CodeIgniter->run()
CRITICAL - 2024-04-28 19:10:50 --> [Caused by] CodeIgniter\Database\Exceptions\DatabaseException: You have an error in your SQL syntax; check the manual that corresponds to your MariaDB server version for the right syntax to use near '`, IFNULL(categorias.nombre, "No posee")) AS nombre_categoria, IF(marcas.acti...' at line 1
in SYSTEMPATH\Database\MySQLi\Connection.php on line 311.
 1 SYSTEMPATH\Database\BaseConnection.php(693): CodeIgniter\Database\MySQLi\Connection->execute('SELECT `productos`.*, IF(categorias.activo = 0, "No `posee"`, IFNULL(categorias.nombre, "No posee")) AS nombre_categoria, IF(marcas.activo = 0, "No `posee"`, IFNULL(marcas.nombre, "No posee")) AS nombre_marca
FROM `productos`
LEFT JOIN `categorias` ON `productos`.`id_categoria` = `categorias`.`id`
LEFT JOIN `marcas` ON `productos`.`id_marca` = `marcas`.`id`')
 2 SYSTEMPATH\Database\BaseConnection.php(607): CodeIgniter\Database\BaseConnection->simpleQuery('SELECT `productos`.*, IF(categorias.activo = 0, "No `posee"`, IFNULL(categorias.nombre, "No posee")) AS nombre_categoria, IF(marcas.activo = 0, "No `posee"`, IFNULL(marcas.nombre, "No posee")) AS nombre_marca
FROM `productos`
LEFT JOIN `categorias` ON `productos`.`id_categoria` = `categorias`.`id`
LEFT JOIN `marcas` ON `productos`.`id_marca` = `marcas`.`id`')
 3 SYSTEMPATH\Database\BaseBuilder.php(1616): CodeIgniter\Database\BaseConnection->query('SELECT `productos`.*, IF(categorias.activo = 0, "No `posee"`, IFNULL(categorias.nombre, "No posee")) AS nombre_categoria, IF(marcas.activo = 0, "No `posee"`, IFNULL(marcas.nombre, "No posee")) AS nombre_marca
FROM `productos`
LEFT JOIN `categorias` ON `productos`.`id_categoria` = `categorias`.`id`
LEFT JOIN `marcas` ON `productos`.`id_marca` = `marcas`.`id`', [], false)
 4 SYSTEMPATH\Model.php(243): CodeIgniter\Database\BaseBuilder->get()
 5 SYSTEMPATH\BaseModel.php(638): CodeIgniter\Model->doFindAll(0, 0)
 6 APPPATH\Controllers\Productos.php(42): CodeIgniter\BaseModel->findAll()
 7 SYSTEMPATH\CodeIgniter.php(943): App\Controllers\Productos->listadoProductos()
 8 SYSTEMPATH\CodeIgniter.php(503): CodeIgniter\CodeIgniter->runController(Object(App\Controllers\Productos))
 9 SYSTEMPATH\CodeIgniter.php(361): CodeIgniter\CodeIgniter->handleRequest(null, Object(Config\Cache), false)
10 FCPATH\index.php(79): CodeIgniter\CodeIgniter->run()
CRITICAL - 2024-04-28 19:10:50 --> [Caused by] mysqli_sql_exception: You have an error in your SQL syntax; check the manual that corresponds to your MariaDB server version for the right syntax to use near '`, IFNULL(categorias.nombre, "No posee")) AS nombre_categoria, IF(marcas.acti...' at line 1
in SYSTEMPATH\Database\MySQLi\Connection.php on line 306.
 1 SYSTEMPATH\Database\MySQLi\Connection.php(306): mysqli->query('SELECT `productos`.*, IF(categorias.activo = 0, "No `posee"`, IFNULL(categorias.nombre, "No posee")) AS nombre_categoria, IF(marcas.activo = 0, "No `posee"`, IFNULL(marcas.nombre, "No posee")) AS nombre_marca
FROM `productos`
LEFT JOIN `categorias` ON `productos`.`id_categoria` = `categorias`.`id`
LEFT JOIN `marcas` ON `productos`.`id_marca` = `marcas`.`id`', 0)
 2 SYSTEMPATH\Database\BaseConnection.php(693): CodeIgniter\Database\MySQLi\Connection->execute('SELECT `productos`.*, IF(categorias.activo = 0, "No `posee"`, IFNULL(categorias.nombre, "No posee")) AS nombre_categoria, IF(marcas.activo = 0, "No `posee"`, IFNULL(marcas.nombre, "No posee")) AS nombre_marca
FROM `productos`
LEFT JOIN `categorias` ON `productos`.`id_categoria` = `categorias`.`id`
LEFT JOIN `marcas` ON `productos`.`id_marca` = `marcas`.`id`')
 3 SYSTEMPATH\Database\BaseConnection.php(607): CodeIgniter\Database\BaseConnection->simpleQuery('SELECT `productos`.*, IF(categorias.activo = 0, "No `posee"`, IFNULL(categorias.nombre, "No posee")) AS nombre_categoria, IF(marcas.activo = 0, "No `posee"`, IFNULL(marcas.nombre, "No posee")) AS nombre_marca
FROM `productos`
LEFT JOIN `categorias` ON `productos`.`id_categoria` = `categorias`.`id`
LEFT JOIN `marcas` ON `productos`.`id_marca` = `marcas`.`id`')
 4 SYSTEMPATH\Database\BaseBuilder.php(1616): CodeIgniter\Database\BaseConnection->query('SELECT `productos`.*, IF(categorias.activo = 0, "No `posee"`, IFNULL(categorias.nombre, "No posee")) AS nombre_categoria, IF(marcas.activo = 0, "No `posee"`, IFNULL(marcas.nombre, "No posee")) AS nombre_marca
FROM `productos`
LEFT JOIN `categorias` ON `productos`.`id_categoria` = `categorias`.`id`
LEFT JOIN `marcas` ON `productos`.`id_marca` = `marcas`.`id`', [], false)
 5 SYSTEMPATH\Model.php(243): CodeIgniter\Database\BaseBuilder->get()
 6 SYSTEMPATH\BaseModel.php(638): CodeIgniter\Model->doFindAll(0, 0)
 7 APPPATH\Controllers\Productos.php(42): CodeIgniter\BaseModel->findAll()
 8 SYSTEMPATH\CodeIgniter.php(943): App\Controllers\Productos->listadoProductos()
 9 SYSTEMPATH\CodeIgniter.php(503): CodeIgniter\CodeIgniter->runController(Object(App\Controllers\Productos))
10 SYSTEMPATH\CodeIgniter.php(361): CodeIgniter\CodeIgniter->handleRequest(null, Object(Config\Cache), false)
11 FCPATH\index.php(79): CodeIgniter\CodeIgniter->run()
CRITICAL - 2024-04-28 19:14:16 --> Error: Call to a member function select() on null
in APPPATH\Models\ProductosModel.php on line 59.
 1 APPPATH\Controllers\Productos.php(36): App\Models\ProductosModel->obtenerProductosConDetalles()
 2 SYSTEMPATH\CodeIgniter.php(943): App\Controllers\Productos->listadoProductos()
 3 SYSTEMPATH\CodeIgniter.php(503): CodeIgniter\CodeIgniter->runController(Object(App\Controllers\Productos))
 4 SYSTEMPATH\CodeIgniter.php(361): CodeIgniter\CodeIgniter->handleRequest(null, Object(Config\Cache), false)
 5 FCPATH\index.php(79): CodeIgniter\CodeIgniter->run()
