CRITICAL - 2024-04-09 01:10:32 --> ErrorException: unlink(C:\xampp\htdocs\proyecto\writable\debugbar/debugbar_1712624597.413294.json): No such file or directory
in SYSTEMPATH\Debug\Toolbar\Collectors\History.php on line 80.
 1 [internal function]: CodeIgniter\Debug\Exceptions->errorHandler(2, 'unlink(C:\\xampp\\htdocs\\proyecto\\writable\\debugbar/debugbar_1712624597.413294.json): No such file or directory', 'C:\\xampp\\htdocs\\proyecto\\system\\Debug\\Toolbar\\Collectors\\History.php', 80)
 2 SYSTEMPATH\Debug\Toolbar\Collectors\History.php(80): unlink('C:\\xampp\\htdocs\\proyecto\\writable\\debugbar/debugbar_1712624597.413294.json')
 3 SYSTEMPATH\Debug\Toolbar.php(496): CodeIgniter\Debug\Toolbar\Collectors\History->setFiles('1712625030.963540', 20)
 4 SYSTEMPATH\Debug\Toolbar.php(475): CodeIgniter\Debug\Toolbar->format([...], 'html')
 5 APPPATH\Config\Events.php(47): CodeIgniter\Debug\Toolbar->respond()
 6 SYSTEMPATH\Events\Events.php(154): CodeIgniter\Events\Events::Config\{closure}()
 7 SYSTEMPATH\CodeIgniter.php(442): CodeIgniter\Events\Events::trigger('pre_system')
 8 SYSTEMPATH\CodeIgniter.php(361): CodeIgniter\CodeIgniter->handleRequest(null, Object(Config\Cache), false)
 9 FCPATH\index.php(79): CodeIgniter\CodeIgniter->run()
CRITICAL - 2024-04-09 01:33:04 --> ParseError: syntax error, unexpected token "}", expecting "," or ";"
in APPPATH\Views\index.php on line 91.
 1 SYSTEMPATH\View\View.php(231): CodeIgniter\View\View->CodeIgniter\View\{closure}()
 2 SYSTEMPATH\Common.php(1178): CodeIgniter\View\View->render('index', [], true)
 3 APPPATH\Controllers\BaseController.php(60): view('index', [...])
 4 APPPATH\Controllers\Home.php(10): App\Controllers\BaseController->cargarVista('index', [...])
 5 SYSTEMPATH\CodeIgniter.php(943): App\Controllers\Home->index()
 6 SYSTEMPATH\CodeIgniter.php(503): CodeIgniter\CodeIgniter->runController(Object(App\Controllers\Home))
 7 SYSTEMPATH\CodeIgniter.php(361): CodeIgniter\CodeIgniter->handleRequest(null, Object(Config\Cache), false)
 8 FCPATH\index.php(79): CodeIgniter\CodeIgniter->run()
CRITICAL - 2024-04-09 01:43:33 --> ParseError: syntax error, unexpected token "<", expecting end of file
in APPPATH\Views\index.php on line 92.
 1 SYSTEMPATH\View\View.php(231): CodeIgniter\View\View->CodeIgniter\View\{closure}()
 2 SYSTEMPATH\Common.php(1178): CodeIgniter\View\View->render('index', [], true)
 3 APPPATH\Controllers\BaseController.php(60): view('index', [...])
 4 APPPATH\Controllers\Home.php(10): App\Controllers\BaseController->cargarVista('index', [...])
 5 SYSTEMPATH\CodeIgniter.php(943): App\Controllers\Home->index()
 6 SYSTEMPATH\CodeIgniter.php(503): CodeIgniter\CodeIgniter->runController(Object(App\Controllers\Home))
 7 SYSTEMPATH\CodeIgniter.php(361): CodeIgniter\CodeIgniter->handleRequest(null, Object(Config\Cache), false)
 8 FCPATH\index.php(79): CodeIgniter\CodeIgniter->run()
CRITICAL - 2024-04-09 01:43:58 --> ParseError: syntax error, unexpected token ">", expecting end of file
in APPPATH\Views\index.php on line 91.
 1 SYSTEMPATH\View\View.php(231): CodeIgniter\View\View->CodeIgniter\View\{closure}()
 2 SYSTEMPATH\Common.php(1178): CodeIgniter\View\View->render('index', [], true)
 3 APPPATH\Controllers\BaseController.php(60): view('index', [...])
 4 APPPATH\Controllers\Home.php(10): App\Controllers\BaseController->cargarVista('index', [...])
 5 SYSTEMPATH\CodeIgniter.php(943): App\Controllers\Home->index()
 6 SYSTEMPATH\CodeIgniter.php(503): CodeIgniter\CodeIgniter->runController(Object(App\Controllers\Home))
 7 SYSTEMPATH\CodeIgniter.php(361): CodeIgniter\CodeIgniter->handleRequest(null, Object(Config\Cache), false)
 8 FCPATH\index.php(79): CodeIgniter\CodeIgniter->run()
CRITICAL - 2024-04-09 02:50:00 --> ParseError: syntax error, unexpected variable "$directorio", expecting "," or ";"
in APPPATH\Views\productos.php on line 15.
 1 SYSTEMPATH\View\View.php(231): CodeIgniter\View\View->CodeIgniter\View\{closure}()
 2 SYSTEMPATH\Common.php(1178): CodeIgniter\View\View->render('productos', [], true)
 3 APPPATH\Controllers\BaseController.php(60): view('productos', [...])
 4 APPPATH\Controllers\Productos.php(10): App\Controllers\BaseController->cargarVista('productos', [...])
 5 SYSTEMPATH\CodeIgniter.php(943): App\Controllers\Productos->index('todos-los-productos')
 6 SYSTEMPATH\CodeIgniter.php(503): CodeIgniter\CodeIgniter->runController(Object(App\Controllers\Productos))
 7 SYSTEMPATH\CodeIgniter.php(361): CodeIgniter\CodeIgniter->handleRequest(null, Object(Config\Cache), false)
 8 FCPATH\index.php(79): CodeIgniter\CodeIgniter->run()
CRITICAL - 2024-04-09 16:55:01 --> ArgumentCountError: Too few arguments to function App\Controllers\Productos::index(), 0 passed in C:\xampp\htdocs\proyecto\system\CodeIgniter.php on line 943 and exactly 1 expected
in APPPATH\Controllers\Productos.php on line 7.
 1 SYSTEMPATH\CodeIgniter.php(943): App\Controllers\Productos->index()
 2 SYSTEMPATH\CodeIgniter.php(503): CodeIgniter\CodeIgniter->runController(Object(App\Controllers\Productos))
 3 SYSTEMPATH\CodeIgniter.php(361): CodeIgniter\CodeIgniter->handleRequest(null, Object(Config\Cache), false)
 4 FCPATH\index.php(79): CodeIgniter\CodeIgniter->run()
CRITICAL - 2024-04-09 16:55:14 --> ArgumentCountError: Too few arguments to function App\Controllers\Productos::index(), 0 passed in C:\xampp\htdocs\proyecto\system\CodeIgniter.php on line 943 and exactly 1 expected
in APPPATH\Controllers\Productos.php on line 7.
 1 SYSTEMPATH\CodeIgniter.php(943): App\Controllers\Productos->index()
 2 SYSTEMPATH\CodeIgniter.php(503): CodeIgniter\CodeIgniter->runController(Object(App\Controllers\Productos))
 3 SYSTEMPATH\CodeIgniter.php(361): CodeIgniter\CodeIgniter->handleRequest(null, Object(Config\Cache), false)
 4 FCPATH\index.php(79): CodeIgniter\CodeIgniter->run()
CRITICAL - 2024-04-09 20:49:55 --> CodeIgniter\View\Exceptions\ViewException: Invalid file: "detalles_producto.php"
in SYSTEMPATH\Exceptions\FrameworkException.php on line 39.
 1 SYSTEMPATH\View\View.php(216): CodeIgniter\Exceptions\FrameworkException::forInvalidFile('detalles_producto.php')
 2 SYSTEMPATH\Common.php(1178): CodeIgniter\View\View->render('detalles_producto', [], true)
 3 APPPATH\Controllers\BaseController.php(60): view('detalles_producto', [...])
 4 APPPATH\Controllers\Productos.php(14): App\Controllers\BaseController->cargarVista('detalles_producto', [...])
 5 SYSTEMPATH\CodeIgniter.php(943): App\Controllers\Productos->verProducto('proteina')
 6 SYSTEMPATH\CodeIgniter.php(503): CodeIgniter\CodeIgniter->runController(Object(App\Controllers\Productos))
 7 SYSTEMPATH\CodeIgniter.php(361): CodeIgniter\CodeIgniter->handleRequest(null, Object(Config\Cache), false)
 8 FCPATH\index.php(79): CodeIgniter\CodeIgniter->run()
CRITICAL - 2024-04-09 20:55:05 --> CodeIgniter\View\Exceptions\ViewException: Invalid file: "detalles_producto.php"
in SYSTEMPATH\Exceptions\FrameworkException.php on line 39.
 1 SYSTEMPATH\View\View.php(216): CodeIgniter\Exceptions\FrameworkException::forInvalidFile('detalles_producto.php')
 2 SYSTEMPATH\Common.php(1178): CodeIgniter\View\View->render('detalles_producto', [], true)
 3 APPPATH\Controllers\BaseController.php(60): view('detalles_producto', [...])
 4 APPPATH\Controllers\Productos.php(14): App\Controllers\BaseController->cargarVista('detalles_producto', [...])
 5 SYSTEMPATH\CodeIgniter.php(943): App\Controllers\Productos->verProducto('todos-los-productos', 'hola')
 6 SYSTEMPATH\CodeIgniter.php(503): CodeIgniter\CodeIgniter->runController(Object(App\Controllers\Productos))
 7 SYSTEMPATH\CodeIgniter.php(361): CodeIgniter\CodeIgniter->handleRequest(null, Object(Config\Cache), false)
 8 FCPATH\index.php(79): CodeIgniter\CodeIgniter->run()
CRITICAL - 2024-04-09 20:59:37 --> ParseError: syntax error, unexpected double-quoted string " alt="
in APPPATH\Views\detalles_productos.php on line 4.
 1 SYSTEMPATH\View\View.php(231): CodeIgniter\View\View->CodeIgniter\View\{closure}()
 2 SYSTEMPATH\Common.php(1178): CodeIgniter\View\View->render('detalles_productos', [], true)
 3 APPPATH\Controllers\BaseController.php(60): view('detalles_productos', [...])
 4 APPPATH\Controllers\Productos.php(14): App\Controllers\BaseController->cargarVista('detalles_productos', [...])
 5 SYSTEMPATH\CodeIgniter.php(943): App\Controllers\Productos->verProducto('todos-los-productos', 'protein')
 6 SYSTEMPATH\CodeIgniter.php(503): CodeIgniter\CodeIgniter->runController(Object(App\Controllers\Productos))
 7 SYSTEMPATH\CodeIgniter.php(361): CodeIgniter\CodeIgniter->handleRequest(null, Object(Config\Cache), false)
 8 FCPATH\index.php(79): CodeIgniter\CodeIgniter->run()
