CRITICAL - 2024-04-10 02:17:29 --> ErrorException: Undefined variable $data
in APPPATH\Views\templates\header.php on line 7.
 1 APPPATH\Views\templates\header.php(7): CodeIgniter\Debug\Exceptions->errorHandler(2, 'Undefined variable $data', 'C:\\xampp\\htdocs\\proyecto\\app\\Views\\templates\\header.php', 7)
 2 SYSTEMPATH\View\View.php(228): include('C:\\xampp\\htdocs\\proyecto\\app\\Views\\templates\\header.php')
 3 SYSTEMPATH\View\View.php(231): CodeIgniter\View\View->CodeIgniter\View\{closure}()
 4 SYSTEMPATH\Common.php(1178): CodeIgniter\View\View->render('templates/header', [], true)
 5 APPPATH\Controllers\BaseController.php(59): view('templates/header')
 6 APPPATH\Controllers\Productos.php(14): App\Controllers\BaseController->cargarVista('detalles_productos', [...])
 7 SYSTEMPATH\CodeIgniter.php(943): App\Controllers\Productos->verProducto('todos-los-productos', 'proteina')
 8 SYSTEMPATH\CodeIgniter.php(503): CodeIgniter\CodeIgniter->runController(Object(App\Controllers\Productos))
 9 SYSTEMPATH\CodeIgniter.php(361): CodeIgniter\CodeIgniter->handleRequest(null, Object(Config\Cache), false)
10 FCPATH\index.php(79): CodeIgniter\CodeIgniter->run()
CRITICAL - 2024-04-10 02:18:37 --> ErrorException: Undefined variable $producto
in APPPATH\Views\detalles_productos.php on line 19.
 1 APPPATH\Views\detalles_productos.php(19): CodeIgniter\Debug\Exceptions->errorHandler(2, 'Undefined variable $producto', 'C:\\xampp\\htdocs\\proyecto\\app\\Views\\detalles_productos.php', 19)
 2 SYSTEMPATH\View\View.php(228): include('C:\\xampp\\htdocs\\proyecto\\app\\Views\\detalles_productos.php')
 3 SYSTEMPATH\View\View.php(231): CodeIgniter\View\View->CodeIgniter\View\{closure}()
 4 SYSTEMPATH\Common.php(1178): CodeIgniter\View\View->render('detalles_productos', [], true)
 5 APPPATH\Controllers\BaseController.php(60): view('detalles_productos', [...])
 6 APPPATH\Controllers\Productos.php(14): App\Controllers\BaseController->cargarVista('detalles_productos', [...])
 7 SYSTEMPATH\CodeIgniter.php(943): App\Controllers\Productos->verProducto('todos-los-productos', 'proteina')
 8 SYSTEMPATH\CodeIgniter.php(503): CodeIgniter\CodeIgniter->runController(Object(App\Controllers\Productos))
 9 SYSTEMPATH\CodeIgniter.php(361): CodeIgniter\CodeIgniter->handleRequest(null, Object(Config\Cache), false)
10 FCPATH\index.php(79): CodeIgniter\CodeIgniter->run()
CRITICAL - 2024-04-10 02:18:38 --> ErrorException: Undefined variable $producto
in APPPATH\Views\detalles_productos.php on line 19.
 1 APPPATH\Views\detalles_productos.php(19): CodeIgniter\Debug\Exceptions->errorHandler(2, 'Undefined variable $producto', 'C:\\xampp\\htdocs\\proyecto\\app\\Views\\detalles_productos.php', 19)
 2 SYSTEMPATH\View\View.php(228): include('C:\\xampp\\htdocs\\proyecto\\app\\Views\\detalles_productos.php')
 3 SYSTEMPATH\View\View.php(231): CodeIgniter\View\View->CodeIgniter\View\{closure}()
 4 SYSTEMPATH\Common.php(1178): CodeIgniter\View\View->render('detalles_productos', [], true)
 5 APPPATH\Controllers\BaseController.php(60): view('detalles_productos', [...])
 6 APPPATH\Controllers\Productos.php(14): App\Controllers\BaseController->cargarVista('detalles_productos', [...])
 7 SYSTEMPATH\CodeIgniter.php(943): App\Controllers\Productos->verProducto('todos-los-productos', 'proteina')
 8 SYSTEMPATH\CodeIgniter.php(503): CodeIgniter\CodeIgniter->runController(Object(App\Controllers\Productos))
 9 SYSTEMPATH\CodeIgniter.php(361): CodeIgniter\CodeIgniter->handleRequest(null, Object(Config\Cache), false)
10 FCPATH\index.php(79): CodeIgniter\CodeIgniter->run()
CRITICAL - 2024-04-10 02:22:34 --> ParseError: syntax error, unexpected token "<", expecting end of file
in APPPATH\Views\detalles_productos.php on line 9.
 1 SYSTEMPATH\View\View.php(231): CodeIgniter\View\View->CodeIgniter\View\{closure}()
 2 SYSTEMPATH\Common.php(1178): CodeIgniter\View\View->render('detalles_productos', [], true)
 3 APPPATH\Controllers\BaseController.php(60): view('detalles_productos', [...])
 4 APPPATH\Controllers\Productos.php(15): App\Controllers\BaseController->cargarVista('detalles_productos', [...])
 5 SYSTEMPATH\CodeIgniter.php(943): App\Controllers\Productos->verProducto('proteina', 'whey-protein')
 6 SYSTEMPATH\CodeIgniter.php(503): CodeIgniter\CodeIgniter->runController(Object(App\Controllers\Productos))
 7 SYSTEMPATH\CodeIgniter.php(361): CodeIgniter\CodeIgniter->handleRequest(null, Object(Config\Cache), false)
 8 FCPATH\index.php(79): CodeIgniter\CodeIgniter->run()
CRITICAL - 2024-04-10 23:03:30 --> ErrorException: unlink(C:\xampp\htdocs\proyecto\writable\debugbar/debugbar_1712789523.484338.json): No such file or directory
in SYSTEMPATH\Debug\Toolbar\Collectors\History.php on line 80.
 1 [internal function]: CodeIgniter\Debug\Exceptions->errorHandler(2, 'unlink(C:\\xampp\\htdocs\\proyecto\\writable\\debugbar/debugbar_1712789523.484338.json): No such file or directory', 'C:\\xampp\\htdocs\\proyecto\\system\\Debug\\Toolbar\\Collectors\\History.php', 80)
 2 SYSTEMPATH\Debug\Toolbar\Collectors\History.php(80): unlink('C:\\xampp\\htdocs\\proyecto\\writable\\debugbar/debugbar_1712789523.484338.json')
 3 SYSTEMPATH\Debug\Toolbar.php(496): CodeIgniter\Debug\Toolbar\Collectors\History->setFiles('1712790209.431995', 20)
 4 SYSTEMPATH\Debug\Toolbar.php(475): CodeIgniter\Debug\Toolbar->format([...], 'html')
 5 APPPATH\Config\Events.php(47): CodeIgniter\Debug\Toolbar->respond()
 6 SYSTEMPATH\Events\Events.php(154): CodeIgniter\Events\Events::Config\{closure}()
 7 SYSTEMPATH\CodeIgniter.php(442): CodeIgniter\Events\Events::trigger('pre_system')
 8 SYSTEMPATH\CodeIgniter.php(361): CodeIgniter\CodeIgniter->handleRequest(null, Object(Config\Cache), false)
 9 FCPATH\index.php(79): CodeIgniter\CodeIgniter->run()
